d:\code\c++_code\桂林电子科技大学编译原理\project1\project1\debug\vc141.pdb
d:\code\c++_code\桂林电子科技大学编译原理\project1\project1\debug\vc141.idb
d:\code\c++_code\桂林电子科技大学编译原理\project1\project1\debug\syntactic.obj
d:\code\c++_code\桂林电子科技大学编译原理\project1\project1\debug\main.obj
d:\code\c++_code\桂林电子科技大学编译原理\project1\project1\debug\lexer.obj
d:\code\c++_code\桂林电子科技大学编译原理\project1\project1\debug\semantic.obj
d:\code\c++_code\桂林电子科技大学编译原理\project1\debug\project1.exe
d:\code\c++_code\桂林电子科技大学编译原理\project1\debug\project1.ilk
d:\code\c++_code\桂林电子科技大学编译原理\project1\debug\project1.pdb
c:\users\jy\desktop\project1\project1\debug\lexer.obj
c:\users\jy\desktop\project1\project1\debug\main.obj
c:\users\jy\desktop\project1\project1\debug\semantic.obj
c:\users\jy\desktop\project1\project1\debug\syntactic.obj
c:\users\jy\desktop\project1\project1\debug\vc141.idb
c:\users\jy\desktop\project1\project1\debug\vc141.pdb
c:\users\jy\desktop\project1\debug\project1.pdb
c:\users\jy\desktop\project1\debug\project1.exe
c:\users\jy\desktop\project1\debug\project1.ilk
c:\users\jy\desktop\project1\project1\debug\project1.tlog\cl.command.1.tlog
c:\users\jy\desktop\project1\project1\debug\project1.tlog\cl.read.1.tlog
c:\users\jy\desktop\project1\project1\debug\project1.tlog\cl.write.1.tlog
c:\users\jy\desktop\project1\project1\debug\project1.tlog\link.command.1.tlog
c:\users\jy\desktop\project1\project1\debug\project1.tlog\link.read.1.tlog
c:\users\jy\desktop\project1\project1\debug\project1.tlog\link.write.1.tlog
