Project Information                                          d:\finall\alu.rpt

MAX+plus II Compiler Report File
Version 10.0 9/14/2000
Compiled: 09/07/2020 20:53:39

Copyright (C) 1988-2000 Altera Corporation
Any megafunction design, and related net list (encrypted or decrypted),
support information, device programming or simulation file, and any other
associated documentation or information provided by Altera or a partner
under Altera's Megafunction Partnership Program may be used only to
program PLD devices (but not masked PLD devices) from Altera.  Any other
use of such megafunction design, net list, support information, device
programming or simulation file, or any other related documentation or
information is prohibited for any other purpose, including, but not
limited to modification, reverse engineering, de-compiling, or use with
any other silicon devices, unless such use is explicitly licensed under
a separate agreement with Altera or a megafunction partner.  Title to
the intellectual property, including patents, copyrights, trademarks,
trade secrets, or maskworks, embodied in any such megafunction design,
net list, support information, device programming or simulation file, or
any other related documentation or information provided by Altera or a
megafunction partner, remains with Altera, the megafunction partner, or
their respective licensors.  No other licenses, including any licenses
needed under any third party's intellectual property, are provided herein.



***** Project compilation was successful


ALU


** DEVICE SUMMARY **

Chip/                     Input Output Bidir  Memory  Memory  			 LCs
POF       Device          Pins  Pins   Pins   Bits % Utilized  LCs  % Utilized

alu       EP1K10TC100-1    19     11     0    0         0  %    182      31 %

User Pins:                 19     11     0  



Project Information                                          d:\finall\alu.rpt

** PROJECT TIMING MESSAGES **

Warning: Timing characteristics of device EP1K10TC100-1 are preliminary


Project Information                                          d:\finall\alu.rpt

** FILE HIERARCHY **



|lpm_add_sub:536|
|lpm_add_sub:536|addcore:adder|
|lpm_add_sub:536|altshift:result_ext_latency_ffs|
|lpm_add_sub:536|altshift:carry_ext_latency_ffs|
|lpm_add_sub:536|altshift:oflow_ext_latency_ffs|
|lpm_add_sub:760|
|lpm_add_sub:760|addcore:adder|
|lpm_add_sub:760|altshift:result_ext_latency_ffs|
|lpm_add_sub:760|altshift:carry_ext_latency_ffs|
|lpm_add_sub:760|altshift:oflow_ext_latency_ffs|
|lpm_add_sub:1040|
|lpm_add_sub:1040|addcore:adder|
|lpm_add_sub:1040|altshift:result_ext_latency_ffs|
|lpm_add_sub:1040|altshift:carry_ext_latency_ffs|
|lpm_add_sub:1040|altshift:oflow_ext_latency_ffs|
|lpm_add_sub:1309|
|lpm_add_sub:1309|addcore:adder|
|lpm_add_sub:1309|altshift:result_ext_latency_ffs|
|lpm_add_sub:1309|altshift:carry_ext_latency_ffs|
|lpm_add_sub:1309|altshift:oflow_ext_latency_ffs|
|lpm_add_sub:1576|
|lpm_add_sub:1576|addcore:adder|
|lpm_add_sub:1576|altshift:result_ext_latency_ffs|
|lpm_add_sub:1576|altshift:carry_ext_latency_ffs|
|lpm_add_sub:1576|altshift:oflow_ext_latency_ffs|
|lpm_add_sub:1845|
|lpm_add_sub:1845|addcore:adder|
|lpm_add_sub:1845|altshift:result_ext_latency_ffs|
|lpm_add_sub:1845|altshift:carry_ext_latency_ffs|
|lpm_add_sub:1845|altshift:oflow_ext_latency_ffs|


Device-Specific Information:                                 d:\finall\alu.rpt
alu

***** Logic for device 'alu' compiled without errors.




Device: EP1K10TC100-1

ACEX 1K Configuration Scheme: Passive Serial

Device Options:
    User-Supplied Start-Up Clock               = OFF
    Auto-Restart Configuration on Frame Error  = OFF
    Release Clears Before Tri-States           = OFF
    Enable Chip_Wide Reset                     = OFF
    Enable Chip-Wide Output Enable             = OFF
    Enable INIT_DONE Output                    = OFF
    JTAG User Code                             = 7f
    MultiVolt I/O                              = OFF
    Enable Lock Output                         = OFF

                                                                   
                                                                   
                    R   R     R           R     R   R R R R R R    
                    E   E     E           E     E   E E E E E E    
                    S   S     S V         S     S   S S S S S S ^  
                    E   E     E C         E     E V E E E E E E D  
                #   R   R     R C         R     R C R R R R R R A  
                T   V   V G   V I       G V     V C V V V V V V T  
                C X E Y E N X E N Y X Y N E X X E I E E E E E E A  
                K 6 D 4 D D 2 D T 5 5 1 D D 3 4 D O D D D D D D 0  
              ----------------------------------------------------_ 
             / 100  98  96  94  92  90  88  86  84  82  80  78  76   |_ 
            /     99  97  95  93  91  89  87  85  83  81  79  77    | 
^CONF_DONE |  1                                                    75 | ^DCLK 
     ^nCEO |  2                                                    74 | ^nCE 
      #TDO |  3                                                    73 | #TDI 
     VCCIO |  4                                                    72 | VCCINT 
        CF |  5                                                    71 | X1 
   ALUOUT2 |  6                                                    70 | RESERVED 
  RESERVED |  7                                                    69 | RESERVED 
   ALUOUT4 |  8                                                    68 | RESERVED 
   ALUOUT3 |  9                                                    67 | VCCIO 
   ALUOUT1 | 10                                                    66 | GND 
       GND | 11                                                    65 | S2 
    VCCINT | 12                                                    64 | S0 
   ALUOUT0 | 13                   EP1K10TC100-1                    63 | S1 
        SF | 14                                                    62 | ALUOUT6 
        ZF | 15                                                    61 | ALUOUT7 
   ALUOUT5 | 16                                                    60 | VCCINT 
     VCCIO | 17                                                    59 | GND 
       GND | 18                                                    58 | RESERVED 
  RESERVED | 19                                                    57 | RESERVED 
  RESERVED | 20                                                    56 | RESERVED 
  RESERVED | 21                                                    55 | RESERVED 
  RESERVED | 22                                                    54 | ^MSEL0 
  RESERVED | 23                                                    53 | ^MSEL1 
      #TMS | 24                                                    52 | VCCINT 
  ^nSTATUS | 25                                                    51 | ^nCONFIG 
           |      27  29  31  33  35  37  39  41  43  45  47  49  _| 
            \   26  28  30  32  34  36  38  40  42  44  46  48  50   | 
             \----------------------------------------------------- 
                R R R X Y R Y X R V G V Y Y Y G G R V R R R R R R  
                E E E 0 2 E 6 7 E C N C 0 3 7 N N E C E E E E E E  
                S S S     S     S C D C       D D S C S S S S S S  
                E E E     E     E I   _       _   E I E E E E E E  
                R R R     R     R N   C       C   R O R R R R R R  
                V V V     V     V T   K       K   V   V V V V V V  
                E E E     E     E     L       L   E   E E E E E E  
                D D D     D     D     K       K   D   D D D D D D  
                                                                   
                                                                   


N.C. = No Connect. This pin has no internal connection to the device.
VCCINT = Dedicated power pin, which MUST be connected to VCC (2.5 volts).
VCCIO = Dedicated power pin, which MUST be connected to VCC (2.5 volts).
GND = Dedicated ground pin or unused dedicated input, which MUST be connected to GND.
RESERVED = Unused I/O pin, which MUST be left unconnected.

^ = Dedicated configuration pin.
+ = Reserved configuration pin, which is tri-stated during user mode.
* = Reserved configuration pin, which drives out in user mode.
PDn = Power Down pin. 
@ = Special-purpose pin. 
# = JTAG Boundary-Scan Testing/In-System Programming or Configuration Pin. The JTAG inputs TMS and TDI should be tied to VCC and TCK should be tied to GND when not in use.
& = JTAG pin used for I/O. When used as user I/O, JTAG pins must be kept stable before and during configuration.  JTAG pin stability prevents accidental loading of JTAG instructions.
$ = Pin has PCI I/O option enabled. Pin is neither '5.0 V'- nor '3.3 V'-tolerant. 


Device-Specific Information:                                 d:\finall\alu.rpt
alu

** RESOURCE USAGE **

Logic                Column       Row                                   
Array                Interconnect Interconnect         Clears/     External  
Block   Logic Cells  Driven       Driven       Clocks  Presets   Interconnect
A13      8/ 8(100%)   1/ 8( 12%)   3/ 8( 37%)    0/2    0/2      10/22( 45%)   
A14      3/ 8( 37%)   1/ 8( 12%)   0/ 8(  0%)    0/2    0/2      10/22( 45%)   
A15      8/ 8(100%)   0/ 8(  0%)   4/ 8( 50%)    0/2    0/2      12/22( 54%)   
A16      8/ 8(100%)   0/ 8(  0%)   4/ 8( 50%)    0/2    0/2      12/22( 54%)   
A21      8/ 8(100%)   1/ 8( 12%)   2/ 8( 25%)    0/2    0/2      16/22( 72%)   
A24      1/ 8( 12%)   1/ 8( 12%)   0/ 8(  0%)    0/2    0/2       2/22(  9%)   
B1       8/ 8(100%)   1/ 8( 12%)   2/ 8( 25%)    0/2    0/2      13/22( 59%)   
B2       1/ 8( 12%)   0/ 8(  0%)   1/ 8( 12%)    0/2    0/2       2/22(  9%)   
B3       1/ 8( 12%)   0/ 8(  0%)   1/ 8( 12%)    0/2    0/2       3/22( 13%)   
B4       8/ 8(100%)   0/ 8(  0%)   5/ 8( 62%)    0/2    0/2       8/22( 36%)   
B5       8/ 8(100%)   0/ 8(  0%)   2/ 8( 25%)    0/2    0/2      12/22( 54%)   
B6       8/ 8(100%)   0/ 8(  0%)   8/ 8(100%)    0/2    0/2       7/22( 31%)   
B8       3/ 8( 37%)   0/ 8(  0%)   3/ 8( 37%)    0/2    0/2       5/22( 22%)   
B9       5/ 8( 62%)   0/ 8(  0%)   3/ 8( 37%)    0/2    0/2       7/22( 31%)   
B10      8/ 8(100%)   0/ 8(  0%)   2/ 8( 25%)    0/2    0/2      14/22( 63%)   
B11      8/ 8(100%)   1/ 8( 12%)   2/ 8( 25%)    0/2    0/2      14/22( 63%)   
B13      8/ 8(100%)   1/ 8( 12%)   1/ 8( 12%)    0/2    0/2      11/22( 50%)   
B14      8/ 8(100%)   0/ 8(  0%)   3/ 8( 37%)    0/2    0/2      12/22( 54%)   
B15      8/ 8(100%)   0/ 8(  0%)   2/ 8( 25%)    0/2    0/2      13/22( 59%)   
B16      8/ 8(100%)   0/ 8(  0%)   3/ 8( 37%)    0/2    0/2      10/22( 45%)   
B17      8/ 8(100%)   1/ 8( 12%)   2/ 8( 25%)    0/2    0/2      12/22( 54%)   
B18      7/ 8( 87%)   2/ 8( 25%)   7/ 8( 87%)    0/2    0/2       3/22( 13%)   
B19      8/ 8(100%)   0/ 8(  0%)   2/ 8( 25%)    0/2    0/2       9/22( 40%)   
B20      8/ 8(100%)   1/ 8( 12%)   1/ 8( 12%)    0/2    0/2      13/22( 59%)   
B21      3/ 8( 37%)   0/ 8(  0%)   3/ 8( 37%)    0/2    0/2       4/22( 18%)   
B22      7/ 8( 87%)   1/ 8( 12%)   1/ 8( 12%)    0/2    0/2      14/22( 63%)   
B23      8/ 8(100%)   0/ 8(  0%)   2/ 8( 25%)    0/2    0/2      11/22( 50%)   
B24      7/ 8( 87%)   2/ 8( 25%)   5/ 8( 62%)    0/2    0/2      10/22( 45%)   


Embedded             Column       Row                                   
Array     Embedded   Interconnect Interconnect         Read/      External  
Block     Cells      Driven       Driven       Clocks  Write    Interconnect


Total dedicated input pins used:                 6/6      (100%)
Total I/O pins used:                            24/60     ( 40%)
Total logic cells used:                        182/576    ( 31%)
Total embedded cells used:                       0/48     (  0%)
Total EABs used:                                 0/3      (  0%)
Average fan-in:                                 3.36/4    ( 84%)
Total fan-in:                                 612/2304    ( 26%)

Total input pins required:                      19
Total input I/O cell registers required:         0
Total output pins required:                     11
Total output I/O cell registers required:        0
Total buried I/O cell registers required:        0
Total bidirectional pins required:               0
Total reserved pins required                     0
Total logic cells required:                    182
Total flipflops required:                        0
Total packed registers required:                 0
Total logic cells in carry chains:               0
Total number of carry chains:                    0
Total logic cells in cascade chains:             0
Total number of cascade chains:                  0
Total single-pin Clock Enables required:         0
Total single-pin Output Enables required:        0

Synthesized logic cells:                        31/ 576   (  5%)

Logic Cell and Embedded Cell Counts

Column:  01  02  03  04  05  06  07  08  09  10  11  12  EA  13  14  15  16  17  18  19  20  21  22  23  24  Total(LC/EC)
 A:      0   0   0   0   0   0   0   0   0   0   0   0   0   8   3   8   8   0   0   0   0   8   0   0   1     36/0  
 B:      8   1   1   8   8   8   0   3   5   8   8   0   0   8   8   8   8   8   7   8   8   3   7   8   7    146/0  
 C:      0   0   0   0   0   0   0   0   0   0   0   0   0   0   0   0   0   0   0   0   0   0   0   0   0      0/0  

Total:   8   1   1   8   8   8   0   3   5   8   8   0   0  16  11  16  16   8   7   8   8  11   7   8   8    182/0  



Device-Specific Information:                                 d:\finall\alu.rpt
alu

** INPUTS **

                                                    Fan-In    Fan-Out
 Pin     LC     EC   Row  Col  Primitive    Code      INP  FBK  OUT  FBK  Name
  64      -     -    B    --      INPUT             ^    0    0    0    7  S0
  63      -     -    B    --      INPUT             ^    0    0    0    7  S1
  65      -     -    B    --      INPUT             ^    0    0    0    7  S2
  29      -     -    -    19      INPUT             ^    0    0    0    6  X0
  71      -     -    A    --      INPUT             ^    0    0    0    5  X1
  94      -     -    -    19      INPUT             ^    0    0    0    5  X2
  86      -     -    -    09      INPUT             ^    0    0    0    5  X3
  85      -     -    -    08      INPUT             ^    0    0    0    5  X4
  90      -     -    -    --      INPUT             ^    0    0    0    5  X5
  99      -     -    -    24      INPUT             ^    0    0    0    5  X6
  33      -     -    -    15      INPUT             ^    0    0    0    4  X7
  38      -     -    -    --      INPUT             ^    0    0    0   14  Y0
  89      -     -    -    --      INPUT             ^    0    0    0   10  Y1
  30      -     -    -    18      INPUT             ^    0    0    0    9  Y2
  39      -     -    -    --      INPUT             ^    0    0    0    8  Y3
  97      -     -    -    23      INPUT             ^    0    0    0    8  Y4
  91      -     -    -    --      INPUT             ^    0    0    0    8  Y5
  32      -     -    -    16      INPUT             ^    0    0    0    8  Y6
  40      -     -    -    --      INPUT             ^    0    0    0    7  Y7


Code:

s = Synthesized pin or logic cell
+ = Synchronous flipflop
/ = Slow slew-rate output
! = NOT gate push-back
r = Fitter-inserted logic cell
^ = Increased input delay
* = PCI I/O is enabled
@ = Uses single-pin Clock Enable
& = Uses single-pin Output Enable


Device-Specific Information:                                 d:\finall\alu.rpt
alu

** OUTPUTS **

       Fed By Fed By                                Fan-In    Fan-Out
 Pin     LC     EC   Row  Col  Primitive    Code      INP  FBK  OUT  FBK  Name
  13      -     -    B    --     OUTPUT                 0    1    0    0  ALUOUT0
  10      -     -    A    --     OUTPUT                 0    1    0    0  ALUOUT1
   6      -     -    A    --     OUTPUT                 0    1    0    0  ALUOUT2
   9      -     -    A    --     OUTPUT                 0    1    0    0  ALUOUT3
   8      -     -    A    --     OUTPUT                 0    1    0    0  ALUOUT4
  16      -     -    B    --     OUTPUT                 0    1    0    0  ALUOUT5
  62      -     -    B    --     OUTPUT                 0    1    0    0  ALUOUT6
  61      -     -    B    --     OUTPUT                 0    1    0    0  ALUOUT7
   5      -     -    A    --     OUTPUT                 0    1    0    0  CF
  14      -     -    B    --     OUTPUT                 0    1    0    0  SF
  15      -     -    B    --     OUTPUT                 0    1    0    0  ZF


Code:

s = Synthesized pin or logic cell
+ = Synchronous flipflop
/ = Slow slew-rate output
! = NOT gate push-back
r = Fitter-inserted logic cell
^ = Increased input delay
* = PCI I/O is enabled
@ = Uses single-pin Clock Enable
& = Uses single-pin Output Enable


Device-Specific Information:                                 d:\finall\alu.rpt
alu

** BURIED LOGIC **

                                                    Fan-In    Fan-Out
 IOC     LC     EC   Row  Col  Primitive    Code      INP  FBK  OUT  FBK  Name
   -      4     -    B    17        OR2                0    4    0    2  |LPM_ADD_SUB:536|addcore:adder|pcarry1
   -      8     -    B    04        OR2                0    3    0    2  |LPM_ADD_SUB:536|addcore:adder|pcarry2
   -      2     -    B    04        OR2                0    3    0    2  |LPM_ADD_SUB:536|addcore:adder|pcarry3
   -      1     -    B    04        OR2                0    3    0    2  |LPM_ADD_SUB:536|addcore:adder|pcarry4
   -      3     -    B    05        OR2                0    3    0    2  |LPM_ADD_SUB:536|addcore:adder|pcarry5
   -      8     -    B    05        OR2                0    3    0    2  |LPM_ADD_SUB:536|addcore:adder|pcarry6
   -      7     -    B    13        OR2                0    3    0    1  |LPM_ADD_SUB:536|addcore:adder|pcarry7
   -      8     -    B    17        OR2                0    4    0    1  |LPM_ADD_SUB:536|addcore:adder|:115
   -      5     -    B    04        OR2                0    3    0    1  |LPM_ADD_SUB:536|addcore:adder|:116
   -      4     -    B    04        OR2                0    3    0    1  |LPM_ADD_SUB:536|addcore:adder|:117
   -      8     -    B    01        OR2                0    3    0    1  |LPM_ADD_SUB:536|addcore:adder|:118
   -      8     -    B    10        OR2                0    3    0    1  |LPM_ADD_SUB:536|addcore:adder|:119
   -      7     -    B    05        OR2                0    3    0    1  |LPM_ADD_SUB:536|addcore:adder|:120
   -      8     -    B    15        OR2                0    3    0    1  |LPM_ADD_SUB:536|addcore:adder|:121
   -      8     -    B    13        OR2                0    3    0    1  |LPM_ADD_SUB:536|addcore:adder|:122
   -      3     -    A    16        OR2                4    0    0    2  |LPM_ADD_SUB:760|addcore:adder|pcarry1
   -      3     -    A    15        OR2                2    1    0    2  |LPM_ADD_SUB:760|addcore:adder|pcarry2
   -      4     -    A    13        OR2                2    1    0    2  |LPM_ADD_SUB:760|addcore:adder|pcarry3
   -      6     -    A    13        OR2                2    1    0    2  |LPM_ADD_SUB:760|addcore:adder|pcarry4
   -      4     -    B    14        OR2                2    1    0    2  |LPM_ADD_SUB:760|addcore:adder|pcarry5
   -      8     -    B    14        OR2                2    1    0    1  |LPM_ADD_SUB:760|addcore:adder|pcarry6
   -      2     -    A    16        OR2                4    0    0    1  |LPM_ADD_SUB:760|addcore:adder|:156
   -      7     -    A    15        OR2                2    1    0    1  |LPM_ADD_SUB:760|addcore:adder|:157
   -      2     -    A    13        OR2                2    1    0    1  |LPM_ADD_SUB:760|addcore:adder|:158
   -      7     -    A    13        OR2                2    1    0    1  |LPM_ADD_SUB:760|addcore:adder|:159
   -      2     -    B    14        OR2                2    1    0    1  |LPM_ADD_SUB:760|addcore:adder|:160
   -      6     -    B    14        OR2                2    1    0    1  |LPM_ADD_SUB:760|addcore:adder|:161
   -      6     -    B    11       AND2                0    3    0    1  |LPM_ADD_SUB:1040|addcore:adder|:79
   -      4     -    B    06       AND2                0    4    0    4  |LPM_ADD_SUB:1040|addcore:adder|:83
   -      7     -    B    06       AND2                0    3    0    1  |LPM_ADD_SUB:1040|addcore:adder|:91
   -      8     -    B    06       AND2                0    4    0    2  |LPM_ADD_SUB:1040|addcore:adder|:95
   -      3     -    B    06        OR2                0    3    0    4  |LPM_ADD_SUB:1309|addcore:adder|pcarry2
   -      1     -    B    06        OR2                0    2    0    1  |LPM_ADD_SUB:1309|addcore:adder|pcarry3
   -      2     -    B    06        OR2                0    4    0    2  |LPM_ADD_SUB:1309|addcore:adder|pcarry5
   -      6     -    B    06        OR2                0    2    0    2  |LPM_ADD_SUB:1309|addcore:adder|pcarry6
   -      5     -    B    20        OR2                0    3    0    1  |LPM_ADD_SUB:1309|addcore:adder|:108
   -      5     -    B    06        OR2                0    4    0    1  |LPM_ADD_SUB:1309|addcore:adder|:111
   -      3     -    B    13        OR2                0    3    0    1  |LPM_ADD_SUB:1309|addcore:adder|:114
   -      3     -    B    20       AND2                2    0    0    1  |LPM_ADD_SUB:1576|addcore:adder|:75
   -      1     -    B    08       AND2                3    0    0    1  |LPM_ADD_SUB:1576|addcore:adder|:79
   -      3     -    B    08        OR2        !       4    0    0    2  |LPM_ADD_SUB:1576|addcore:adder|:83
   -      2     -    B    08        OR2        !       1    1    0    2  |LPM_ADD_SUB:1576|addcore:adder|:87
   -      3     -    B    09        OR2        !       1    1    0    2  |LPM_ADD_SUB:1576|addcore:adder|:91
   -      5     -    B    09        OR2        !       1    1    0    2  |LPM_ADD_SUB:1576|addcore:adder|:95
   -      2     -    B    24       AND2    s           0    4    0   10  ~307~1
   -      6     -    B    24       AND2    s           0    3    0    1  ~307~2
   -      8     -    B    24       AND2    s           0    3    0    9  ~307~3
   -      6     -    B    22       AND2    s           0    2    0    1  ~307~4
   -      2     -    A    14        OR2    s           4    0    0    1  ~307~5
   -      1     -    A    13        OR2    s           4    0    0    1  ~307~6
   -      5     -    A    15        OR2    s           4    0    0    1  ~307~7
   -      1     -    A    15       AND2    s           0    4    0    1  ~307~8
   -      3     -    A    14        OR2    s           2    2    0    1  ~307~9
   -      1     -    A    14        OR2    s           2    2    0    1  ~307~10
   -      7     -    B    18        OR2        !       3    0    0   33  :307
   -      8     -    B    18       AND2                3    0    0   32  :314
   -      6     -    B    18        OR2        !       3    0    0   17  :321
   -      5     -    B    18        OR2        !       3    0    0   14  :327
   -      2     -    B    18        OR2        !       3    0    0   14  :334
   -      3     -    B    18        OR2        !       3    0    0   13  :340
   -      1     -    B    18       AND2                3    0    0    3  :346
   -      2     -    B    22       AND2    s           0    3    0    1  ~631~1
   -      3     -    B    22       AND2    s           0    3    0    1  ~631~2
   -      4     -    B    22       AND2    s           0    4    0    2  ~631~3
   -      2     -    A    21        OR2                2    1    0    2  :790
   -      6     -    A    21        OR2                2    1    0    1  :795
   -      5     -    A    21        OR2                2    1    0    1  :800
   -      3     -    A    21        OR2                2    1    0    1  :805
   -      4     -    A    15        OR2                2    1    0    1  :810
   -      5     -    A    16        OR2                4    0    0    1  :815
   -      3     -    B    16        OR2        !       2    0    0    1  :846
   -      1     -    B    13       AND2                0    1    0    1  :2085
   -      2     -    B    15        OR2                1    1    0    2  :2109
   -      2     -    B    05        OR2                1    1    0    2  :2133
   -      1     -    B    02        OR2                1    1    0    2  :2157
   -      3     -    B    04        OR2                1    1    0    2  :2181
   -      7     -    B    04        OR2                1    1    0    2  :2205
   -      6     -    B    04        OR2                1    1    0    2  :2229
   -      2     -    A    24        OR2                1    1    0    2  :2253
   -      8     -    B    16        OR2                1    1    0    3  :2277
   -      4     -    B    24       AND2                0    1    0    4  :2301
   -      3     -    B    21        OR2                1    1    0    7  :2325
   -      2     -    B    09        OR2                1    1    0    7  :2349
   -      4     -    B    10        OR2                1    1    0    8  :2373
   -      1     -    B    01        OR2                1    1    0   10  :2397
   -      2     -    B    11        OR2                1    1    0    9  :2421
   -      2     -    B    21        OR2                1    1    0    8  :2445
   -      5     -    B    24        OR2    s   !       0    3    0    8  ~2469~1
   -      8     -    B    21        OR2                1    1    0   10  :2469
   -      2     -    B    19        OR2                1    3    0    1  :2481
   -      3     -    B    19        OR2                1    3    0    1  :2487
   -      4     -    B    19        OR2                0    3    0    1  :2490
   -      1     -    B    03        OR2                1    2    0   14  :2493
   -      3     -    B    24        OR2                0    3    0    1  :2502
   -      1     -    B    24        OR2                1    3    0    1  :2505
   -      5     -    B    13        OR2                0    4    0    1  :2512
   -      4     -    B    13        OR2                0    4    0    1  :2513
   -      6     -    B    13        OR2                0    4    0    1  :2514
   -      2     -    B    13        OR2                0    3    0    4  :2517
   -      3     -    B    15        OR2                0    3    0    1  :2526
   -      4     -    B    15        OR2                1    3    0    1  :2529
   -      5     -    B    15        OR2                0    4    0    1  :2532
   -      6     -    B    15        OR2                0    4    0    1  :2535
   -      7     -    B    15        OR2                0    3    0    1  :2538
   -      1     -    B    15        OR2                0    3    0   11  :2541
   -      4     -    B    09        OR2                0    3    0    1  :2550
   -      1     -    B    09        OR2                1    3    0    1  :2553
   -      4     -    B    05        OR2                0    4    0    1  :2556
   -      5     -    B    05        OR2                0    4    0    1  :2559
   -      6     -    B    05        OR2                0    3    0    1  :2562
   -      1     -    B    05        OR2                0    3    0    5  :2565
   -      2     -    B    10        OR2                0    3    0    1  :2574
   -      3     -    B    10        OR2                1    3    0    1  :2577
   -      6     -    B    10        OR2                0    4    0    1  :2584
   -      5     -    B    10        OR2                0    4    0    1  :2585
   -      7     -    B    10        OR2                0    4    0    1  :2586
   -      1     -    B    10        OR2                0    3    0    5  :2589
   -      2     -    B    01        OR2                0    3    0    1  :2598
   -      3     -    B    01        OR2                1    3    0    1  :2601
   -      5     -    B    01        OR2                0    4    0    1  :2604
   -      6     -    B    01        OR2                0    4    0    1  :2607
   -      7     -    B    01        OR2                0    3    0    1  :2610
   -      4     -    B    01        OR2                0    3    0    5  :2613
   -      3     -    B    11        OR2                0    3    0    1  :2622
   -      4     -    B    11        OR2                1    3    0    1  :2625
   -      5     -    B    11        OR2                0    4    0    1  :2628
   -      7     -    B    11        OR2                0    4    0    1  :2631
   -      8     -    B    11        OR2                0    3    0    1  :2634
   -      1     -    B    11        OR2                0    3    0    5  :2637
   -      1     -    B    20        OR2                0    3    0    1  :2646
   -      4     -    B    20        OR2                1    3    0    1  :2649
   -      7     -    B    20        OR2                0    4    0    1  :2656
   -      6     -    B    20        OR2                0    4    0    1  :2657
   -      8     -    B    20        OR2                0    4    0    1  :2658
   -      2     -    B    20        OR2                0    3    0    5  :2661
   -      2     -    B    17        OR2                0    3    0    1  :2670
   -      3     -    B    17        OR2                2    2    0    1  :2673
   -      5     -    B    17        OR2                0    4    0    1  :2676
   -      6     -    B    17        OR2                0    4    0    1  :2679
   -      7     -    B    17        OR2                0    3    0    1  :2682
   -      1     -    B    17        OR2                0    3    0    5  :2685
   -      5     -    B    19        OR2                0    3    0    1  :2694
   -      6     -    B    19        OR2                1    2    0    1  :2697
   -      7     -    B    19        OR2                0    4    0    1  :2703
   -      8     -    B    19        OR2                0    3    0    1  :2706
   -      1     -    B    19        OR2                0    4    0    5  :2709
   -      5     -    B    23        OR2                1    3    0    1  :2718
   -      6     -    B    23        OR2                0    4    0    1  :2724
   -      1     -    B    14        OR2                2    2    0    1  :2731
   -      7     -    B    23        OR2                0    4    0    1  :2732
   -      8     -    B    23        OR2                0    4    1    0  :2733
   -      3     -    B    14        OR2    s           1    3    0    1  ~2757~1
   -      7     -    B    14        OR2    s           0    4    0    1  ~2757~2
   -      5     -    B    14        OR2                0    3    1    0  :2757
   -      5     -    B    16        OR2    s           1    3    0    1  ~2781~1
   -      6     -    B    16        OR2    s           0    4    0    1  ~2781~2
   -      7     -    B    16        OR2                0    3    1    0  :2781
   -      3     -    A    13        OR2    s           1    3    0    1  ~2805~1
   -      8     -    A    13        OR2    s           0    4    0    1  ~2805~2
   -      5     -    A    13        OR2                0    3    1    0  :2805
   -      1     -    B    22        OR2    s           1    3    0    1  ~2829~1
   -      7     -    A    16        OR2    s           0    4    0    1  ~2829~2
   -      6     -    A    16        OR2                0    3    1    0  :2829
   -      6     -    A    15        OR2    s           1    3    0    1  ~2853~1
   -      8     -    A    15        OR2    s           0    4    0    1  ~2853~2
   -      2     -    A    15        OR2                0    3    1    0  :2853
   -      1     -    A    16        OR2    s           1    3    0    1  ~2877~1
   -      4     -    A    16        OR2    s           0    4    0    1  ~2877~2
   -      8     -    A    16        OR2                0    3    1    0  :2877
   -      2     -    B    16        OR2    s           1    3    0    1  ~2901~1
   -      4     -    B    16        OR2    s           0    4    0    1  ~2901~2
   -      1     -    B    16        OR2                0    3    1    0  :2901
   -      4     -    A    21        OR2                2    2    0    2  :2923
   -      7     -    A    21        OR2    s           0    4    0    1  ~2925~1
   -      8     -    A    21        OR2    s           0    3    0    1  ~2925~2
   -      1     -    A    21        OR2                0    3    1    1  :2925
   -      1     -    B    23        OR2                0    4    0    1  :2934
   -      2     -    B    23        OR2                0    4    0    1  :2940
   -      4     -    B    23        OR2                0    4    0    1  :2948
   -      3     -    B    23        OR2                0    4    1    1  :2949
   -      5     -    B    22        OR2    s           0    4    0    1  ~2973~1
   -      8     -    B    22        OR2                0    4    1    1  :2973


Code:

s = Synthesized pin or logic cell
+ = Synchronous flipflop
/ = Slow slew-rate output
! = NOT gate push-back
r = Fitter-inserted logic cell
^ = Increased input delay
* = PCI I/O is enabled
p = Packed register


Device-Specific Information:                                 d:\finall\alu.rpt
alu

** FASTTRACK INTERCONNECT UTILIZATION **

Row FastTrack Interconnect:

          Global         Left Half-      Right Half-
         FastTrack       FastTrack       FastTrack 
Row     Interconnect    Interconnect    Interconnect    Input Pins     Output Pins     Bidir Pins
A:      12/ 96( 12%)     0/ 48(  0%)    21/ 48( 43%)    1/16(  6%)      5/16( 31%)     0/16(  0%)
B:      42/ 96( 43%)    15/ 48( 31%)    20/ 48( 41%)    3/16( 18%)      6/16( 37%)     0/16(  0%)
C:       0/ 96(  0%)     0/ 48(  0%)     0/ 48(  0%)    0/16(  0%)      0/16(  0%)     0/16(  0%)


Column FastTrack Interconnect:

         FastTrack                                 
Column  Interconnect    Input Pins     Output Pins     Bidir Pins
01:      0/24(  0%)     0/4(  0%)      0/4(  0%)       0/4(  0%)
02:      1/24(  4%)     0/4(  0%)      0/4(  0%)       0/4(  0%)
03:      0/24(  0%)     0/4(  0%)      0/4(  0%)       0/4(  0%)
04:      0/24(  0%)     0/4(  0%)      0/4(  0%)       0/4(  0%)
05:      0/24(  0%)     0/4(  0%)      0/4(  0%)       0/4(  0%)
06:      0/24(  0%)     0/4(  0%)      0/4(  0%)       0/4(  0%)
07:      0/24(  0%)     0/4(  0%)      0/4(  0%)       0/4(  0%)
08:      1/24(  4%)     1/4( 25%)      0/4(  0%)       0/4(  0%)
09:      2/24(  8%)     1/4( 25%)      0/4(  0%)       0/4(  0%)
10:      0/24(  0%)     0/4(  0%)      0/4(  0%)       0/4(  0%)
11:      0/24(  0%)     0/4(  0%)      0/4(  0%)       0/4(  0%)
12:      1/24(  4%)     0/4(  0%)      0/4(  0%)       0/4(  0%)
13:      2/24(  8%)     0/4(  0%)      0/4(  0%)       0/4(  0%)
14:      1/24(  4%)     0/4(  0%)      0/4(  0%)       0/4(  0%)
15:      1/24(  4%)     1/4( 25%)      0/4(  0%)       0/4(  0%)
16:      1/24(  4%)     1/4( 25%)      0/4(  0%)       0/4(  0%)
17:      1/24(  4%)     0/4(  0%)      0/4(  0%)       0/4(  0%)
18:      3/24( 12%)     1/4( 25%)      0/4(  0%)       0/4(  0%)
19:      2/24(  8%)     2/4( 50%)      0/4(  0%)       0/4(  0%)
20:      1/24(  4%)     0/4(  0%)      0/4(  0%)       0/4(  0%)
21:      0/24(  0%)     0/4(  0%)      0/4(  0%)       0/4(  0%)
22:      2/24(  8%)     0/4(  0%)      0/4(  0%)       0/4(  0%)
23:      4/24( 16%)     1/4( 25%)      0/4(  0%)       0/4(  0%)
24:      1/24(  4%)     1/4( 25%)      0/4(  0%)       0/4(  0%)
EA:      0/24(  0%)     0/4(  0%)      0/4(  0%)       0/4(  0%)


Device-Specific Information:                                 d:\finall\alu.rpt
alu

** EQUATIONS **

S0       : INPUT;
S1       : INPUT;
S2       : INPUT;
X0       : INPUT;
X1       : INPUT;
X2       : INPUT;
X3       : INPUT;
X4       : INPUT;
X5       : INPUT;
X6       : INPUT;
X7       : INPUT;
Y0       : INPUT;
Y1       : INPUT;
Y2       : INPUT;
Y3       : INPUT;
Y4       : INPUT;
Y5       : INPUT;
Y6       : INPUT;
Y7       : INPUT;

-- Node name is 'ALUOUT0' 
-- Equation name is 'ALUOUT0', type is output 
ALUOUT0  =  _LC1_B16;

-- Node name is 'ALUOUT1' 
-- Equation name is 'ALUOUT1', type is output 
ALUOUT1  =  _LC8_A16;

-- Node name is 'ALUOUT2' 
-- Equation name is 'ALUOUT2', type is output 
ALUOUT2  =  _LC2_A15;

-- Node name is 'ALUOUT3' 
-- Equation name is 'ALUOUT3', type is output 
ALUOUT3  =  _LC6_A16;

-- Node name is 'ALUOUT4' 
-- Equation name is 'ALUOUT4', type is output 
ALUOUT4  =  _LC5_A13;

-- Node name is 'ALUOUT5' 
-- Equation name is 'ALUOUT5', type is output 
ALUOUT5  =  _LC7_B16;

-- Node name is 'ALUOUT6' 
-- Equation name is 'ALUOUT6', type is output 
ALUOUT6  =  _LC5_B14;

-- Node name is 'ALUOUT7' 
-- Equation name is 'ALUOUT7', type is output 
ALUOUT7  =  _LC8_B23;

-- Node name is 'CF' 
-- Equation name is 'CF', type is output 
CF       =  _LC1_A21;

-- Node name is 'SF' 
-- Equation name is 'SF', type is output 
SF       =  _LC3_B23;

-- Node name is 'ZF' 
-- Equation name is 'ZF', type is output 
ZF       =  _LC8_B22;

-- Node name is '|LPM_ADD_SUB:536|addcore:adder|pcarry1' from file "addcore.tdf" line 312, column 40
-- Equation name is '_LC4_B17', type is buried 
_LC4_B17 = LCELL( _EQ001);
  _EQ001 =  _LC1_B3 &  _LC8_B16 &  _LC8_B21
         #  _LC1_B3 &  _LC2_A24 &  _LC8_B16
         #  _LC2_A24 &  _LC8_B21;

-- Node name is '|LPM_ADD_SUB:536|addcore:adder|pcarry2' from file "addcore.tdf" line 312, column 40
-- Equation name is '_LC8_B4', type is buried 
_LC8_B4  = LCELL( _EQ002);
  _EQ002 =  _LC2_B21 &  _LC4_B17
         #  _LC4_B17 &  _LC6_B4
         #  _LC2_B21 &  _LC6_B4;

-- Node name is '|LPM_ADD_SUB:536|addcore:adder|pcarry3' from file "addcore.tdf" line 312, column 40
-- Equation name is '_LC2_B4', type is buried 
_LC2_B4  = LCELL( _EQ003);
  _EQ003 =  _LC2_B11 &  _LC8_B4
         #  _LC7_B4 &  _LC8_B4
         #  _LC2_B11 &  _LC7_B4;

-- Node name is '|LPM_ADD_SUB:536|addcore:adder|pcarry4' from file "addcore.tdf" line 312, column 40
-- Equation name is '_LC1_B4', type is buried 
_LC1_B4  = LCELL( _EQ004);
  _EQ004 =  _LC1_B1 &  _LC2_B4
         #  _LC2_B4 &  _LC3_B4
         #  _LC1_B1 &  _LC3_B4;

-- Node name is '|LPM_ADD_SUB:536|addcore:adder|pcarry5' from file "addcore.tdf" line 312, column 40
-- Equation name is '_LC3_B5', type is buried 
_LC3_B5  = LCELL( _EQ005);
  _EQ005 =  _LC1_B4 &  _LC4_B10
         #  _LC1_B2 &  _LC1_B4
         #  _LC1_B2 &  _LC4_B10;

-- Node name is '|LPM_ADD_SUB:536|addcore:adder|pcarry6' from file "addcore.tdf" line 312, column 40
-- Equation name is '_LC8_B5', type is buried 
_LC8_B5  = LCELL( _EQ006);
  _EQ006 =  _LC2_B9 &  _LC3_B5
         #  _LC2_B5 &  _LC3_B5
         #  _LC2_B5 &  _LC2_B9;

-- Node name is '|LPM_ADD_SUB:536|addcore:adder|pcarry7' from file "addcore.tdf" line 312, column 40
-- Equation name is '_LC7_B13', type is buried 
_LC7_B13 = LCELL( _EQ007);
  _EQ007 =  _LC3_B21 &  _LC8_B5
         #  _LC2_B15 &  _LC8_B5
         #  _LC2_B15 &  _LC3_B21;

-- Node name is '|LPM_ADD_SUB:536|addcore:adder|:115' from file "addcore.tdf" line 316, column 67
-- Equation name is '_LC8_B17', type is buried 
_LC8_B17 = LCELL( _EQ008);
  _EQ008 =  _LC1_B3 &  _LC2_A24 &  _LC8_B16 &  _LC8_B21
         #  _LC1_B3 & !_LC2_A24 &  _LC8_B16 & !_LC8_B21
         # !_LC1_B3 & !_LC2_A24 &  _LC8_B21
         # !_LC2_A24 & !_LC8_B16 &  _LC8_B21
         # !_LC1_B3 &  _LC2_A24 & !_LC8_B21
         #  _LC2_A24 & !_LC8_B16 & !_LC8_B21;

-- Node name is '|LPM_ADD_SUB:536|addcore:adder|:116' from file "addcore.tdf" line 316, column 67
-- Equation name is '_LC5_B4', type is buried 
_LC5_B4  = LCELL( _EQ009);
  _EQ009 =  _LC2_B21 & !_LC4_B17 & !_LC6_B4
         # !_LC2_B21 & !_LC4_B17 &  _LC6_B4
         #  _LC2_B21 &  _LC4_B17 &  _LC6_B4
         # !_LC2_B21 &  _LC4_B17 & !_LC6_B4;

-- Node name is '|LPM_ADD_SUB:536|addcore:adder|:117' from file "addcore.tdf" line 316, column 67
-- Equation name is '_LC4_B4', type is buried 
_LC4_B4  = LCELL( _EQ010);
  _EQ010 =  _LC2_B11 & !_LC7_B4 & !_LC8_B4
         # !_LC2_B11 &  _LC7_B4 & !_LC8_B4
         #  _LC2_B11 &  _LC7_B4 &  _LC8_B4
         # !_LC2_B11 & !_LC7_B4 &  _LC8_B4;

-- Node name is '|LPM_ADD_SUB:536|addcore:adder|:118' from file "addcore.tdf" line 316, column 67
-- Equation name is '_LC8_B1', type is buried 
_LC8_B1  = LCELL( _EQ011);
  _EQ011 =  _LC1_B1 & !_LC2_B4 & !_LC3_B4
         # !_LC1_B1 & !_LC2_B4 &  _LC3_B4
         #  _LC1_B1 &  _LC2_B4 &  _LC3_B4
         # !_LC1_B1 &  _LC2_B4 & !_LC3_B4;

-- Node name is '|LPM_ADD_SUB:536|addcore:adder|:119' from file "addcore.tdf" line 316, column 67
-- Equation name is '_LC8_B10', type is buried 
_LC8_B10 = LCELL( _EQ012);
  _EQ012 = !_LC1_B2 & !_LC1_B4 &  _LC4_B10
         #  _LC1_B2 & !_LC1_B4 & !_LC4_B10
         #  _LC1_B2 &  _LC1_B4 &  _LC4_B10
         # !_LC1_B2 &  _LC1_B4 & !_LC4_B10;

-- Node name is '|LPM_ADD_SUB:536|addcore:adder|:120' from file "addcore.tdf" line 316, column 67
-- Equation name is '_LC7_B5', type is buried 
_LC7_B5  = LCELL( _EQ013);
  _EQ013 = !_LC2_B5 &  _LC2_B9 & !_LC3_B5
         #  _LC2_B5 & !_LC2_B9 & !_LC3_B5
         #  _LC2_B5 &  _LC2_B9 &  _LC3_B5
         # !_LC2_B5 & !_LC2_B9 &  _LC3_B5;

-- Node name is '|LPM_ADD_SUB:536|addcore:adder|:121' from file "addcore.tdf" line 316, column 67
-- Equation name is '_LC8_B15', type is buried 
_LC8_B15 = LCELL( _EQ014);
  _EQ014 = !_LC2_B15 &  _LC3_B21 & !_LC8_B5
         #  _LC2_B15 & !_LC3_B21 & !_LC8_B5
         #  _LC2_B15 &  _LC3_B21 &  _LC8_B5
         # !_LC2_B15 & !_LC3_B21 &  _LC8_B5;

-- Node name is '|LPM_ADD_SUB:536|addcore:adder|:122' from file "addcore.tdf" line 316, column 67
-- Equation name is '_LC8_B13', type is buried 
_LC8_B13 = LCELL( _EQ015);
  _EQ015 =  _LC1_B13 &  _LC4_B24 &  _LC7_B13
         # !_LC1_B13 & !_LC4_B24 &  _LC7_B13
         # !_LC1_B13 &  _LC4_B24 & !_LC7_B13
         #  _LC1_B13 & !_LC4_B24 & !_LC7_B13;

-- Node name is '|LPM_ADD_SUB:760|addcore:adder|pcarry1' from file "addcore.tdf" line 312, column 40
-- Equation name is '_LC3_A16', type is buried 
_LC3_A16 = LCELL( _EQ016);
  _EQ016 =  X1 & !Y1
         # !Y0 & !Y1
         #  X1 & !Y0
         #  X0 & !Y1
         #  X0 &  X1;

-- Node name is '|LPM_ADD_SUB:760|addcore:adder|pcarry2' from file "addcore.tdf" line 312, column 40
-- Equation name is '_LC3_A15', type is buried 
_LC3_A15 = LCELL( _EQ017);
  _EQ017 =  _LC3_A16 & !Y2
         #  _LC3_A16 &  X2
         #  X2 & !Y2;

-- Node name is '|LPM_ADD_SUB:760|addcore:adder|pcarry3' from file "addcore.tdf" line 312, column 40
-- Equation name is '_LC4_A13', type is buried 
_LC4_A13 = LCELL( _EQ018);
  _EQ018 =  _LC3_A15 & !Y3
         #  _LC3_A15 &  X3
         #  X3 & !Y3;

-- Node name is '|LPM_ADD_SUB:760|addcore:adder|pcarry4' from file "addcore.tdf" line 312, column 40
-- Equation name is '_LC6_A13', type is buried 
_LC6_A13 = LCELL( _EQ019);
  _EQ019 =  _LC4_A13 & !Y4
         #  _LC4_A13 &  X4
         #  X4 & !Y4;

-- Node name is '|LPM_ADD_SUB:760|addcore:adder|pcarry5' from file "addcore.tdf" line 312, column 40
-- Equation name is '_LC4_B14', type is buried 
_LC4_B14 = LCELL( _EQ020);
  _EQ020 =  _LC6_A13 & !Y5
         #  _LC6_A13 &  X5
         #  X5 & !Y5;

-- Node name is '|LPM_ADD_SUB:760|addcore:adder|pcarry6' from file "addcore.tdf" line 312, column 40
-- Equation name is '_LC8_B14', type is buried 
_LC8_B14 = LCELL( _EQ021);
  _EQ021 =  _LC4_B14 & !Y6
         #  _LC4_B14 &  X6
         #  X6 & !Y6;

-- Node name is '|LPM_ADD_SUB:760|addcore:adder|:156' from file "addcore.tdf" line 316, column 67
-- Equation name is '_LC2_A16', type is buried 
_LC2_A16 = LCELL( _EQ022);
  _EQ022 = !X0 &  X1 &  Y0 &  Y1
         # !X0 & !X1 &  Y0 & !Y1
         # !X1 & !Y0 &  Y1
         #  X1 & !Y0 & !Y1
         #  X0 & !X1 &  Y1
         #  X0 &  X1 & !Y1;

-- Node name is '|LPM_ADD_SUB:760|addcore:adder|:157' from file "addcore.tdf" line 316, column 67
-- Equation name is '_LC7_A15', type is buried 
_LC7_A15 = LCELL( _EQ023);
  _EQ023 =  _LC3_A16 & !X2 &  Y2
         #  _LC3_A16 &  X2 & !Y2
         # !_LC3_A16 &  X2 &  Y2
         # !_LC3_A16 & !X2 & !Y2;

-- Node name is '|LPM_ADD_SUB:760|addcore:adder|:158' from file "addcore.tdf" line 316, column 67
-- Equation name is '_LC2_A13', type is buried 
_LC2_A13 = LCELL( _EQ024);
  _EQ024 =  _LC3_A15 & !X3 &  Y3
         #  _LC3_A15 &  X3 & !Y3
         # !_LC3_A15 &  X3 &  Y3
         # !_LC3_A15 & !X3 & !Y3;

-- Node name is '|LPM_ADD_SUB:760|addcore:adder|:159' from file "addcore.tdf" line 316, column 67
-- Equation name is '_LC7_A13', type is buried 
_LC7_A13 = LCELL( _EQ025);
  _EQ025 =  _LC4_A13 & !X4 &  Y4
         #  _LC4_A13 &  X4 & !Y4
         # !_LC4_A13 &  X4 &  Y4
         # !_LC4_A13 & !X4 & !Y4;

-- Node name is '|LPM_ADD_SUB:760|addcore:adder|:160' from file "addcore.tdf" line 316, column 67
-- Equation name is '_LC2_B14', type is buried 
_LC2_B14 = LCELL( _EQ026);
  _EQ026 =  _LC6_A13 & !X5 &  Y5
         #  _LC6_A13 &  X5 & !Y5
         # !_LC6_A13 &  X5 &  Y5
         # !_LC6_A13 & !X5 & !Y5;

-- Node name is '|LPM_ADD_SUB:760|addcore:adder|:161' from file "addcore.tdf" line 316, column 67
-- Equation name is '_LC6_B14', type is buried 
_LC6_B14 = LCELL( _EQ027);
  _EQ027 =  _LC4_B14 & !X6 &  Y6
         #  _LC4_B14 &  X6 & !Y6
         # !_LC4_B14 &  X6 &  Y6
         # !_LC4_B14 & !X6 & !Y6;

-- Node name is '|LPM_ADD_SUB:1040|addcore:adder|:79' from file "addcore.tdf" line 312, column 64
-- Equation name is '_LC6_B11', type is buried 
_LC6_B11 = LCELL( _EQ028);
  _EQ028 =  _LC1_B3 &  _LC2_B21 &  _LC8_B21;

-- Node name is '|LPM_ADD_SUB:1040|addcore:adder|:83' from file "addcore.tdf" line 312, column 64
-- Equation name is '_LC4_B6', type is buried 
_LC4_B6  = LCELL( _EQ029);
  _EQ029 =  _LC1_B3 &  _LC2_B11 &  _LC2_B21 &  _LC8_B21;

-- Node name is '|LPM_ADD_SUB:1040|addcore:adder|:91' from file "addcore.tdf" line 312, column 64
-- Equation name is '_LC7_B6', type is buried 
_LC7_B6  = LCELL( _EQ030);
  _EQ030 =  _LC1_B1 &  _LC4_B6 &  _LC4_B10;

-- Node name is '|LPM_ADD_SUB:1040|addcore:adder|:95' from file "addcore.tdf" line 312, column 64
-- Equation name is '_LC8_B6', type is buried 
_LC8_B6  = LCELL( _EQ031);
  _EQ031 =  _LC1_B1 &  _LC2_B9 &  _LC4_B6 &  _LC4_B10;

-- Node name is '|LPM_ADD_SUB:1309|addcore:adder|pcarry2' from file "addcore.tdf" line 312, column 40
-- Equation name is '_LC3_B6', type is buried 
_LC3_B6  = LCELL( _EQ032);
  _EQ032 =  _LC1_B3
         #  _LC8_B21
         #  _LC2_B21;

-- Node name is '|LPM_ADD_SUB:1309|addcore:adder|pcarry3' from file "addcore.tdf" line 312, column 40
-- Equation name is '_LC1_B6', type is buried 
_LC1_B6  = LCELL( _EQ033);
  _EQ033 =  _LC3_B6
         #  _LC2_B11;

-- Node name is '|LPM_ADD_SUB:1309|addcore:adder|pcarry5' from file "addcore.tdf" line 312, column 40
-- Equation name is '_LC2_B6', type is buried 
_LC2_B6  = LCELL( _EQ034);
  _EQ034 =  _LC3_B6
         #  _LC2_B11
         #  _LC1_B1
         #  _LC4_B10;

-- Node name is '|LPM_ADD_SUB:1309|addcore:adder|pcarry6' from file "addcore.tdf" line 312, column 40
-- Equation name is '_LC6_B6', type is buried 
_LC6_B6  = LCELL( _EQ035);
  _EQ035 =  _LC2_B6
         #  _LC2_B9;

-- Node name is '|LPM_ADD_SUB:1309|addcore:adder|:108' from file "addcore.tdf" line 316, column 45
-- Equation name is '_LC5_B20', type is buried 
_LC5_B20 = LCELL( _EQ036);
  _EQ036 =  _LC1_B3 & !_LC2_B21
         # !_LC2_B21 &  _LC8_B21
         # !_LC1_B3 &  _LC2_B21 & !_LC8_B21;

-- Node name is '|LPM_ADD_SUB:1309|addcore:adder|:111' from file "addcore.tdf" line 316, column 45
-- Equation name is '_LC5_B6', type is buried 
_LC5_B6  = LCELL( _EQ037);
  _EQ037 =  _LC3_B6 & !_LC4_B10
         #  _LC2_B11 & !_LC4_B10
         #  _LC1_B1 & !_LC4_B10
         # !_LC1_B1 & !_LC2_B11 & !_LC3_B6 &  _LC4_B10;

-- Node name is '|LPM_ADD_SUB:1309|addcore:adder|:114' from file "addcore.tdf" line 316, column 45
-- Equation name is '_LC3_B13', type is buried 
_LC3_B13 = LCELL( _EQ038);
  _EQ038 = !_LC4_B24 &  _LC6_B6
         #  _LC3_B21 & !_LC4_B24
         # !_LC3_B21 &  _LC4_B24 & !_LC6_B6;

-- Node name is '|LPM_ADD_SUB:1576|addcore:adder|:75' from file "addcore.tdf" line 312, column 64
-- Equation name is '_LC3_B20', type is buried 
_LC3_B20 = LCELL( _EQ039);
  _EQ039 = !Y0 & !Y1;

-- Node name is '|LPM_ADD_SUB:1576|addcore:adder|:79' from file "addcore.tdf" line 312, column 64
-- Equation name is '_LC1_B8', type is buried 
_LC1_B8  = LCELL( _EQ040);
  _EQ040 = !Y0 & !Y1 & !Y2;

-- Node name is '|LPM_ADD_SUB:1576|addcore:adder|:83' from file "addcore.tdf" line 312, column 64
-- Equation name is '_LC3_B8', type is buried 
!_LC3_B8 = _LC3_B8~NOT;
_LC3_B8~NOT = LCELL( _EQ041);
  _EQ041 =  Y1
         #  Y0
         #  Y2
         #  Y3;

-- Node name is '|LPM_ADD_SUB:1576|addcore:adder|:87' from file "addcore.tdf" line 312, column 64
-- Equation name is '_LC2_B8', type is buried 
!_LC2_B8 = _LC2_B8~NOT;
_LC2_B8~NOT = LCELL( _EQ042);
  _EQ042 = !_LC3_B8
         #  Y4;

-- Node name is '|LPM_ADD_SUB:1576|addcore:adder|:91' from file "addcore.tdf" line 312, column 64
-- Equation name is '_LC3_B9', type is buried 
!_LC3_B9 = _LC3_B9~NOT;
_LC3_B9~NOT = LCELL( _EQ043);
  _EQ043 = !_LC2_B8
         #  Y5;

-- Node name is '|LPM_ADD_SUB:1576|addcore:adder|:95' from file "addcore.tdf" line 312, column 64
-- Equation name is '_LC5_B9', type is buried 
!_LC5_B9 = _LC5_B9~NOT;
_LC5_B9~NOT = LCELL( _EQ044);
  _EQ044 = !_LC3_B9
         #  Y6;

-- Node name is '~307~1' 
-- Equation name is '~307~1', location is LC2_B24, type is buried.
-- synthesized logic cell 
_LC2_B24 = LCELL( _EQ045);
  _EQ045 = !_LC2_B18 & !_LC3_B18 & !_LC5_B18 & !_LC6_B18;

-- Node name is '~307~2' 
-- Equation name is '~307~2', location is LC6_B24, type is buried.
-- synthesized logic cell 
_LC6_B24 = LCELL( _EQ046);
  _EQ046 = !_LC2_B18 & !_LC5_B18 & !_LC6_B18;

-- Node name is '~307~3' 
-- Equation name is '~307~3', location is LC8_B24, type is buried.
-- synthesized logic cell 
_LC8_B24 = LCELL( _EQ047);
  _EQ047 =  _LC1_B18 &  _LC6_B24 & !_LC7_B18;

-- Node name is '~307~4' 
-- Equation name is '~307~4', location is LC6_B22, type is buried.
-- synthesized logic cell 
_LC6_B22 = LCELL( _EQ048);
  _EQ048 =  _LC4_B22 &  _LC7_B18;

-- Node name is '~307~5' 
-- Equation name is '~307~5', location is LC2_A14, type is buried.
-- synthesized logic cell 
_LC2_A14 = LCELL( _EQ049);
  _EQ049 =  X0 &  X6 &  Y0 &  Y6
         #  X0 & !X6 &  Y0 & !Y6
         # !X0 &  X6 & !Y0 &  Y6
         # !X0 & !X6 & !Y0 & !Y6;

-- Node name is '~307~6' 
-- Equation name is '~307~6', location is LC1_A13, type is buried.
-- synthesized logic cell 
_LC1_A13 = LCELL( _EQ050);
  _EQ050 =  X3 &  X4 &  Y3 &  Y4
         # !X3 &  X4 & !Y3 &  Y4
         #  X3 & !X4 &  Y3 & !Y4
         # !X3 & !X4 & !Y3 & !Y4;

-- Node name is '~307~7' 
-- Equation name is '~307~7', location is LC5_A15, type is buried.
-- synthesized logic cell 
_LC5_A15 = LCELL( _EQ051);
  _EQ051 =  X1 &  X2 &  Y1 &  Y2
         # !X1 &  X2 & !Y1 &  Y2
         #  X1 & !X2 &  Y1 & !Y2
         # !X1 & !X2 & !Y1 & !Y2;

-- Node name is '~307~8' 
-- Equation name is '~307~8', location is LC1_A15, type is buried.
-- synthesized logic cell 
_LC1_A15 = LCELL( _EQ052);
  _EQ052 =  _LC1_A13 &  _LC5_A15 & !_LC7_B18 &  _LC8_B18;

-- Node name is '~307~9' 
-- Equation name is '~307~9', location is LC3_A14, type is buried.
-- synthesized logic cell 
_LC3_A14 = LCELL( _EQ053);
  _EQ053 =  _LC1_A15 &  _LC2_A14 &  X5 &  Y5
         #  _LC1_A15 &  _LC2_A14 & !X5 & !Y5;

-- Node name is '~307~10' 
-- Equation name is '~307~10', location is LC1_A14, type is buried.
-- synthesized logic cell 
_LC1_A14 = LCELL( _EQ054);
  _EQ054 = !_LC2_A21 &  _LC3_A14 & !X7 & !Y7
         # !_LC2_A21 &  _LC3_A14 &  X7 &  Y7;

-- Node name is ':307' 
-- Equation name is '_LC7_B18', type is buried 
!_LC7_B18 = _LC7_B18~NOT;
_LC7_B18~NOT = LCELL( _EQ055);
  _EQ055 =  S2
         #  S1
         #  S0;

-- Node name is ':314' 
-- Equation name is '_LC8_B18', type is buried 
_LC8_B18 = LCELL( _EQ056);
  _EQ056 =  S0 & !S1 & !S2;

-- Node name is ':321' 
-- Equation name is '_LC6_B18', type is buried 
!_LC6_B18 = _LC6_B18~NOT;
_LC6_B18~NOT = LCELL( _EQ057);
  _EQ057 =  S2
         # !S1
         #  S0;

-- Node name is ':327' 
-- Equation name is '_LC5_B18', type is buried 
!_LC5_B18 = _LC5_B18~NOT;
_LC5_B18~NOT = LCELL( _EQ058);
  _EQ058 =  S2
         # !S1
         # !S0;

-- Node name is ':334' 
-- Equation name is '_LC2_B18', type is buried 
!_LC2_B18 = _LC2_B18~NOT;
_LC2_B18~NOT = LCELL( _EQ059);
  _EQ059 = !S2
         #  S1
         #  S0;

-- Node name is ':340' 
-- Equation name is '_LC3_B18', type is buried 
!_LC3_B18 = _LC3_B18~NOT;
_LC3_B18~NOT = LCELL( _EQ060);
  _EQ060 = !S2
         #  S1
         # !S0;

-- Node name is ':346' 
-- Equation name is '_LC1_B18', type is buried 
_LC1_B18 = LCELL( _EQ061);
  _EQ061 = !S0 &  S1 &  S2;

-- Node name is '~631~1' 
-- Equation name is '~631~1', location is LC2_B22, type is buried.
-- synthesized logic cell 
_LC2_B22 = LCELL( _EQ062);
  _EQ062 = !_LC1_B11 & !_LC1_B19 & !_LC2_B20;

-- Node name is '~631~2' 
-- Equation name is '~631~2', location is LC3_B22, type is buried.
-- synthesized logic cell 
_LC3_B22 = LCELL( _EQ063);
  _EQ063 = !_LC1_B5 & !_LC1_B10 &  _LC2_B22;

-- Node name is '~631~3' 
-- Equation name is '~631~3', location is LC4_B22, type is buried.
-- synthesized logic cell 
_LC4_B22 = LCELL( _EQ064);
  _EQ064 = !_LC1_B15 & !_LC1_B17 &  _LC3_B22 & !_LC4_B1;

-- Node name is ':790' 
-- Equation name is '_LC2_A21', type is buried 
_LC2_A21 = LCELL( _EQ065);
  _EQ065 =  _LC6_A21 &  Y6
         #  _LC6_A21 & !X6
         # !X6 &  Y6;

-- Node name is ':795' 
-- Equation name is '_LC6_A21', type is buried 
_LC6_A21 = LCELL( _EQ066);
  _EQ066 =  _LC5_A21 &  Y5
         #  _LC5_A21 & !X5
         # !X5 &  Y5;

-- Node name is ':800' 
-- Equation name is '_LC5_A21', type is buried 
_LC5_A21 = LCELL( _EQ067);
  _EQ067 =  _LC3_A21 &  Y4
         #  _LC3_A21 & !X4
         # !X4 &  Y4;

-- Node name is ':805' 
-- Equation name is '_LC3_A21', type is buried 
_LC3_A21 = LCELL( _EQ068);
  _EQ068 =  _LC4_A15 &  Y3
         #  _LC4_A15 & !X3
         # !X3 &  Y3;

-- Node name is ':810' 
-- Equation name is '_LC4_A15', type is buried 
_LC4_A15 = LCELL( _EQ069);
  _EQ069 =  _LC5_A16 &  Y2
         #  _LC5_A16 & !X2
         # !X2 &  Y2;

-- Node name is ':815' 
-- Equation name is '_LC5_A16', type is buried 
_LC5_A16 = LCELL( _EQ070);
  _EQ070 = !X1 &  Y1
         # !X0 &  Y0 &  Y1
         # !X0 & !X1 &  Y0;

-- Node name is ':846' 
-- Equation name is '_LC3_B16', type is buried 
!_LC3_B16 = _LC3_B16~NOT;
_LC3_B16~NOT = LCELL( _EQ071);
  _EQ071 = !X0 &  Y0
         #  X0 & !Y0;

-- Node name is ':2085' 
-- Equation name is '_LC1_B13', type is buried 
_LC1_B13 = LCELL( _EQ072);
  _EQ072 =  _LC1_B13 & !_LC7_B18;

-- Node name is ':2109' 
-- Equation name is '_LC2_B15', type is buried 
_LC2_B15 = LCELL( _EQ073);
  _EQ073 =  _LC2_B15 & !_LC7_B18
         #  _LC7_B18 &  X7;

-- Node name is ':2133' 
-- Equation name is '_LC2_B5', type is buried 
_LC2_B5  = LCELL( _EQ074);
  _EQ074 =  _LC2_B5 & !_LC7_B18
         #  _LC7_B18 &  X6;

-- Node name is ':2157' 
-- Equation name is '_LC1_B2', type is buried 
_LC1_B2  = LCELL( _EQ075);
  _EQ075 =  _LC1_B2 & !_LC7_B18
         #  _LC7_B18 &  X5;

-- Node name is ':2181' 
-- Equation name is '_LC3_B4', type is buried 
_LC3_B4  = LCELL( _EQ076);
  _EQ076 =  _LC3_B4 & !_LC7_B18
         #  _LC7_B18 &  X4;

-- Node name is ':2205' 
-- Equation name is '_LC7_B4', type is buried 
_LC7_B4  = LCELL( _EQ077);
  _EQ077 =  _LC7_B4 & !_LC7_B18
         #  _LC7_B18 &  X3;

-- Node name is ':2229' 
-- Equation name is '_LC6_B4', type is buried 
_LC6_B4  = LCELL( _EQ078);
  _EQ078 =  _LC6_B4 & !_LC7_B18
         #  _LC7_B18 &  X2;

-- Node name is ':2253' 
-- Equation name is '_LC2_A24', type is buried 
_LC2_A24 = LCELL( _EQ079);
  _EQ079 =  _LC2_A24 & !_LC7_B18
         #  _LC7_B18 &  X1;

-- Node name is ':2277' 
-- Equation name is '_LC8_B16', type is buried 
_LC8_B16 = LCELL( _EQ080);
  _EQ080 = !_LC7_B18 &  _LC8_B16
         #  _LC7_B18 &  X0;

-- Node name is ':2301' 
-- Equation name is '_LC4_B24', type is buried 
_LC4_B24 = LCELL( _EQ081);
  _EQ081 =  _LC4_B24 & !_LC5_B24;

-- Node name is ':2325' 
-- Equation name is '_LC3_B21', type is buried 
_LC3_B21 = LCELL( _EQ082);
  _EQ082 =  _LC3_B21 & !_LC5_B24
         #  _LC5_B24 &  Y7;

-- Node name is ':2349' 
-- Equation name is '_LC2_B9', type is buried 
_LC2_B9  = LCELL( _EQ083);
  _EQ083 =  _LC2_B9 & !_LC5_B24
         #  _LC5_B24 &  Y6;

-- Node name is ':2373' 
-- Equation name is '_LC4_B10', type is buried 
_LC4_B10 = LCELL( _EQ084);
  _EQ084 =  _LC4_B10 & !_LC5_B24
         #  _LC5_B24 &  Y5;

-- Node name is ':2397' 
-- Equation name is '_LC1_B1', type is buried 
_LC1_B1  = LCELL( _EQ085);
  _EQ085 =  _LC1_B1 & !_LC5_B24
         #  _LC5_B24 &  Y4;

-- Node name is ':2421' 
-- Equation name is '_LC2_B11', type is buried 
_LC2_B11 = LCELL( _EQ086);
  _EQ086 =  _LC2_B11 & !_LC5_B24
         #  _LC5_B24 &  Y3;

-- Node name is ':2445' 
-- Equation name is '_LC2_B21', type is buried 
_LC2_B21 = LCELL( _EQ087);
  _EQ087 =  _LC2_B21 & !_LC5_B24
         #  _LC5_B24 &  Y2;

-- Node name is '~2469~1' 
-- Equation name is '~2469~1', location is LC5_B24, type is buried.
-- synthesized logic cell 
!_LC5_B24 = _LC5_B24~NOT;
_LC5_B24~NOT = LCELL( _EQ088);
  _EQ088 = !_LC7_B18 &  _LC8_B18
         #  _LC2_B24 & !_LC7_B18;

-- Node name is ':2469' 
-- Equation name is '_LC8_B21', type is buried 
_LC8_B21 = LCELL( _EQ089);
  _EQ089 = !_LC5_B24 &  _LC8_B21
         #  _LC5_B24 &  Y1;

-- Node name is ':2481' 
-- Equation name is '_LC2_B19', type is buried 
_LC2_B19 = LCELL( _EQ090);
  _EQ090 =  _LC1_B3 & !_LC2_B18 & !_LC3_B18
         #  _LC3_B18 &  Y0
         #  _LC2_B18 &  Y0;

-- Node name is ':2487' 
-- Equation name is '_LC3_B19', type is buried 
_LC3_B19 = LCELL( _EQ091);
  _EQ091 =  _LC2_B19 & !_LC5_B18 & !_LC6_B18
         #  _LC5_B18 &  Y0
         #  _LC6_B18 &  Y0;

-- Node name is ':2490' 
-- Equation name is '_LC4_B19', type is buried 
_LC4_B19 = LCELL( _EQ092);
  _EQ092 =  _LC3_B19 & !_LC8_B18
         #  _LC1_B3 &  _LC8_B18;

-- Node name is ':2493' 
-- Equation name is '_LC1_B3', type is buried 
_LC1_B3  = LCELL( _EQ093);
  _EQ093 =  _LC4_B19 & !_LC7_B18
         #  _LC7_B18 &  Y0;

-- Node name is ':2502' 
-- Equation name is '_LC3_B24', type is buried 
_LC3_B24 = LCELL( _EQ094);
  _EQ094 =  _LC2_B13 & !_LC3_B18
         #  _LC3_B18 &  _LC4_B24;

-- Node name is ':2505' 
-- Equation name is '_LC1_B24', type is buried 
_LC1_B24 = LCELL( _EQ095);
  _EQ095 = !_LC2_B18 &  _LC3_B24
         #  _LC2_B18 & !_LC5_B9
         #  _LC2_B18 &  Y7;

-- Node name is ':2512' 
-- Equation name is '_LC5_B13', type is buried 
_LC5_B13 = LCELL( _EQ096);
  _EQ096 =  _LC3_B21 & !_LC4_B24 &  _LC6_B18 &  _LC8_B6
         #  _LC4_B24 &  _LC6_B18 & !_LC8_B6
         # !_LC3_B21 &  _LC4_B24 &  _LC6_B18;

-- Node name is ':2513' 
-- Equation name is '_LC4_B13', type is buried 
_LC4_B13 = LCELL( _EQ097);
  _EQ097 =  _LC1_B24 & !_LC5_B18 & !_LC6_B18
         # !_LC3_B13 &  _LC5_B18 & !_LC6_B18;

-- Node name is ':2514' 
-- Equation name is '_LC6_B13', type is buried 
_LC6_B13 = LCELL( _EQ098);
  _EQ098 =  _LC4_B13 & !_LC8_B18
         #  _LC5_B13 & !_LC8_B18
         #  _LC2_B13 &  _LC8_B18;

-- Node name is ':2517' 
-- Equation name is '_LC2_B13', type is buried 
_LC2_B13 = LCELL( _EQ099);
  _EQ099 =  _LC6_B13 & !_LC7_B18
         #  _LC7_B18 &  _LC8_B13;

-- Node name is ':2526' 
-- Equation name is '_LC3_B15', type is buried 
_LC3_B15 = LCELL( _EQ100);
  _EQ100 =  _LC1_B15 & !_LC3_B18
         #  _LC3_B18 &  _LC3_B21;

-- Node name is ':2529' 
-- Equation name is '_LC4_B15', type is buried 
_LC4_B15 = LCELL( _EQ101);
  _EQ101 = !_LC2_B18 &  _LC3_B15
         #  _LC2_B18 &  _LC5_B9 &  Y7
         #  _LC2_B18 & !_LC5_B9 & !Y7;

-- Node name is ':2532' 
-- Equation name is '_LC5_B15', type is buried 
_LC5_B15 = LCELL( _EQ102);
  _EQ102 =  _LC4_B15 & !_LC5_B18
         #  _LC3_B21 &  _LC5_B18 &  _LC6_B6
         # !_LC3_B21 &  _LC5_B18 & !_LC6_B6;

-- Node name is ':2535' 
-- Equation name is '_LC6_B15', type is buried 
_LC6_B15 = LCELL( _EQ103);
  _EQ103 =  _LC5_B15 & !_LC6_B18
         # !_LC3_B21 &  _LC6_B18 &  _LC8_B6
         #  _LC3_B21 &  _LC6_B18 & !_LC8_B6;

-- Node name is ':2538' 
-- Equation name is '_LC7_B15', type is buried 
_LC7_B15 = LCELL( _EQ104);
  _EQ104 =  _LC6_B15 & !_LC8_B18
         #  _LC1_B15 &  _LC8_B18;

-- Node name is ':2541' 
-- Equation name is '_LC1_B15', type is buried 
_LC1_B15 = LCELL( _EQ105);
  _EQ105 =  _LC7_B15 & !_LC7_B18
         #  _LC7_B18 &  _LC8_B15;

-- Node name is ':2550' 
-- Equation name is '_LC4_B9', type is buried 
_LC4_B9  = LCELL( _EQ106);
  _EQ106 =  _LC1_B5 & !_LC3_B18
         #  _LC2_B9 &  _LC3_B18;

-- Node name is ':2553' 
-- Equation name is '_LC1_B9', type is buried 
_LC1_B9  = LCELL( _EQ107);
  _EQ107 = !_LC2_B18 &  _LC4_B9
         #  _LC2_B18 &  _LC3_B9 &  Y6
         #  _LC2_B18 & !_LC3_B9 & !Y6;

-- Node name is ':2556' 
-- Equation name is '_LC4_B5', type is buried 
_LC4_B5  = LCELL( _EQ108);
  _EQ108 =  _LC1_B9 & !_LC5_B18
         #  _LC2_B6 &  _LC2_B9 &  _LC5_B18
         # !_LC2_B6 & !_LC2_B9 &  _LC5_B18;

-- Node name is ':2559' 
-- Equation name is '_LC5_B5', type is buried 
_LC5_B5  = LCELL( _EQ109);
  _EQ109 =  _LC4_B5 & !_LC6_B18
         # !_LC2_B9 &  _LC6_B18 &  _LC7_B6
         #  _LC2_B9 &  _LC6_B18 & !_LC7_B6;

-- Node name is ':2562' 
-- Equation name is '_LC6_B5', type is buried 
_LC6_B5  = LCELL( _EQ110);
  _EQ110 =  _LC5_B5 & !_LC8_B18
         #  _LC1_B5 &  _LC8_B18;

-- Node name is ':2565' 
-- Equation name is '_LC1_B5', type is buried 
_LC1_B5  = LCELL( _EQ111);
  _EQ111 =  _LC6_B5 & !_LC7_B18
         #  _LC7_B5 &  _LC7_B18;

-- Node name is ':2574' 
-- Equation name is '_LC2_B10', type is buried 
_LC2_B10 = LCELL( _EQ112);
  _EQ112 =  _LC1_B10 & !_LC3_B18
         #  _LC3_B18 &  _LC4_B10;

-- Node name is ':2577' 
-- Equation name is '_LC3_B10', type is buried 
_LC3_B10 = LCELL( _EQ113);
  _EQ113 =  _LC2_B10 & !_LC2_B18
         #  _LC2_B8 &  _LC2_B18 &  Y5
         # !_LC2_B8 &  _LC2_B18 & !Y5;

-- Node name is ':2584' 
-- Equation name is '_LC6_B10', type is buried 
_LC6_B10 = LCELL( _EQ114);
  _EQ114 =  _LC1_B1 &  _LC4_B6 & !_LC4_B10 &  _LC6_B18
         # !_LC4_B6 &  _LC4_B10 &  _LC6_B18
         # !_LC1_B1 &  _LC4_B10 &  _LC6_B18;

-- Node name is ':2585' 
-- Equation name is '_LC5_B10', type is buried 
_LC5_B10 = LCELL( _EQ115);
  _EQ115 =  _LC3_B10 & !_LC5_B18 & !_LC6_B18
         # !_LC5_B6 &  _LC5_B18 & !_LC6_B18;

-- Node name is ':2586' 
-- Equation name is '_LC7_B10', type is buried 
_LC7_B10 = LCELL( _EQ116);
  _EQ116 =  _LC5_B10 & !_LC8_B18
         #  _LC6_B10 & !_LC8_B18
         #  _LC1_B10 &  _LC8_B18;

-- Node name is ':2589' 
-- Equation name is '_LC1_B10', type is buried 
_LC1_B10 = LCELL( _EQ117);
  _EQ117 =  _LC7_B10 & !_LC7_B18
         #  _LC7_B18 &  _LC8_B10;

-- Node name is ':2598' 
-- Equation name is '_LC2_B1', type is buried 
_LC2_B1  = LCELL( _EQ118);
  _EQ118 = !_LC3_B18 &  _LC4_B1
         #  _LC1_B1 &  _LC3_B18;

-- Node name is ':2601' 
-- Equation name is '_LC3_B1', type is buried 
_LC3_B1  = LCELL( _EQ119);
  _EQ119 =  _LC2_B1 & !_LC2_B18
         #  _LC2_B18 &  _LC3_B8 &  Y4
         #  _LC2_B18 & !_LC3_B8 & !Y4;

-- Node name is ':2604' 
-- Equation name is '_LC5_B1', type is buried 
_LC5_B1  = LCELL( _EQ120);
  _EQ120 =  _LC3_B1 & !_LC5_B18
         #  _LC1_B1 &  _LC1_B6 &  _LC5_B18
         # !_LC1_B1 & !_LC1_B6 &  _LC5_B18;

-- Node name is ':2607' 
-- Equation name is '_LC6_B1', type is buried 
_LC6_B1  = LCELL( _EQ121);
  _EQ121 =  _LC5_B1 & !_LC6_B18
         # !_LC1_B1 &  _LC4_B6 &  _LC6_B18
         #  _LC1_B1 & !_LC4_B6 &  _LC6_B18;

-- Node name is ':2610' 
-- Equation name is '_LC7_B1', type is buried 
_LC7_B1  = LCELL( _EQ122);
  _EQ122 =  _LC6_B1 & !_LC8_B18
         #  _LC4_B1 &  _LC8_B18;

-- Node name is ':2613' 
-- Equation name is '_LC4_B1', type is buried 
_LC4_B1  = LCELL( _EQ123);
  _EQ123 =  _LC7_B1 & !_LC7_B18
         #  _LC7_B18 &  _LC8_B1;

-- Node name is ':2622' 
-- Equation name is '_LC3_B11', type is buried 
_LC3_B11 = LCELL( _EQ124);
  _EQ124 =  _LC1_B11 & !_LC3_B18
         #  _LC2_B11 &  _LC3_B18;

-- Node name is ':2625' 
-- Equation name is '_LC4_B11', type is buried 
_LC4_B11 = LCELL( _EQ125);
  _EQ125 = !_LC2_B18 &  _LC3_B11
         #  _LC1_B8 &  _LC2_B18 &  Y3
         # !_LC1_B8 &  _LC2_B18 & !Y3;

-- Node name is ':2628' 
-- Equation name is '_LC5_B11', type is buried 
_LC5_B11 = LCELL( _EQ126);
  _EQ126 =  _LC4_B11 & !_LC5_B18
         #  _LC2_B11 &  _LC3_B6 &  _LC5_B18
         # !_LC2_B11 & !_LC3_B6 &  _LC5_B18;

-- Node name is ':2631' 
-- Equation name is '_LC7_B11', type is buried 
_LC7_B11 = LCELL( _EQ127);
  _EQ127 =  _LC5_B11 & !_LC6_B18
         # !_LC2_B11 &  _LC6_B11 &  _LC6_B18
         #  _LC2_B11 & !_LC6_B11 &  _LC6_B18;

-- Node name is ':2634' 
-- Equation name is '_LC8_B11', type is buried 
_LC8_B11 = LCELL( _EQ128);
  _EQ128 =  _LC7_B11 & !_LC8_B18
         #  _LC1_B11 &  _LC8_B18;

-- Node name is ':2637' 
-- Equation name is '_LC1_B11', type is buried 
_LC1_B11 = LCELL( _EQ129);
  _EQ129 = !_LC7_B18 &  _LC8_B11
         #  _LC4_B4 &  _LC7_B18;

-- Node name is ':2646' 
-- Equation name is '_LC1_B20', type is buried 
_LC1_B20 = LCELL( _EQ130);
  _EQ130 =  _LC2_B20 & !_LC3_B18
         #  _LC2_B21 &  _LC3_B18;

-- Node name is ':2649' 
-- Equation name is '_LC4_B20', type is buried 
_LC4_B20 = LCELL( _EQ131);
  _EQ131 =  _LC1_B20 & !_LC2_B18
         #  _LC2_B18 &  _LC3_B20 &  Y2
         #  _LC2_B18 & !_LC3_B20 & !Y2;

-- Node name is ':2656' 
-- Equation name is '_LC7_B20', type is buried 
_LC7_B20 = LCELL( _EQ132);
  _EQ132 =  _LC1_B3 & !_LC2_B21 &  _LC6_B18 &  _LC8_B21
         # !_LC1_B3 &  _LC2_B21 &  _LC6_B18
         #  _LC2_B21 &  _LC6_B18 & !_LC8_B21;

-- Node name is ':2657' 
-- Equation name is '_LC6_B20', type is buried 
_LC6_B20 = LCELL( _EQ133);
  _EQ133 =  _LC4_B20 & !_LC5_B18 & !_LC6_B18
         #  _LC5_B18 & !_LC5_B20 & !_LC6_B18;

-- Node name is ':2658' 
-- Equation name is '_LC8_B20', type is buried 
_LC8_B20 = LCELL( _EQ134);
  _EQ134 =  _LC6_B20 & !_LC8_B18
         #  _LC7_B20 & !_LC8_B18
         #  _LC2_B20 &  _LC8_B18;

-- Node name is ':2661' 
-- Equation name is '_LC2_B20', type is buried 
_LC2_B20 = LCELL( _EQ135);
  _EQ135 = !_LC7_B18 &  _LC8_B20
         #  _LC5_B4 &  _LC7_B18;

-- Node name is ':2670' 
-- Equation name is '_LC2_B17', type is buried 
_LC2_B17 = LCELL( _EQ136);
  _EQ136 =  _LC1_B17 & !_LC3_B18
         #  _LC3_B18 &  _LC8_B21;

-- Node name is ':2673' 
-- Equation name is '_LC3_B17', type is buried 
_LC3_B17 = LCELL( _EQ137);
  _EQ137 =  _LC2_B17 & !_LC2_B18
         #  _LC2_B18 &  Y0 & !Y1
         #  _LC2_B18 & !Y0 &  Y1;

-- Node name is ':2676' 
-- Equation name is '_LC5_B17', type is buried 
_LC5_B17 = LCELL( _EQ138);
  _EQ138 =  _LC3_B17 & !_LC5_B18
         #  _LC1_B3 &  _LC5_B18 &  _LC8_B21
         # !_LC1_B3 &  _LC5_B18 & !_LC8_B21;

-- Node name is ':2679' 
-- Equation name is '_LC6_B17', type is buried 
_LC6_B17 = LCELL( _EQ139);
  _EQ139 =  _LC5_B17 & !_LC6_B18
         #  _LC1_B3 &  _LC6_B18 & !_LC8_B21
         # !_LC1_B3 &  _LC6_B18 &  _LC8_B21;

-- Node name is ':2682' 
-- Equation name is '_LC7_B17', type is buried 
_LC7_B17 = LCELL( _EQ140);
  _EQ140 =  _LC6_B17 & !_LC8_B18
         #  _LC1_B17 &  _LC8_B18;

-- Node name is ':2685' 
-- Equation name is '_LC1_B17', type is buried 
_LC1_B17 = LCELL( _EQ141);
  _EQ141 =  _LC7_B17 & !_LC7_B18
         #  _LC7_B18 &  _LC8_B17;

-- Node name is ':2694' 
-- Equation name is '_LC5_B19', type is buried 
_LC5_B19 = LCELL( _EQ142);
  _EQ142 =  _LC1_B19 & !_LC3_B18
         #  _LC1_B3 &  _LC3_B18;

-- Node name is ':2697' 
-- Equation name is '_LC6_B19', type is buried 
_LC6_B19 = LCELL( _EQ143);
  _EQ143 =  _LC2_B18 &  Y0
         # !_LC2_B18 &  _LC5_B19;

-- Node name is ':2703' 
-- Equation name is '_LC7_B19', type is buried 
_LC7_B19 = LCELL( _EQ144);
  _EQ144 = !_LC5_B18 & !_LC6_B18 &  _LC6_B19
         # !_LC1_B3 &  _LC5_B18
         # !_LC1_B3 &  _LC6_B18;

-- Node name is ':2706' 
-- Equation name is '_LC8_B19', type is buried 
_LC8_B19 = LCELL( _EQ145);
  _EQ145 =  _LC7_B19 & !_LC8_B18
         #  _LC1_B19 &  _LC8_B18;

-- Node name is ':2709' 
-- Equation name is '_LC1_B19', type is buried 
_LC1_B19 = LCELL( _EQ146);
  _EQ146 = !_LC7_B18 &  _LC8_B19
         #  _LC1_B3 &  _LC7_B18 & !_LC8_B16
         # !_LC1_B3 &  _LC7_B18 &  _LC8_B16;

-- Node name is ':2718' 
-- Equation name is '_LC5_B23', type is buried 
_LC5_B23 = LCELL( _EQ147);
  _EQ147 =  _LC1_B15 &  _LC3_B18
         #  _LC1_B18 &  Y7;

-- Node name is ':2724' 
-- Equation name is '_LC6_B23', type is buried 
_LC6_B23 = LCELL( _EQ148);
  _EQ148 =  _LC1_B15 &  _LC5_B18
         #  _LC1_B15 &  _LC2_B18
         # !_LC2_B18 & !_LC5_B18 &  _LC5_B23;

-- Node name is ':2731' 
-- Equation name is '_LC1_B14', type is buried 
_LC1_B14 = LCELL( _EQ149);
  _EQ149 = !_LC8_B14 &  _LC8_B18 &  X7 &  Y7
         # !_LC8_B14 &  _LC8_B18 & !X7 & !Y7
         #  _LC8_B14 &  _LC8_B18 & !X7 &  Y7
         #  _LC8_B14 &  _LC8_B18 &  X7 & !Y7;

-- Node name is ':2732' 
-- Equation name is '_LC7_B23', type is buried 
_LC7_B23 = LCELL( _EQ150);
  _EQ150 =  _LC1_B15 &  _LC6_B18 & !_LC8_B18
         # !_LC6_B18 &  _LC6_B23 & !_LC8_B18;

-- Node name is ':2733' 
-- Equation name is '_LC8_B23', type is buried 
_LC8_B23 = LCELL( _EQ151);
  _EQ151 =  _LC1_B15 &  _LC7_B18
         # !_LC7_B18 &  _LC7_B23
         #  _LC1_B14 & !_LC7_B18;

-- Node name is '~2757~1' 
-- Equation name is '~2757~1', location is LC3_B14, type is buried.
-- synthesized logic cell 
_LC3_B14 = LCELL( _EQ152);
  _EQ152 =  _LC1_B5 & !_LC2_B24
         #  _LC8_B24 &  Y6;

-- Node name is '~2757~2' 
-- Equation name is '~2757~2', location is LC7_B14, type is buried.
-- synthesized logic cell 
_LC7_B14 = LCELL( _EQ153);
  _EQ153 =  _LC1_B5 &  _LC7_B18
         #  _LC6_B14 & !_LC7_B18 &  _LC8_B18;

-- Node name is ':2757' 
-- Equation name is '_LC5_B14', type is buried 
_LC5_B14 = LCELL( _EQ154);
  _EQ154 =  _LC3_B14 & !_LC8_B18
         #  _LC7_B14;

-- Node name is '~2781~1' 
-- Equation name is '~2781~1', location is LC5_B16, type is buried.
-- synthesized logic cell 
_LC5_B16 = LCELL( _EQ155);
  _EQ155 =  _LC1_B10 & !_LC2_B24
         #  _LC8_B24 &  Y5;

-- Node name is '~2781~2' 
-- Equation name is '~2781~2', location is LC6_B16, type is buried.
-- synthesized logic cell 
_LC6_B16 = LCELL( _EQ156);
  _EQ156 =  _LC1_B10 &  _LC7_B18
         #  _LC2_B14 & !_LC7_B18 &  _LC8_B18;

-- Node name is ':2781' 
-- Equation name is '_LC7_B16', type is buried 
_LC7_B16 = LCELL( _EQ157);
  _EQ157 =  _LC5_B16 & !_LC8_B18
         #  _LC6_B16;

-- Node name is '~2805~1' 
-- Equation name is '~2805~1', location is LC3_A13, type is buried.
-- synthesized logic cell 
_LC3_A13 = LCELL( _EQ158);
  _EQ158 = !_LC2_B24 &  _LC4_B1
         #  _LC8_B24 &  Y4;

-- Node name is '~2805~2' 
-- Equation name is '~2805~2', location is LC8_A13, type is buried.
-- synthesized logic cell 
_LC8_A13 = LCELL( _EQ159);
  _EQ159 =  _LC4_B1 &  _LC7_B18
         #  _LC7_A13 & !_LC7_B18 &  _LC8_B18;

-- Node name is ':2805' 
-- Equation name is '_LC5_A13', type is buried 
_LC5_A13 = LCELL( _EQ160);
  _EQ160 =  _LC3_A13 & !_LC8_B18
         #  _LC8_A13;

-- Node name is '~2829~1' 
-- Equation name is '~2829~1', location is LC1_B22, type is buried.
-- synthesized logic cell 
_LC1_B22 = LCELL( _EQ161);
  _EQ161 =  _LC1_B11 & !_LC2_B24
         #  _LC8_B24 &  Y3;

-- Node name is '~2829~2' 
-- Equation name is '~2829~2', location is LC7_A16, type is buried.
-- synthesized logic cell 
_LC7_A16 = LCELL( _EQ162);
  _EQ162 =  _LC1_B11 &  _LC7_B18
         #  _LC2_A13 & !_LC7_B18 &  _LC8_B18;

-- Node name is ':2829' 
-- Equation name is '_LC6_A16', type is buried 
_LC6_A16 = LCELL( _EQ163);
  _EQ163 =  _LC1_B22 & !_LC8_B18
         #  _LC7_A16;

-- Node name is '~2853~1' 
-- Equation name is '~2853~1', location is LC6_A15, type is buried.
-- synthesized logic cell 
_LC6_A15 = LCELL( _EQ164);
  _EQ164 =  _LC2_B20 & !_LC2_B24
         #  _LC8_B24 &  Y2;

-- Node name is '~2853~2' 
-- Equation name is '~2853~2', location is LC8_A15, type is buried.
-- synthesized logic cell 
_LC8_A15 = LCELL( _EQ165);
  _EQ165 =  _LC2_B20 &  _LC7_B18
         #  _LC7_A15 & !_LC7_B18 &  _LC8_B18;

-- Node name is ':2853' 
-- Equation name is '_LC2_A15', type is buried 
_LC2_A15 = LCELL( _EQ166);
  _EQ166 =  _LC6_A15 & !_LC8_B18
         #  _LC8_A15;

-- Node name is '~2877~1' 
-- Equation name is '~2877~1', location is LC1_A16, type is buried.
-- synthesized logic cell 
_LC1_A16 = LCELL( _EQ167);
  _EQ167 =  _LC1_B17 & !_LC2_B24
         #  _LC8_B24 &  Y1;

-- Node name is '~2877~2' 
-- Equation name is '~2877~2', location is LC4_A16, type is buried.
-- synthesized logic cell 
_LC4_A16 = LCELL( _EQ168);
  _EQ168 =  _LC1_B17 &  _LC7_B18
         #  _LC2_A16 & !_LC7_B18 &  _LC8_B18;

-- Node name is ':2877' 
-- Equation name is '_LC8_A16', type is buried 
_LC8_A16 = LCELL( _EQ169);
  _EQ169 =  _LC1_A16 & !_LC8_B18
         #  _LC4_A16;

-- Node name is '~2901~1' 
-- Equation name is '~2901~1', location is LC2_B16, type is buried.
-- synthesized logic cell 
_LC2_B16 = LCELL( _EQ170);
  _EQ170 =  _LC1_B19 & !_LC2_B24
         #  _LC8_B24 &  Y0;

-- Node name is '~2901~2' 
-- Equation name is '~2901~2', location is LC4_B16, type is buried.
-- synthesized logic cell 
_LC4_B16 = LCELL( _EQ171);
  _EQ171 =  _LC1_B19 &  _LC7_B18
         # !_LC3_B16 & !_LC7_B18 &  _LC8_B18;

-- Node name is ':2901' 
-- Equation name is '_LC1_B16', type is buried 
_LC1_B16 = LCELL( _EQ172);
  _EQ172 =  _LC2_B16 & !_LC8_B18
         #  _LC4_B16;

-- Node name is ':2923' 
-- Equation name is '_LC4_A21', type is buried 
_LC4_A21 = LCELL( _EQ173);
  _EQ173 =  _LC2_A21 &  _LC8_B18 &  Y7
         #  _LC2_A21 &  _LC8_B18 & !X7
         #  _LC8_B18 & !X7 &  Y7;

-- Node name is '~2925~1' 
-- Equation name is '~2925~1', location is LC7_A21, type is buried.
-- synthesized logic cell 
_LC7_A21 = LCELL( _EQ174);
  _EQ174 =  _LC2_B13 & !_LC2_B24
         #  _LC1_A21 &  _LC8_B24;

-- Node name is '~2925~2' 
-- Equation name is '~2925~2', location is LC8_A21, type is buried.
-- synthesized logic cell 
_LC8_A21 = LCELL( _EQ175);
  _EQ175 =  _LC2_B13 &  _LC7_B18
         #  _LC4_A21 & !_LC7_B18;

-- Node name is ':2925' 
-- Equation name is '_LC1_A21', type is buried 
_LC1_A21 = LCELL( _EQ176);
  _EQ176 =  _LC7_A21 & !_LC8_B18
         #  _LC8_A21;

-- Node name is ':2934' 
-- Equation name is '_LC1_B23', type is buried 
_LC1_B23 = LCELL( _EQ177);
  _EQ177 =  _LC1_B15 &  _LC3_B18
         #  _LC1_B18 &  _LC3_B23;

-- Node name is ':2940' 
-- Equation name is '_LC2_B23', type is buried 
_LC2_B23 = LCELL( _EQ178);
  _EQ178 =  _LC1_B15 &  _LC2_B18
         #  _LC1_B23 & !_LC2_B18 & !_LC5_B18
         #  _LC1_B15 &  _LC5_B18;

-- Node name is ':2948' 
-- Equation name is '_LC4_B23', type is buried 
_LC4_B23 = LCELL( _EQ179);
  _EQ179 =  _LC2_B23 & !_LC6_B18 & !_LC8_B18
         #  _LC1_B15 &  _LC6_B18 & !_LC8_B18;

-- Node name is ':2949' 
-- Equation name is '_LC3_B23', type is buried 
_LC3_B23 = LCELL( _EQ180);
  _EQ180 =  _LC4_A21 & !_LC7_B18
         #  _LC4_B23 & !_LC7_B18
         #  _LC1_B15 &  _LC7_B18;

-- Node name is '~2973~1' 
-- Equation name is '~2973~1', location is LC5_B22, type is buried.
-- synthesized logic cell 
_LC5_B22 = LCELL( _EQ181);
  _EQ181 = !_LC2_B24 &  _LC4_B22
         #  _LC8_B22 &  _LC8_B24;

-- Node name is ':2973' 
-- Equation name is '_LC8_B22', type is buried 
_LC8_B22 = LCELL( _EQ182);
  _EQ182 =  _LC5_B22 & !_LC8_B18
         #  _LC6_B22
         #  _LC1_A14;



Project Information                                          d:\finall\alu.rpt

** COMPILATION SETTINGS & TIMES **

Processing Menu Commands
------------------------

Design Doctor                             = off

Logic Synthesis:

   Synthesis Type Used                    = Multi-Level

   Default Synthesis Style                = NORMAL

      Logic option settings in 'NORMAL' style for 'ACEX1K' family

      CARRY_CHAIN                         = ignore
      CARRY_CHAIN_LENGTH                  = 32
      CASCADE_CHAIN                       = ignore
      CASCADE_CHAIN_LENGTH                = 2
      DECOMPOSE_GATES                     = on
      DUPLICATE_LOGIC_EXTRACTION          = on
      MINIMIZATION                        = full
      MULTI_LEVEL_FACTORING               = on
      NOT_GATE_PUSH_BACK                  = on
      REDUCE_LOGIC                        = on
      REFACTORIZATION                     = on
      REGISTER_OPTIMIZATION               = on
      RESYNTHESIZE_NETWORK                = on
      SLOW_SLEW_RATE                      = off
      SUBFACTOR_EXTRACTION                = on
      IGNORE_SOFT_BUFFERS                 = on
      USE_LPM_FOR_AHDL_OPERATORS          = off

   Other logic synthesis settings:

      Automatic Global Clock              = on
      Automatic Global Clear              = on
      Automatic Global Preset             = on
      Automatic Global Output Enable      = on
      Automatic Fast I/O                  = off
      Automatic Register Packing          = off
      Automatic Open-Drain Pins           = on
      Automatic Implement in EAB          = off
      Optimize                            = 5

Default Timing Specifications: None

Cut All Bidir Feedback Timing Paths       = on
Cut All Clear & Preset Timing Paths       = on

Ignore Timing Assignments                 = off

Functional SNF Extractor                  = off

Linked SNF Extractor                      = off
Timing SNF Extractor                      = on
Optimize Timing SNF                       = off
Generate AHDL TDO File                    = off
Fitter Settings                           = NORMAL
Use Quartus Fitter                        = on
Smart Recompile                           = off
Total Recompile                           = off

Interfaces Menu Commands
------------------------

EDIF Netlist Writer                       = off
Verilog Netlist Writer                    = off
VHDL Netlist Writer                       = off

Compilation Times
-----------------

   Compiler Netlist Extractor             00:00:00
   Database Builder                       00:00:00
   Logic Synthesizer                      00:00:01
   Partitioner                            00:00:00
   Fitter                                 00:00:00
   Timing SNF Extractor                   00:00:00
   Assembler                              00:00:00
   --------------------------             --------
   Total Time                             00:00:01


Memory Allocated
-----------------

Peak memory allocated during compilation  = 18,136K
