Project Information                                      d:\finall\controm.rpt

MAX+plus II Compiler Report File
Version 10.0 9/14/2000
Compiled: 09/07/2020 20:54:22

Copyright (C) 1988-2000 Altera Corporation
Any megafunction design, and related net list (encrypted or decrypted),
support information, device programming or simulation file, and any other
associated documentation or information provided by Altera or a partner
under Altera's Megafunction Partnership Program may be used only to
program PLD devices (but not masked PLD devices) from Altera.  Any other
use of such megafunction design, net list, support information, device
programming or simulation file, or any other related documentation or
information is prohibited for any other purpose, including, but not
limited to modification, reverse engineering, de-compiling, or use with
any other silicon devices, unless such use is explicitly licensed under
a separate agreement with Altera or a megafunction partner.  Title to
the intellectual property, including patents, copyrights, trademarks,
trade secrets, or maskworks, embodied in any such megafunction design,
net list, support information, device programming or simulation file, or
any other related documentation or information provided by Altera or a
megafunction partner, remains with Altera, the megafunction partner, or
their respective licensors.  No other licenses, including any licenses
needed under any third party's intellectual property, are provided herein.



***** Project compilation was successful


CONTROM


** DEVICE SUMMARY **

Chip/                     Input Output Bidir  Memory  Memory  			 LCs
POF       Device          Pins  Pins   Pins   Bits % Utilized  LCs  % Utilized

controm   EP1K10TC100-1    6      27     0    0         0  %    55       9  %

User Pins:                 6      27     0  



Project Information                                      d:\finall\controm.rpt

** PROJECT TIMING MESSAGES **

Warning: Timing characteristics of device EP1K10TC100-1 are preliminary


Device-Specific Information:                             d:\finall\controm.rpt
controm

***** Logic for device 'controm' compiled without errors.




Device: EP1K10TC100-1

ACEX 1K Configuration Scheme: Passive Serial

Device Options:
    User-Supplied Start-Up Clock               = OFF
    Auto-Restart Configuration on Frame Error  = OFF
    Release Clears Before Tri-States           = OFF
    Enable Chip_Wide Reset                     = OFF
    Enable Chip-Wide Output Enable             = OFF
    Enable INIT_DONE Output                    = OFF
    JTAG User Code                             = 7f
    MultiVolt I/O                              = OFF
    Enable Lock Output                         = OFF

                                                                   
                                                                   
                  R   R R   R R               R         R          
                  E   E E   E E               E         E          
                  S   S S   S S V             S         S       ^  
                  E   E E   E E C A A A       E   V     E       D  
                # R   R R   R R C D D D       R   C     R       A  
                T V U V V G V V I D D D G D U V   C D   V D   D T  
                C E A E E N E E N R R R N 1 A E D I 1 D E 1 D 1 A  
                K D 5 D D D D D T 4 0 3 D 3 2 D 3 O 1 5 D 6 4 4 0  
              ----------------------------------------------------_ 
             / 100  98  96  94  92  90  88  86  84  82  80  78  76   |_ 
            /     99  97  95  93  91  89  87  85  83  81  79  77    | 
^CONF_DONE |  1                                                    75 | ^DCLK 
     ^nCEO |  2                                                    74 | ^nCE 
      #TDO |  3                                                    73 | #TDI 
     VCCIO |  4                                                    72 | VCCINT 
        D8 |  5                                                    71 | D9 
        D7 |  6                                                    70 | D12 
        D2 |  7                                                    69 | UA0 
       UA4 |  8                                                    68 | D1 
        D0 |  9                                                    67 | VCCIO 
       D20 | 10                                                    66 | GND 
       GND | 11                                                    65 | RESERVED 
    VCCINT | 12                                                    64 | RESERVED 
  RESERVED | 13                   EP1K10TC100-1                    63 | UA1 
  RESERVED | 14                                                    62 | UA3 
  RESERVED | 15                                                    61 | RESERVED 
  RESERVED | 16                                                    60 | VCCINT 
     VCCIO | 17                                                    59 | GND 
       GND | 18                                                    58 | RESERVED 
  RESERVED | 19                                                    57 | RESERVED 
  RESERVED | 20                                                    56 | RESERVED 
  RESERVED | 21                                                    55 | RESERVED 
  RESERVED | 22                                                    54 | ^MSEL0 
  RESERVED | 23                                                    53 | ^MSEL1 
      #TMS | 24                                                    52 | VCCINT 
  ^nSTATUS | 25                                                    51 | ^nCONFIG 
           |      27  29  31  33  35  37  39  41  43  45  47  49  _| 
            \   26  28  30  32  34  36  38  40  42  44  46  48  50   | 
             \----------------------------------------------------- 
                R R R R R R R R R V G V A A A G G D V D D D R D D  
                E E E E E E E E E C N C D D D N N 6 C 1 1 1 E 1 1  
                S S S S S S S S S C D C D D D D D   C 5 8 0 S 9 7  
                E E E E E E E E E I   _ R R R _     I       E      
                R R R R R R R R R N   C 2 5 1 C     O       R      
                V V V V V V V V V T   K       K             V      
                E E E E E E E E E     L       L             E      
                D D D D D D D D D     K       K             D      
                                                                   
                                                                   


N.C. = No Connect. This pin has no internal connection to the device.
VCCINT = Dedicated power pin, which MUST be connected to VCC (2.5 volts).
VCCIO = Dedicated power pin, which MUST be connected to VCC (2.5 volts).
GND = Dedicated ground pin or unused dedicated input, which MUST be connected to GND.
RESERVED = Unused I/O pin, which MUST be left unconnected.

^ = Dedicated configuration pin.
+ = Reserved configuration pin, which is tri-stated during user mode.
* = Reserved configuration pin, which drives out in user mode.
PDn = Power Down pin. 
@ = Special-purpose pin. 
# = JTAG Boundary-Scan Testing/In-System Programming or Configuration Pin. The JTAG inputs TMS and TDI should be tied to VCC and TCK should be tied to GND when not in use.
& = JTAG pin used for I/O. When used as user I/O, JTAG pins must be kept stable before and during configuration.  JTAG pin stability prevents accidental loading of JTAG instructions.
$ = Pin has PCI I/O option enabled. Pin is neither '5.0 V'- nor '3.3 V'-tolerant. 


Device-Specific Information:                             d:\finall\controm.rpt
controm

** RESOURCE USAGE **

Logic                Column       Row                                   
Array                Interconnect Interconnect         Clears/     External  
Block   Logic Cells  Driven       Driven       Clocks  Presets   Interconnect
A1       8/ 8(100%)   2/ 8( 25%)   6/ 8( 75%)    0/2    0/2       5/22( 22%)   
A2       8/ 8(100%)   2/ 8( 25%)   1/ 8( 12%)    0/2    0/2      15/22( 68%)   
A3       8/ 8(100%)   1/ 8( 12%)   5/ 8( 62%)    0/2    0/2       8/22( 36%)   
A4       7/ 8( 87%)   1/ 8( 12%)   6/ 8( 75%)    0/2    0/2       6/22( 27%)   
A5       7/ 8( 87%)   2/ 8( 25%)   3/ 8( 37%)    0/2    0/2      10/22( 45%)   
A10      8/ 8(100%)   5/ 8( 62%)   3/ 8( 37%)    0/2    0/2      10/22( 45%)   
A11      8/ 8(100%)   3/ 8( 37%)   1/ 8( 12%)    0/2    0/2      15/22( 68%)   
A12      1/ 8( 12%)   0/ 8(  0%)   1/ 8( 12%)    0/2    0/2       2/22(  9%)   


Embedded             Column       Row                                   
Array     Embedded   Interconnect Interconnect         Read/      External  
Block     Cells      Driven       Driven       Clocks  Write    Interconnect


Total dedicated input pins used:                 6/6      (100%)
Total I/O pins used:                            27/60     ( 45%)
Total logic cells used:                         55/576    (  9%)
Total embedded cells used:                       0/48     (  0%)
Total EABs used:                                 0/3      (  0%)
Average fan-in:                                 3.52/4    ( 88%)
Total fan-in:                                 194/2304    (  8%)

Total input pins required:                       6
Total input I/O cell registers required:         0
Total output pins required:                     27
Total output I/O cell registers required:        0
Total buried I/O cell registers required:        0
Total bidirectional pins required:               0
Total reserved pins required                     0
Total logic cells required:                     55
Total flipflops required:                        0
Total packed registers required:                 0
Total logic cells in carry chains:               0
Total number of carry chains:                    0
Total logic cells in cascade chains:             0
Total number of cascade chains:                  0
Total single-pin Clock Enables required:         0
Total single-pin Output Enables required:        0

Synthesized logic cells:                        19/ 576   (  3%)

Logic Cell and Embedded Cell Counts

Column:  01  02  03  04  05  06  07  08  09  10  11  12  EA  13  14  15  16  17  18  19  20  21  22  23  24  Total(LC/EC)
 A:      8   8   8   7   7   0   0   0   0   8   8   1   0   0   0   0   0   0   0   0   0   0   0   0   0     55/0  
 B:      0   0   0   0   0   0   0   0   0   0   0   0   0   0   0   0   0   0   0   0   0   0   0   0   0      0/0  
 C:      0   0   0   0   0   0   0   0   0   0   0   0   0   0   0   0   0   0   0   0   0   0   0   0   0      0/0  

Total:   8   8   8   7   7   0   0   0   0   8   8   1   0   0   0   0   0   0   0   0   0   0   0   0   0     55/0  



Device-Specific Information:                             d:\finall\controm.rpt
controm

** INPUTS **

                                                    Fan-In    Fan-Out
 Pin     LC     EC   Row  Col  Primitive    Code      INP  FBK  OUT  FBK  Name
  90      -     -    -    --      INPUT             ^    0    0    0    3  ADDR0
  40      -     -    -    --      INPUT             ^    0    0    0   19  ADDR1
  38      -     -    -    --      INPUT             ^    0    0    0   19  ADDR2
  89      -     -    -    --      INPUT             ^    0    0    0   19  ADDR3
  91      -     -    -    --      INPUT             ^    0    0    0    3  ADDR4
  39      -     -    -    --      INPUT             ^    0    0    0    3  ADDR5


Code:

s = Synthesized pin or logic cell
+ = Synchronous flipflop
/ = Slow slew-rate output
! = NOT gate push-back
r = Fitter-inserted logic cell
^ = Increased input delay
* = PCI I/O is enabled
@ = Uses single-pin Clock Enable
& = Uses single-pin Output Enable


Device-Specific Information:                             d:\finall\controm.rpt
controm

** OUTPUTS **

       Fed By Fed By                                Fan-In    Fan-Out
 Pin     LC     EC   Row  Col  Primitive    Code      INP  FBK  OUT  FBK  Name
   9      -     -    A    --     OUTPUT                 0    1    0    0  D0
  68      -     -    A    --     OUTPUT                 0    1    0    0  D1
   7      -     -    A    --     OUTPUT                 0    1    0    0  D2
  84      -     -    -    05     OUTPUT                 0    1    0    0  D3
  78      -     -    -    01     OUTPUT                 0    1    0    0  D4
  81      -     -    -    03     OUTPUT                 0    1    0    0  D5
  43      -     -    -    12     OUTPUT                 0    1    0    0  D6
   6      -     -    A    --     OUTPUT                 0    1    0    0  D7
   5      -     -    A    --     OUTPUT                 0    1    0    0  D8
  71      -     -    A    --     OUTPUT                 0    1    0    0  D9
  47      -     -    -    09     OUTPUT                 0    1    0    0  D10
  82      -     -    -    04     OUTPUT                 0    1    0    0  D11
  70      -     -    A    --     OUTPUT                 0    1    0    0  D12
  87      -     -    -    12     OUTPUT                 0    1    0    0  D13
  77      -     -    -    01     OUTPUT                 0    1    0    0  D14
  45      -     -    -    11     OUTPUT                 0    1    0    0  D15
  79      -     -    -    02     OUTPUT                 0    1    0    0  D16
  50      -     -    -    02     OUTPUT                 0    1    0    0  D17
  46      -     -    -    10     OUTPUT                 0    1    0    0  D18
  49      -     -    -    06     OUTPUT                 0    1    0    0  D19
  10      -     -    A    --     OUTPUT                 0    1    0    0  D20
  69      -     -    A    --     OUTPUT                 0    1    0    0  UA0
  63      -     -    B    --     OUTPUT                 0    1    0    0  UA1
  86      -     -    -    09     OUTPUT                 0    1    0    0  UA2
  62      -     -    B    --     OUTPUT                 0    1    0    0  UA3
   8      -     -    A    --     OUTPUT                 0    0    0    0  UA4
  98      -     -    -    24     OUTPUT                 0    0    0    0  UA5


Code:

s = Synthesized pin or logic cell
+ = Synchronous flipflop
/ = Slow slew-rate output
! = NOT gate push-back
r = Fitter-inserted logic cell
^ = Increased input delay
* = PCI I/O is enabled
@ = Uses single-pin Clock Enable
& = Uses single-pin Output Enable


Device-Specific Information:                             d:\finall\controm.rpt
controm

** BURIED LOGIC **

                                                    Fan-In    Fan-Out
 IOC     LC     EC   Row  Col  Primitive    Code      INP  FBK  OUT  FBK  Name
   -      2     -    A    04       AND2                3    1    0    4  :1792
   -      2     -    A    01       AND2                3    1    1    4  :1808
   -      4     -    A    03       AND2                3    1    0    2  :1824
   -      1     -    A    01       AND2                3    1    1    2  :1840
   -      8     -    A    04       AND2                3    1    0    4  :1856
   -      7     -    A    01       AND2                3    1    1    3  :1872
   -      5     -    A    04       AND2                3    1    1    7  :1888
   -      7     -    A    03       AND2                3    1    1    3  :1904
   -      7     -    A    04       AND2                3    1    0    3  :1920
   -      3     -    A    01       AND2                3    1    0    2  :1936
   -      5     -    A    03       AND2                3    1    0    2  :1952
   -      8     -    A    03       AND2                3    1    0    2  :1968
   -      2     -    A    10       AND2                3    1    0   11  :1984
   -      3     -    A    05       AND2    s   !       3    0    0   10  ~2000~1
   -      5     -    A    01        OR2        !       3    1    0    6  :2000
   -      2     -    A    05       AND2    s   !       3    0    0    8  ~2016~1
   -      1     -    A    04        OR2        !       3    1    1    6  :2016
   -      6     -    A    01        OR2    s   !       3    1    1    0  ~2032~1
   -      4     -    A    01        OR2    s   !       3    1    1    0  ~2032~2
   -      3     -    A    03        OR2        !       3    1    1    6  :2032
   -      8     -    A    05        OR2                0    4    1    0  :2035
   -      1     -    A    05        OR2                0    4    1    0  :2092
   -      5     -    A    02        OR2                0    4    0    1  :2230
   -      3     -    A    02       AND2    s           0    4    0    1  ~2250~1
   -      8     -    A    02        OR2                0    4    0    1  :2259
   -      7     -    A    02        OR2                0    4    1    0  :2265
   -      1     -    A    03        OR2    s           0    2    0    7  ~2308~1
   -      6     -    A    11        OR2                0    3    0    1  :2308
   -      4     -    A    11        OR2                0    4    1    0  :2322
   -      1     -    A    02        OR2                0    4    0    1  :2347
   -      2     -    A    02        OR2    s           0    4    0    1  ~2377~1
   -      4     -    A    02        OR2                0    4    1    0  :2377
   -      4     -    A    12        OR2                0    2    0    3  :2416
   -      2     -    A    11        OR2                0    4    1    0  :2436
   -      3     -    A    10        OR2                0    3    1    0  :2493
   -      3     -    A    04        OR2    s           0    2    0    3  ~2533~1
   -      2     -    A    03       AND2    s           0    2    0    2  ~2550~1
   -      6     -    A    03        OR2                0    4    1    0  :2550
   -      8     -    A    10        OR2                0    4    1    0  :2605
   -      3     -    A    11        OR2    s           0    4    0    2  ~2833~1
   -      6     -    A    02        OR2    s           0    2    0    3  ~2833~2
   -      7     -    A    11        OR2    s           0    3    0    1  ~2833~3
   -      8     -    A    11        OR2    s           0    2    0    1  ~2833~4
   -      1     -    A    11        OR2                0    4    1    0  :2833
   -      6     -    A    04        OR2                0    2    1    0  :2848
   -      8     -    A    01        OR2    s           3    1    0    1  ~2995~1
   -      4     -    A    05        OR2    s           3    1    0    1  ~2995~2
   -      6     -    A    05        OR2                0    4    0    3  :2995
   -      5     -    A    05        OR2                0    4    1    0  :3004
   -      5     -    A    11        OR2                0    2    0    1  :3337
   -      7     -    A    10        OR2    s   !       0    3    0    9  ~3348~1
   -      4     -    A    10        OR2    s           0    3    1    0  ~3348~2
   -      6     -    A    10        OR2    s           0    3    1    0  ~3348~3
   -      5     -    A    10        OR2    s           0    3    1    0  ~3348~4
   -      1     -    A    10        OR2                0    3    1    0  :3348


Code:

s = Synthesized pin or logic cell
+ = Synchronous flipflop
/ = Slow slew-rate output
! = NOT gate push-back
r = Fitter-inserted logic cell
^ = Increased input delay
* = PCI I/O is enabled
p = Packed register


Device-Specific Information:                             d:\finall\controm.rpt
controm

** FASTTRACK INTERCONNECT UTILIZATION **

Row FastTrack Interconnect:

          Global         Left Half-      Right Half-
         FastTrack       FastTrack       FastTrack 
Row     Interconnect    Interconnect    Interconnect    Input Pins     Output Pins     Bidir Pins
A:       9/ 96(  9%)    17/ 48( 35%)     0/ 48(  0%)    0/16(  0%)     10/16( 62%)     0/16(  0%)
B:       0/ 96(  0%)     2/ 48(  4%)     0/ 48(  0%)    0/16(  0%)      2/16( 12%)     0/16(  0%)
C:       0/ 96(  0%)     0/ 48(  0%)     0/ 48(  0%)    0/16(  0%)      0/16(  0%)     0/16(  0%)


Column FastTrack Interconnect:

         FastTrack                                 
Column  Interconnect    Input Pins     Output Pins     Bidir Pins
01:      2/24(  8%)     0/4(  0%)      2/4( 50%)       0/4(  0%)
02:      2/24(  8%)     0/4(  0%)      2/4( 50%)       0/4(  0%)
03:      1/24(  4%)     0/4(  0%)      1/4( 25%)       0/4(  0%)
04:      1/24(  4%)     0/4(  0%)      1/4( 25%)       0/4(  0%)
05:      1/24(  4%)     0/4(  0%)      1/4( 25%)       0/4(  0%)
06:      1/24(  4%)     0/4(  0%)      1/4( 25%)       0/4(  0%)
07:      0/24(  0%)     0/4(  0%)      0/4(  0%)       0/4(  0%)
08:      0/24(  0%)     0/4(  0%)      0/4(  0%)       0/4(  0%)
09:      3/24( 12%)     0/4(  0%)      2/4( 50%)       0/4(  0%)
10:      2/24(  8%)     0/4(  0%)      1/4( 25%)       0/4(  0%)
11:      1/24(  4%)     0/4(  0%)      1/4( 25%)       0/4(  0%)
12:      2/24(  8%)     0/4(  0%)      2/4( 50%)       0/4(  0%)
13:      0/24(  0%)     0/4(  0%)      0/4(  0%)       0/4(  0%)
14:      0/24(  0%)     0/4(  0%)      0/4(  0%)       0/4(  0%)
15:      0/24(  0%)     0/4(  0%)      0/4(  0%)       0/4(  0%)
16:      0/24(  0%)     0/4(  0%)      0/4(  0%)       0/4(  0%)
17:      0/24(  0%)     0/4(  0%)      0/4(  0%)       0/4(  0%)
18:      0/24(  0%)     0/4(  0%)      0/4(  0%)       0/4(  0%)
19:      0/24(  0%)     0/4(  0%)      0/4(  0%)       0/4(  0%)
20:      0/24(  0%)     0/4(  0%)      0/4(  0%)       0/4(  0%)
21:      0/24(  0%)     0/4(  0%)      0/4(  0%)       0/4(  0%)
22:      0/24(  0%)     0/4(  0%)      0/4(  0%)       0/4(  0%)
23:      0/24(  0%)     0/4(  0%)      0/4(  0%)       0/4(  0%)
24:      0/24(  0%)     0/4(  0%)      1/4( 25%)       0/4(  0%)
EA:      0/24(  0%)     0/4(  0%)      0/4(  0%)       0/4(  0%)


Device-Specific Information:                             d:\finall\controm.rpt
controm

** EQUATIONS **

ADDR0    : INPUT;
ADDR1    : INPUT;
ADDR2    : INPUT;
ADDR3    : INPUT;
ADDR4    : INPUT;
ADDR5    : INPUT;

-- Node name is 'D0' 
-- Equation name is 'D0', type is output 
D0       =  _LC7_A1;

-- Node name is 'D1' 
-- Equation name is 'D1', type is output 
D1       =  _LC7_A3;

-- Node name is 'D2' 
-- Equation name is 'D2', type is output 
D2       =  _LC3_A3;

-- Node name is 'D3' 
-- Equation name is 'D3', type is output 
D3       =  _LC5_A5;

-- Node name is 'D4' 
-- Equation name is 'D4', type is output 
D4       = !_LC6_A1;

-- Node name is 'D5' 
-- Equation name is 'D5', type is output 
D5       =  _LC6_A4;

-- Node name is 'D6' 
-- Equation name is 'D6', type is output 
D6       =  _LC1_A11;

-- Node name is 'D7' 
-- Equation name is 'D7', type is output 
D7       = !_LC2_A1;

-- Node name is 'D8' 
-- Equation name is 'D8', type is output 
D8       = !_LC1_A1;

-- Node name is 'D9' 
-- Equation name is 'D9', type is output 
D9       = !_LC1_A4;

-- Node name is 'D10' 
-- Equation name is 'D10', type is output 
D10      =  _LC8_A10;

-- Node name is 'D11' 
-- Equation name is 'D11', type is output 
D11      =  _LC6_A3;

-- Node name is 'D12' 
-- Equation name is 'D12', type is output 
D12      =  _LC3_A10;

-- Node name is 'D13' 
-- Equation name is 'D13', type is output 
D13      =  _LC2_A11;

-- Node name is 'D14' 
-- Equation name is 'D14', type is output 
D14      =  _LC4_A2;

-- Node name is 'D15' 
-- Equation name is 'D15', type is output 
D15      =  _LC4_A11;

-- Node name is 'D16' 
-- Equation name is 'D16', type is output 
D16      =  _LC7_A2;

-- Node name is 'D17' 
-- Equation name is 'D17', type is output 
D17      =  _LC4_A1;

-- Node name is 'D18' 
-- Equation name is 'D18', type is output 
D18      =  _LC1_A10;

-- Node name is 'D19' 
-- Equation name is 'D19', type is output 
D19      =  _LC1_A5;

-- Node name is 'D20' 
-- Equation name is 'D20', type is output 
D20      =  _LC8_A5;

-- Node name is 'UA0' 
-- Equation name is 'UA0', type is output 
UA0      =  _LC5_A4;

-- Node name is 'UA1' 
-- Equation name is 'UA1', type is output 
UA1      =  _LC4_A10;

-- Node name is 'UA2' 
-- Equation name is 'UA2', type is output 
UA2      =  _LC6_A10;

-- Node name is 'UA3' 
-- Equation name is 'UA3', type is output 
UA3      =  _LC5_A10;

-- Node name is 'UA4' 
-- Equation name is 'UA4', type is output 
UA4      =  GND;

-- Node name is 'UA5' 
-- Equation name is 'UA5', type is output 
UA5      =  GND;

-- Node name is ':1792' 
-- Equation name is '_LC2_A4', type is buried 
_LC2_A4  = LCELL( _EQ001);
  _EQ001 =  ADDR1 &  ADDR2 &  ADDR3 & !_LC2_A5;

-- Node name is ':1808' 
-- Equation name is '_LC2_A1', type is buried 
_LC2_A1  = LCELL( _EQ002);
  _EQ002 =  ADDR1 &  ADDR2 &  ADDR3 & !_LC3_A5;

-- Node name is ':1824' 
-- Equation name is '_LC4_A3', type is buried 
_LC4_A3  = LCELL( _EQ003);
  _EQ003 = !ADDR1 &  ADDR2 &  ADDR3 & !_LC2_A5;

-- Node name is ':1840' 
-- Equation name is '_LC1_A1', type is buried 
_LC1_A1  = LCELL( _EQ004);
  _EQ004 = !ADDR1 &  ADDR2 &  ADDR3 & !_LC3_A5;

-- Node name is ':1856' 
-- Equation name is '_LC8_A4', type is buried 
_LC8_A4  = LCELL( _EQ005);
  _EQ005 =  ADDR1 & !ADDR2 &  ADDR3 & !_LC2_A5;

-- Node name is ':1872' 
-- Equation name is '_LC7_A1', type is buried 
_LC7_A1  = LCELL( _EQ006);
  _EQ006 =  ADDR1 & !ADDR2 &  ADDR3 & !_LC3_A5;

-- Node name is ':1888' 
-- Equation name is '_LC5_A4', type is buried 
_LC5_A4  = LCELL( _EQ007);
  _EQ007 = !ADDR1 & !ADDR2 &  ADDR3 & !_LC2_A5;

-- Node name is ':1904' 
-- Equation name is '_LC7_A3', type is buried 
_LC7_A3  = LCELL( _EQ008);
  _EQ008 = !ADDR1 & !ADDR2 &  ADDR3 & !_LC3_A5;

-- Node name is ':1920' 
-- Equation name is '_LC7_A4', type is buried 
_LC7_A4  = LCELL( _EQ009);
  _EQ009 =  ADDR1 &  ADDR2 & !ADDR3 & !_LC2_A5;

-- Node name is ':1936' 
-- Equation name is '_LC3_A1', type is buried 
_LC3_A1  = LCELL( _EQ010);
  _EQ010 =  ADDR1 &  ADDR2 & !ADDR3 & !_LC3_A5;

-- Node name is ':1952' 
-- Equation name is '_LC5_A3', type is buried 
_LC5_A3  = LCELL( _EQ011);
  _EQ011 = !ADDR1 &  ADDR2 & !ADDR3 & !_LC2_A5;

-- Node name is ':1968' 
-- Equation name is '_LC8_A3', type is buried 
_LC8_A3  = LCELL( _EQ012);
  _EQ012 = !ADDR1 &  ADDR2 & !ADDR3 & !_LC3_A5;

-- Node name is ':1984' 
-- Equation name is '_LC2_A10', type is buried 
_LC2_A10 = LCELL( _EQ013);
  _EQ013 =  ADDR1 & !ADDR2 & !ADDR3 & !_LC2_A5;

-- Node name is '~2000~1' 
-- Equation name is '~2000~1', location is LC3_A5, type is buried.
-- synthesized logic cell 
!_LC3_A5 = _LC3_A5~NOT;
_LC3_A5~NOT = LCELL( _EQ014);
  _EQ014 = !ADDR0 & !ADDR4 & !ADDR5;

-- Node name is ':2000' 
-- Equation name is '_LC5_A1', type is buried 
!_LC5_A1 = _LC5_A1~NOT;
_LC5_A1~NOT = LCELL( _EQ015);
  _EQ015 = !ADDR1
         #  _LC3_A5
         #  ADDR2
         #  ADDR3;

-- Node name is '~2016~1' 
-- Equation name is '~2016~1', location is LC2_A5, type is buried.
-- synthesized logic cell 
!_LC2_A5 = _LC2_A5~NOT;
_LC2_A5~NOT = LCELL( _EQ016);
  _EQ016 =  ADDR0 & !ADDR4 & !ADDR5;

-- Node name is ':2016' 
-- Equation name is '_LC1_A4', type is buried 
!_LC1_A4 = _LC1_A4~NOT;
_LC1_A4~NOT = LCELL( _EQ017);
  _EQ017 =  ADDR2
         #  ADDR1
         #  ADDR3
         #  _LC2_A5;

-- Node name is '~2032~1' 
-- Equation name is '~2032~1', location is LC6_A1, type is buried.
-- synthesized logic cell 
!_LC6_A1 = _LC6_A1~NOT;
_LC6_A1~NOT = LCELL( _EQ018);
  _EQ018 =  ADDR2
         #  ADDR1
         #  ADDR3
         #  _LC3_A5;

-- Node name is '~2032~2' 
-- Equation name is '~2032~2', location is LC4_A1, type is buried.
-- synthesized logic cell 
!_LC4_A1 = _LC4_A1~NOT;
_LC4_A1~NOT = LCELL( _EQ019);
  _EQ019 =  ADDR2
         #  ADDR1
         #  ADDR3
         #  _LC3_A5;

-- Node name is ':2032' 
-- Equation name is '_LC3_A3', type is buried 
!_LC3_A3 = _LC3_A3~NOT;
_LC3_A3~NOT = LCELL( _EQ020);
  _EQ020 =  ADDR2
         #  ADDR1
         #  ADDR3
         #  _LC3_A5;

-- Node name is ':2035' 
-- Equation name is '_LC8_A5', type is buried 
_LC8_A5  = LCELL( _EQ021);
  _EQ021 =  _LC1_A4
         #  _LC5_A1
         #  _LC6_A5
         #  _LC3_A3;

-- Node name is ':2092' 
-- Equation name is '_LC1_A5', type is buried 
_LC1_A5  = LCELL( _EQ022);
  _EQ022 = !_LC1_A4 & !_LC5_A1 & !_LC6_A5
         #  _LC3_A3;

-- Node name is ':2230' 
-- Equation name is '_LC5_A2', type is buried 
_LC5_A2  = LCELL( _EQ023);
  _EQ023 = !_LC1_A1 &  _LC4_A3
         # !_LC1_A1 &  _LC2_A4
         #  _LC8_A4;

-- Node name is '~2250~1' 
-- Equation name is '~2250~1', location is LC3_A2, type is buried.
-- synthesized logic cell 
_LC3_A2  = LCELL( _EQ024);
  _EQ024 = !_LC3_A4 & !_LC5_A4 & !_LC7_A1 & !_LC7_A3;

-- Node name is ':2259' 
-- Equation name is '_LC8_A2', type is buried 
_LC8_A2  = LCELL( _EQ025);
  _EQ025 = !_LC2_A10 &  _LC3_A2 &  _LC5_A2
         #  _LC1_A3 & !_LC2_A10;

-- Node name is ':2265' 
-- Equation name is '_LC7_A2', type is buried 
_LC7_A2  = LCELL( _EQ026);
  _EQ026 =  _LC1_A4 & !_LC3_A3
         # !_LC3_A3 &  _LC5_A1
         # !_LC3_A3 &  _LC8_A2;

-- Node name is '~2308~1' 
-- Equation name is '~2308~1', location is LC1_A3, type is buried.
-- synthesized logic cell 
_LC1_A3  = LCELL( _EQ027);
  _EQ027 =  _LC5_A3
         #  _LC8_A3;

-- Node name is ':2308' 
-- Equation name is '_LC6_A11', type is buried 
_LC6_A11 = LCELL( _EQ028);
  _EQ028 =  _LC7_A4
         #  _LC4_A12
         #  _LC1_A3;

-- Node name is ':2322' 
-- Equation name is '_LC4_A11', type is buried 
_LC4_A11 = LCELL( _EQ029);
  _EQ029 =  _LC2_A3 &  _LC7_A4
         #  _LC2_A3 &  _LC4_A12
         #  _LC1_A3 &  _LC2_A3;

-- Node name is ':2347' 
-- Equation name is '_LC1_A2', type is buried 
_LC1_A2  = LCELL( _EQ030);
  _EQ030 = !_LC2_A1 & !_LC6_A2
         #  _LC8_A4
         #  _LC7_A1;

-- Node name is '~2377~1' 
-- Equation name is '~2377~1', location is LC2_A2, type is buried.
-- synthesized logic cell 
_LC2_A2  = LCELL( _EQ031);
  _EQ031 =  _LC3_A4
         #  _LC7_A3
         #  _LC2_A10
         #  _LC1_A3;

-- Node name is ':2377' 
-- Equation name is '_LC4_A2', type is buried 
_LC4_A2  = LCELL( _EQ032);
  _EQ032 =  _LC1_A2 & !_LC5_A4
         #  _LC2_A2
         # !_LC7_A10;

-- Node name is ':2416' 
-- Equation name is '_LC4_A12', type is buried 
_LC4_A12 = LCELL( _EQ033);
  _EQ033 =  _LC8_A4
         #  _LC3_A1;

-- Node name is ':2436' 
-- Equation name is '_LC2_A11', type is buried 
_LC2_A11 = LCELL( _EQ034);
  _EQ034 = !_LC1_A3 &  _LC4_A12 &  _LC7_A10
         #  _LC2_A10 &  _LC7_A10;

-- Node name is ':2493' 
-- Equation name is '_LC3_A10', type is buried 
_LC3_A10 = LCELL( _EQ035);
  _EQ035 =  _LC2_A10 &  _LC7_A10
         #  _LC1_A3 &  _LC7_A10;

-- Node name is '~2533~1' 
-- Equation name is '~2533~1', location is LC3_A4, type is buried.
-- synthesized logic cell 
_LC3_A4  = LCELL( _EQ036);
  _EQ036 =  _LC7_A4
         #  _LC3_A1;

-- Node name is '~2550~1' 
-- Equation name is '~2550~1', location is LC2_A3, type is buried.
-- synthesized logic cell 
_LC2_A3  = LCELL( _EQ037);
  _EQ037 = !_LC2_A10 &  _LC7_A10;

-- Node name is ':2550' 
-- Equation name is '_LC6_A3', type is buried 
_LC6_A3  = LCELL( _EQ038);
  _EQ038 =  _LC2_A3 &  _LC3_A4 & !_LC8_A3
         #  _LC2_A3 &  _LC5_A3 & !_LC8_A3;

-- Node name is ':2605' 
-- Equation name is '_LC8_A10', type is buried 
_LC8_A10 = LCELL( _EQ039);
  _EQ039 = !_LC7_A10
         # !_LC1_A3 & !_LC2_A10 & !_LC8_A4;

-- Node name is '~2833~1' 
-- Equation name is '~2833~1', location is LC3_A11, type is buried.
-- synthesized logic cell 
_LC3_A11 = LCELL( _EQ040);
  _EQ040 =  _LC5_A11
         #  _LC7_A3
         #  _LC7_A1
         #  _LC6_A11;

-- Node name is '~2833~2' 
-- Equation name is '~2833~2', location is LC6_A2, type is buried.
-- synthesized logic cell 
_LC6_A2  = LCELL( _EQ041);
  _EQ041 =  _LC4_A3
         #  _LC1_A1;

-- Node name is '~2833~3' 
-- Equation name is '~2833~3', location is LC7_A11, type is buried.
-- synthesized logic cell 
_LC7_A11 = LCELL( _EQ042);
  _EQ042 = !_LC2_A1 & !_LC2_A4
         #  _LC5_A1;

-- Node name is '~2833~4' 
-- Equation name is '~2833~4', location is LC8_A11, type is buried.
-- synthesized logic cell 
_LC8_A11 = LCELL( _EQ043);
  _EQ043 =  _LC1_A4
         #  _LC3_A3;

-- Node name is ':2833' 
-- Equation name is '_LC1_A11', type is buried 
_LC1_A11 = LCELL( _EQ044);
  _EQ044 =  _LC7_A11
         #  _LC8_A11
         #  _LC6_A2
         #  _LC3_A11;

-- Node name is ':2848' 
-- Equation name is '_LC6_A4', type is buried 
_LC6_A4  = LCELL( _EQ045);
  _EQ045 =  _LC2_A1
         # !_LC2_A4;

-- Node name is '~2995~1' 
-- Equation name is '~2995~1', location is LC8_A1, type is buried.
-- synthesized logic cell 
_LC8_A1  = LCELL( _EQ046);
  _EQ046 =  ADDR2
         #  ADDR1
         #  ADDR3
         #  _LC2_A4;

-- Node name is '~2995~2' 
-- Equation name is '~2995~2', location is LC4_A5, type is buried.
-- synthesized logic cell 
_LC4_A5  = LCELL( _EQ047);
  _EQ047 =  _LC8_A1
         #  ADDR4 &  ADDR5
         # !ADDR4 & !ADDR5
         #  ADDR0;

-- Node name is ':2995' 
-- Equation name is '_LC6_A5', type is buried 
_LC6_A5  = LCELL( _EQ048);
  _EQ048 =  _LC3_A11
         #  _LC2_A1
         #  _LC6_A2
         #  _LC4_A5;

-- Node name is ':3004' 
-- Equation name is '_LC5_A5', type is buried 
_LC5_A5  = LCELL( _EQ049);
  _EQ049 =  _LC1_A4
         #  _LC3_A3
         # !_LC5_A1 &  _LC6_A5;

-- Node name is ':3337' 
-- Equation name is '_LC5_A11', type is buried 
_LC5_A11 = LCELL( _EQ050);
  _EQ050 =  _LC5_A4
         #  _LC2_A10;

-- Node name is '~3348~1' 
-- Equation name is '~3348~1', location is LC7_A10, type is buried.
-- synthesized logic cell 
!_LC7_A10 = _LC7_A10~NOT;
_LC7_A10~NOT = LCELL( _EQ051);
  _EQ051 =  _LC1_A4
         #  _LC5_A1
         #  _LC3_A3;

-- Node name is '~3348~2' 
-- Equation name is '~3348~2', location is LC4_A10, type is buried.
-- synthesized logic cell 
_LC4_A10 = LCELL( _EQ052);
  _EQ052 =  _LC5_A4 &  _LC7_A10
         #  _LC2_A10 &  _LC7_A10;

-- Node name is '~3348~3' 
-- Equation name is '~3348~3', location is LC6_A10, type is buried.
-- synthesized logic cell 
_LC6_A10 = LCELL( _EQ053);
  _EQ053 =  _LC5_A4 &  _LC7_A10
         #  _LC2_A10 &  _LC7_A10;

-- Node name is '~3348~4' 
-- Equation name is '~3348~4', location is LC5_A10, type is buried.
-- synthesized logic cell 
_LC5_A10 = LCELL( _EQ054);
  _EQ054 =  _LC5_A4 &  _LC7_A10
         #  _LC2_A10 &  _LC7_A10;

-- Node name is ':3348' 
-- Equation name is '_LC1_A10', type is buried 
_LC1_A10 = LCELL( _EQ055);
  _EQ055 =  _LC5_A4 &  _LC7_A10
         #  _LC2_A10 &  _LC7_A10;



Project Information                                      d:\finall\controm.rpt

** COMPILATION SETTINGS & TIMES **

Processing Menu Commands
------------------------

Design Doctor                             = off

Logic Synthesis:

   Synthesis Type Used                    = Multi-Level

   Default Synthesis Style                = NORMAL

      Logic option settings in 'NORMAL' style for 'ACEX1K' family

      CARRY_CHAIN                         = ignore
      CARRY_CHAIN_LENGTH                  = 32
      CASCADE_CHAIN                       = ignore
      CASCADE_CHAIN_LENGTH                = 2
      DECOMPOSE_GATES                     = on
      DUPLICATE_LOGIC_EXTRACTION          = on
      MINIMIZATION                        = full
      MULTI_LEVEL_FACTORING               = on
      NOT_GATE_PUSH_BACK                  = on
      REDUCE_LOGIC                        = on
      REFACTORIZATION                     = on
      REGISTER_OPTIMIZATION               = on
      RESYNTHESIZE_NETWORK                = on
      SLOW_SLEW_RATE                      = off
      SUBFACTOR_EXTRACTION                = on
      IGNORE_SOFT_BUFFERS                 = on
      USE_LPM_FOR_AHDL_OPERATORS          = off

   Other logic synthesis settings:

      Automatic Global Clock              = on
      Automatic Global Clear              = on
      Automatic Global Preset             = on
      Automatic Global Output Enable      = on
      Automatic Fast I/O                  = off
      Automatic Register Packing          = off
      Automatic Open-Drain Pins           = on
      Automatic Implement in EAB          = off
      Optimize                            = 5

Default Timing Specifications: None

Cut All Bidir Feedback Timing Paths       = on
Cut All Clear & Preset Timing Paths       = on

Ignore Timing Assignments                 = off

Functional SNF Extractor                  = off

Linked SNF Extractor                      = off
Timing SNF Extractor                      = on
Optimize Timing SNF                       = off
Generate AHDL TDO File                    = off
Fitter Settings                           = NORMAL
Use Quartus Fitter                        = on
Smart Recompile                           = off
Total Recompile                           = off

Interfaces Menu Commands
------------------------

EDIF Netlist Writer                       = off
Verilog Netlist Writer                    = off
VHDL Netlist Writer                       = off

Compilation Times
-----------------

   Compiler Netlist Extractor             00:00:00
   Database Builder                       00:00:00
   Logic Synthesizer                      00:00:00
   Partitioner                            00:00:00
   Fitter                                 00:00:01
   Timing SNF Extractor                   00:00:00
   Assembler                              00:00:00
   --------------------------             --------
   Total Time                             00:00:01


Memory Allocated
-----------------

Peak memory allocated during compilation  = 18,344K
