Project Information                                       d:\finall\mux4_1.rpt

MAX+plus II Compiler Report File
Version 10.0 9/14/2000
Compiled: 09/07/2020 21:03:31

Copyright (C) 1988-2000 Altera Corporation
Any megafunction design, and related net list (encrypted or decrypted),
support information, device programming or simulation file, and any other
associated documentation or information provided by Altera or a partner
under Altera's Megafunction Partnership Program may be used only to
program PLD devices (but not masked PLD devices) from Altera.  Any other
use of such megafunction design, net list, support information, device
programming or simulation file, or any other related documentation or
information is prohibited for any other purpose, including, but not
limited to modification, reverse engineering, de-compiling, or use with
any other silicon devices, unless such use is explicitly licensed under
a separate agreement with Altera or a megafunction partner.  Title to
the intellectual property, including patents, copyrights, trademarks,
trade secrets, or maskworks, embodied in any such megafunction design,
net list, support information, device programming or simulation file, or
any other related documentation or information provided by Altera or a
megafunction partner, remains with Altera, the megafunction partner, or
their respective licensors.  No other licenses, including any licenses
needed under any third party's intellectual property, are provided herein.



***** Project compilation was successful


MUX4_1


** DEVICE SUMMARY **

Chip/                     Input Output Bidir  Memory  Memory  			 LCs
POF       Device          Pins  Pins   Pins   Bits % Utilized  LCs  % Utilized

mux4_1    EP1K10TC100-1    34     8      0    0         0  %    24       4  %

User Pins:                 34     8      0  



Project Information                                       d:\finall\mux4_1.rpt

** PROJECT TIMING MESSAGES **

Warning: Timing characteristics of device EP1K10TC100-1 are preliminary


Device-Specific Information:                              d:\finall\mux4_1.rpt
mux4_1

***** Logic for device 'mux4_1' compiled without errors.




Device: EP1K10TC100-1

ACEX 1K Configuration Scheme: Passive Serial

Device Options:
    User-Supplied Start-Up Clock               = OFF
    Auto-Restart Configuration on Frame Error  = OFF
    Release Clears Before Tri-States           = OFF
    Enable Chip_Wide Reset                     = OFF
    Enable Chip-Wide Output Enable             = OFF
    Enable INIT_DONE Output                    = OFF
    JTAG User Code                             = 7f
    MultiVolt I/O                              = OFF
    Enable Lock Output                         = OFF

                                                                   
                                                                   
                  R R R R   R R           R     R       R   R      
                  E E E E   E E           E     E       E   E      
                  S S S S   S S V         S     S       S   S   ^  
                  E E E E   E E C         E     E V     E   E   D  
                # R R R R   R R C         R     R C     R   R   A  
                T V V V V G V V I R R R G V R R V C R R V R V R T  
                C E E E E N E E N 3 0 2 N E 2 1 E I 2 0 E 2 E 2 A  
                K D D D D D D D T 0 0 0 D D 1 3 D O 3 6 D 7 D 6 0  
              ----------------------------------------------------_ 
             / 100  98  96  94  92  90  88  86  84  82  80  78  76   |_ 
            /     99  97  95  93  91  89  87  85  83  81  79  77    | 
^CONF_DONE |  1                                                    75 | ^DCLK 
     ^nCEO |  2                                                    74 | ^nCE 
      #TDO |  3                                                    73 | #TDI 
     VCCIO |  4                                                    72 | VCCINT 
       R05 |  5                                                    71 | X4 
       R35 |  6                                                    70 | X6 
       R16 |  7                                                    69 | X5 
       R14 |  8                                                    68 | R04 
       R25 |  9                                                    67 | VCCIO 
       R15 | 10                                                    66 | GND 
       GND | 11                                                    65 | X0 
    VCCINT | 12                                                    64 | X7 
       R37 | 13                   EP1K10TC100-1                    63 | R03 
       R17 | 14                                                    62 | R24 
       R33 | 15                                                    61 | X3 
       R07 | 16                                                    60 | VCCINT 
     VCCIO | 17                                                    59 | GND 
       GND | 18                                                    58 | R12 
       R32 | 19                                                    57 | R01 
       R22 | 20                                                    56 | X1 
       R31 | 21                                                    55 | X2 
       R02 | 22                                                    54 | ^MSEL0 
       R11 | 23                                                    53 | ^MSEL1 
      #TMS | 24                                                    52 | VCCINT 
  ^nSTATUS | 25                                                    51 | ^nCONFIG 
           |      27  29  31  33  35  37  39  41  43  45  47  49  _| 
            \   26  28  30  32  34  36  38  40  42  44  46  48  50   | 
             \----------------------------------------------------- 
                R R R R R R R R R V G V I R I G G R V R R R R R R  
                E E E E E E E E E C N C 1 1 1 N N E C 3 E 3 E E E  
                S S S S S S S S S C D C 0 0 1 D D S C 4 S 6 S S S  
                E E E E E E E E E I   _       _   E I   E   E E E  
                R R R R R R R R R N   C       C   R O   R   R R R  
                V V V V V V V V V T   K       K   V     V   V V V  
                E E E E E E E E E     L       L   E     E   E E E  
                D D D D D D D D D     K       K   D     D   D D D  
                                                                   
                                                                   


N.C. = No Connect. This pin has no internal connection to the device.
VCCINT = Dedicated power pin, which MUST be connected to VCC (2.5 volts).
VCCIO = Dedicated power pin, which MUST be connected to VCC (2.5 volts).
GND = Dedicated ground pin or unused dedicated input, which MUST be connected to GND.
RESERVED = Unused I/O pin, which MUST be left unconnected.

^ = Dedicated configuration pin.
+ = Reserved configuration pin, which is tri-stated during user mode.
* = Reserved configuration pin, which drives out in user mode.
PDn = Power Down pin. 
@ = Special-purpose pin. 
# = JTAG Boundary-Scan Testing/In-System Programming or Configuration Pin. The JTAG inputs TMS and TDI should be tied to VCC and TCK should be tied to GND when not in use.
& = JTAG pin used for I/O. When used as user I/O, JTAG pins must be kept stable before and during configuration.  JTAG pin stability prevents accidental loading of JTAG instructions.
$ = Pin has PCI I/O option enabled. Pin is neither '5.0 V'- nor '3.3 V'-tolerant. 


Device-Specific Information:                              d:\finall\mux4_1.rpt
mux4_1

** RESOURCE USAGE **

Logic                Column       Row                                   
Array                Interconnect Interconnect         Clears/     External  
Block   Logic Cells  Driven       Driven       Clocks  Presets   Interconnect
A8       8/ 8(100%)   0/ 8(  0%)   3/ 8( 37%)    0/2    0/2      13/22( 59%)   
B7       8/ 8(100%)   1/ 8( 12%)   3/ 8( 37%)    0/2    0/2      14/22( 63%)   
C8       8/ 8(100%)   1/ 8( 12%)   2/ 8( 25%)    0/2    0/2      13/22( 59%)   


Embedded             Column       Row                                   
Array     Embedded   Interconnect Interconnect         Read/      External  
Block     Cells      Driven       Driven       Clocks  Write    Interconnect


Total dedicated input pins used:                 6/6      (100%)
Total I/O pins used:                            36/60     ( 60%)
Total logic cells used:                         24/576    (  4%)
Total embedded cells used:                       0/48     (  0%)
Total EABs used:                                 0/3      (  0%)
Average fan-in:                                 4.00/4    (100%)
Total fan-in:                                  96/2304    (  4%)

Total input pins required:                      34
Total input I/O cell registers required:         0
Total output pins required:                      8
Total output I/O cell registers required:        0
Total buried I/O cell registers required:        0
Total bidirectional pins required:               0
Total reserved pins required                     0
Total logic cells required:                     24
Total flipflops required:                        0
Total packed registers required:                 0
Total logic cells in carry chains:               0
Total number of carry chains:                    0
Total logic cells in cascade chains:             0
Total number of cascade chains:                  0
Total single-pin Clock Enables required:         0
Total single-pin Output Enables required:        0

Synthesized logic cells:                         0/ 576   (  0%)

Logic Cell and Embedded Cell Counts

Column:  01  02  03  04  05  06  07  08  09  10  11  12  EA  13  14  15  16  17  18  19  20  21  22  23  24  Total(LC/EC)
 A:      0   0   0   0   0   0   0   8   0   0   0   0   0   0   0   0   0   0   0   0   0   0   0   0   0      8/0  
 B:      0   0   0   0   0   0   8   0   0   0   0   0   0   0   0   0   0   0   0   0   0   0   0   0   0      8/0  
 C:      0   0   0   0   0   0   0   8   0   0   0   0   0   0   0   0   0   0   0   0   0   0   0   0   0      8/0  

Total:   0   0   0   0   0   0   8  16   0   0   0   0   0   0   0   0   0   0   0   0   0   0   0   0   0     24/0  



Device-Specific Information:                              d:\finall\mux4_1.rpt
mux4_1

** INPUTS **

                                                    Fan-In    Fan-Out
 Pin     LC     EC   Row  Col  Primitive    Code      INP  FBK  OUT  FBK  Name
  38      -     -    -    --      INPUT             ^    0    0    0   24  I10
  40      -     -    -    --      INPUT             ^    0    0    0   24  I11
  90      -     -    -    --      INPUT             ^    0    0    0    1  R00
  57      -     -    C    --      INPUT             ^    0    0    0    1  R01
  22      -     -    C    --      INPUT             ^    0    0    0    1  R02
  63      -     -    B    --      INPUT             ^    0    0    0    1  R03
  68      -     -    A    --      INPUT             ^    0    0    0    1  R04
   5      -     -    A    --      INPUT             ^    0    0    0    1  R05
  81      -     -    -    03      INPUT             ^    0    0    0    1  R06
  16      -     -    B    --      INPUT             ^    0    0    0    1  R07
  39      -     -    -    --      INPUT             ^    0    0    0    1  R10
  23      -     -    C    --      INPUT             ^    0    0    0    1  R11
  58      -     -    C    --      INPUT             ^    0    0    0    1  R12
  85      -     -    -    08      INPUT             ^    0    0    0    1  R13
   8      -     -    A    --      INPUT             ^    0    0    0    1  R14
  10      -     -    A    --      INPUT             ^    0    0    0    1  R15
   7      -     -    A    --      INPUT             ^    0    0    0    1  R16
  14      -     -    B    --      INPUT             ^    0    0    0    1  R17
  89      -     -    -    --      INPUT             ^    0    0    0    1  R20
  86      -     -    -    09      INPUT             ^    0    0    0    1  R21
  20      -     -    C    --      INPUT             ^    0    0    0    1  R22
  82      -     -    -    04      INPUT             ^    0    0    0    1  R23
  62      -     -    B    --      INPUT             ^    0    0    0    1  R24
   9      -     -    A    --      INPUT             ^    0    0    0    1  R25
  77      -     -    -    01      INPUT             ^    0    0    0    1  R26
  79      -     -    -    02      INPUT             ^    0    0    0    1  R27
  91      -     -    -    --      INPUT             ^    0    0    0    1  R30
  21      -     -    C    --      INPUT             ^    0    0    0    1  R31
  19      -     -    C    --      INPUT             ^    0    0    0    1  R32
  15      -     -    B    --      INPUT             ^    0    0    0    1  R33
  45      -     -    -    11      INPUT             ^    0    0    0    1  R34
   6      -     -    A    --      INPUT             ^    0    0    0    1  R35
  47      -     -    -    09      INPUT             ^    0    0    0    1  R36
  13      -     -    B    --      INPUT             ^    0    0    0    1  R37


Code:

s = Synthesized pin or logic cell
+ = Synchronous flipflop
/ = Slow slew-rate output
! = NOT gate push-back
r = Fitter-inserted logic cell
^ = Increased input delay
* = PCI I/O is enabled
@ = Uses single-pin Clock Enable
& = Uses single-pin Output Enable


Device-Specific Information:                              d:\finall\mux4_1.rpt
mux4_1

** OUTPUTS **

       Fed By Fed By                                Fan-In    Fan-Out
 Pin     LC     EC   Row  Col  Primitive    Code      INP  FBK  OUT  FBK  Name
  65      -     -    B    --     OUTPUT                 0    1    0    0  X0
  56      -     -    C    --     OUTPUT                 0    1    0    0  X1
  55      -     -    C    --     OUTPUT                 0    1    0    0  X2
  61      -     -    B    --     OUTPUT                 0    1    0    0  X3
  71      -     -    A    --     OUTPUT                 0    1    0    0  X4
  69      -     -    A    --     OUTPUT                 0    1    0    0  X5
  70      -     -    A    --     OUTPUT                 0    1    0    0  X6
  64      -     -    B    --     OUTPUT                 0    1    0    0  X7


Code:

s = Synthesized pin or logic cell
+ = Synchronous flipflop
/ = Slow slew-rate output
! = NOT gate push-back
r = Fitter-inserted logic cell
^ = Increased input delay
* = PCI I/O is enabled
@ = Uses single-pin Clock Enable
& = Uses single-pin Output Enable


Device-Specific Information:                              d:\finall\mux4_1.rpt
mux4_1

** BURIED LOGIC **

                                                    Fan-In    Fan-Out
 IOC     LC     EC   Row  Col  Primitive    Code      INP  FBK  OUT  FBK  Name
   -      7     -    B    07        OR2                3    1    0    1  :246
   -      5     -    B    07        OR2                4    0    0    1  :248
   -      2     -    B    07        OR2                3    1    1    0  :252
   -      8     -    A    08        OR2                3    1    0    1  :261
   -      7     -    A    08        OR2                4    0    0    1  :263
   -      2     -    A    08        OR2                3    1    1    0  :264
   -      6     -    A    08        OR2                3    1    0    1  :273
   -      4     -    A    08        OR2                4    0    0    1  :275
   -      5     -    A    08        OR2                3    1    1    0  :276
   -      3     -    A    08        OR2                3    1    0    1  :285
   -      6     -    B    07        OR2                4    0    0    1  :287
   -      1     -    A    08        OR2                3    1    1    0  :288
   -      4     -    B    07        OR2                3    1    0    1  :297
   -      3     -    B    07        OR2                4    0    0    1  :299
   -      8     -    B    07        OR2                3    1    1    0  :300
   -      6     -    C    08        OR2                3    1    0    1  :309
   -      5     -    C    08        OR2                4    0    0    1  :311
   -      7     -    C    08        OR2                3    1    1    0  :312
   -      4     -    C    08        OR2                3    1    0    1  :321
   -      3     -    C    08        OR2                4    0    0    1  :323
   -      8     -    C    08        OR2                3    1    1    0  :324
   -      1     -    C    08        OR2                3    1    0    1  :333
   -      2     -    C    08        OR2                4    0    0    1  :335
   -      1     -    B    07        OR2                3    1    1    0  :336


Code:

s = Synthesized pin or logic cell
+ = Synchronous flipflop
/ = Slow slew-rate output
! = NOT gate push-back
r = Fitter-inserted logic cell
^ = Increased input delay
* = PCI I/O is enabled
p = Packed register


Device-Specific Information:                              d:\finall\mux4_1.rpt
mux4_1

** FASTTRACK INTERCONNECT UTILIZATION **

Row FastTrack Interconnect:

          Global         Left Half-      Right Half-
         FastTrack       FastTrack       FastTrack 
Row     Interconnect    Interconnect    Interconnect    Input Pins     Output Pins     Bidir Pins
A:       8/ 96(  8%)     6/ 48( 12%)     0/ 48(  0%)    7/16( 43%)      3/16( 18%)     0/16(  0%)
B:       8/ 96(  8%)     6/ 48( 12%)     0/ 48(  0%)    6/16( 37%)      3/16( 18%)     0/16(  0%)
C:       9/ 96(  9%)     1/ 48(  2%)     0/ 48(  0%)    7/16( 43%)      2/16( 12%)     0/16(  0%)


Column FastTrack Interconnect:

         FastTrack                                 
Column  Interconnect    Input Pins     Output Pins     Bidir Pins
01:      1/24(  4%)     1/4( 25%)      0/4(  0%)       0/4(  0%)
02:      1/24(  4%)     1/4( 25%)      0/4(  0%)       0/4(  0%)
03:      1/24(  4%)     1/4( 25%)      0/4(  0%)       0/4(  0%)
04:      1/24(  4%)     1/4( 25%)      0/4(  0%)       0/4(  0%)
05:      0/24(  0%)     0/4(  0%)      0/4(  0%)       0/4(  0%)
06:      0/24(  0%)     0/4(  0%)      0/4(  0%)       0/4(  0%)
07:      1/24(  4%)     0/4(  0%)      0/4(  0%)       0/4(  0%)
08:      2/24(  8%)     1/4( 25%)      0/4(  0%)       0/4(  0%)
09:      2/24(  8%)     2/4( 50%)      0/4(  0%)       0/4(  0%)
10:      0/24(  0%)     0/4(  0%)      0/4(  0%)       0/4(  0%)
11:      1/24(  4%)     1/4( 25%)      0/4(  0%)       0/4(  0%)
12:      0/24(  0%)     0/4(  0%)      0/4(  0%)       0/4(  0%)
13:      0/24(  0%)     0/4(  0%)      0/4(  0%)       0/4(  0%)
14:      0/24(  0%)     0/4(  0%)      0/4(  0%)       0/4(  0%)
15:      0/24(  0%)     0/4(  0%)      0/4(  0%)       0/4(  0%)
16:      0/24(  0%)     0/4(  0%)      0/4(  0%)       0/4(  0%)
17:      0/24(  0%)     0/4(  0%)      0/4(  0%)       0/4(  0%)
18:      0/24(  0%)     0/4(  0%)      0/4(  0%)       0/4(  0%)
19:      0/24(  0%)     0/4(  0%)      0/4(  0%)       0/4(  0%)
20:      0/24(  0%)     0/4(  0%)      0/4(  0%)       0/4(  0%)
21:      0/24(  0%)     0/4(  0%)      0/4(  0%)       0/4(  0%)
22:      0/24(  0%)     0/4(  0%)      0/4(  0%)       0/4(  0%)
23:      0/24(  0%)     0/4(  0%)      0/4(  0%)       0/4(  0%)
24:      0/24(  0%)     0/4(  0%)      0/4(  0%)       0/4(  0%)
EA:      0/24(  0%)     0/4(  0%)      0/4(  0%)       0/4(  0%)


Device-Specific Information:                              d:\finall\mux4_1.rpt
mux4_1

** EQUATIONS **

I10      : INPUT;
I11      : INPUT;
R00      : INPUT;
R01      : INPUT;
R02      : INPUT;
R03      : INPUT;
R04      : INPUT;
R05      : INPUT;
R06      : INPUT;
R07      : INPUT;
R10      : INPUT;
R11      : INPUT;
R12      : INPUT;
R13      : INPUT;
R14      : INPUT;
R15      : INPUT;
R16      : INPUT;
R17      : INPUT;
R20      : INPUT;
R21      : INPUT;
R22      : INPUT;
R23      : INPUT;
R24      : INPUT;
R25      : INPUT;
R26      : INPUT;
R27      : INPUT;
R30      : INPUT;
R31      : INPUT;
R32      : INPUT;
R33      : INPUT;
R34      : INPUT;
R35      : INPUT;
R36      : INPUT;
R37      : INPUT;

-- Node name is 'X0' 
-- Equation name is 'X0', type is output 
X0       =  _LC1_B7;

-- Node name is 'X1' 
-- Equation name is 'X1', type is output 
X1       =  _LC8_C8;

-- Node name is 'X2' 
-- Equation name is 'X2', type is output 
X2       =  _LC7_C8;

-- Node name is 'X3' 
-- Equation name is 'X3', type is output 
X3       =  _LC8_B7;

-- Node name is 'X4' 
-- Equation name is 'X4', type is output 
X4       =  _LC1_A8;

-- Node name is 'X5' 
-- Equation name is 'X5', type is output 
X5       =  _LC5_A8;

-- Node name is 'X6' 
-- Equation name is 'X6', type is output 
X6       =  _LC2_A8;

-- Node name is 'X7' 
-- Equation name is 'X7', type is output 
X7       =  _LC2_B7;

-- Node name is ':246' 
-- Equation name is '_LC7_B7', type is buried 
_LC7_B7  = LCELL( _EQ001);
  _EQ001 =  _LC5_B7
         #  I10 & !I11 &  R17;

-- Node name is ':248' 
-- Equation name is '_LC5_B7', type is buried 
_LC5_B7  = LCELL( _EQ002);
  _EQ002 = !I10 &  I11 &  R27
         #  I10 &  I11 &  R37
         # !I10 & !I11 &  R37;

-- Node name is ':252' 
-- Equation name is '_LC2_B7', type is buried 
_LC2_B7  = LCELL( _EQ003);
  _EQ003 =  I11 &  _LC7_B7
         #  I10 &  _LC7_B7
         # !I10 & !I11 &  R07;

-- Node name is ':261' 
-- Equation name is '_LC8_A8', type is buried 
_LC8_A8  = LCELL( _EQ004);
  _EQ004 =  _LC7_A8
         #  I10 & !I11 &  R16;

-- Node name is ':263' 
-- Equation name is '_LC7_A8', type is buried 
_LC7_A8  = LCELL( _EQ005);
  _EQ005 = !I10 &  I11 &  R26
         # !I10 & !I11 &  R36
         #  I10 &  I11 &  R36;

-- Node name is ':264' 
-- Equation name is '_LC2_A8', type is buried 
_LC2_A8  = LCELL( _EQ006);
  _EQ006 =  I11 &  _LC8_A8
         #  I10 &  _LC8_A8
         # !I10 & !I11 &  R06;

-- Node name is ':273' 
-- Equation name is '_LC6_A8', type is buried 
_LC6_A8  = LCELL( _EQ007);
  _EQ007 =  _LC4_A8
         #  I10 & !I11 &  R15;

-- Node name is ':275' 
-- Equation name is '_LC4_A8', type is buried 
_LC4_A8  = LCELL( _EQ008);
  _EQ008 = !I10 &  I11 &  R25
         # !I10 & !I11 &  R35
         #  I10 &  I11 &  R35;

-- Node name is ':276' 
-- Equation name is '_LC5_A8', type is buried 
_LC5_A8  = LCELL( _EQ009);
  _EQ009 =  I11 &  _LC6_A8
         #  I10 &  _LC6_A8
         # !I10 & !I11 &  R05;

-- Node name is ':285' 
-- Equation name is '_LC3_A8', type is buried 
_LC3_A8  = LCELL( _EQ010);
  _EQ010 =  _LC6_B7
         #  I10 & !I11 &  R14;

-- Node name is ':287' 
-- Equation name is '_LC6_B7', type is buried 
_LC6_B7  = LCELL( _EQ011);
  _EQ011 = !I10 &  I11 &  R24
         # !I10 & !I11 &  R34
         #  I10 &  I11 &  R34;

-- Node name is ':288' 
-- Equation name is '_LC1_A8', type is buried 
_LC1_A8  = LCELL( _EQ012);
  _EQ012 =  I11 &  _LC3_A8
         #  I10 &  _LC3_A8
         # !I10 & !I11 &  R04;

-- Node name is ':297' 
-- Equation name is '_LC4_B7', type is buried 
_LC4_B7  = LCELL( _EQ013);
  _EQ013 =  _LC3_B7
         #  I10 & !I11 &  R13;

-- Node name is ':299' 
-- Equation name is '_LC3_B7', type is buried 
_LC3_B7  = LCELL( _EQ014);
  _EQ014 = !I10 &  I11 &  R23
         # !I10 & !I11 &  R33
         #  I10 &  I11 &  R33;

-- Node name is ':300' 
-- Equation name is '_LC8_B7', type is buried 
_LC8_B7  = LCELL( _EQ015);
  _EQ015 =  I11 &  _LC4_B7
         #  I10 &  _LC4_B7
         # !I10 & !I11 &  R03;

-- Node name is ':309' 
-- Equation name is '_LC6_C8', type is buried 
_LC6_C8  = LCELL( _EQ016);
  _EQ016 =  _LC5_C8
         #  I10 & !I11 &  R12;

-- Node name is ':311' 
-- Equation name is '_LC5_C8', type is buried 
_LC5_C8  = LCELL( _EQ017);
  _EQ017 = !I10 &  I11 &  R22
         # !I10 & !I11 &  R32
         #  I10 &  I11 &  R32;

-- Node name is ':312' 
-- Equation name is '_LC7_C8', type is buried 
_LC7_C8  = LCELL( _EQ018);
  _EQ018 =  I11 &  _LC6_C8
         #  I10 &  _LC6_C8
         # !I10 & !I11 &  R02;

-- Node name is ':321' 
-- Equation name is '_LC4_C8', type is buried 
_LC4_C8  = LCELL( _EQ019);
  _EQ019 =  _LC3_C8
         #  I10 & !I11 &  R11;

-- Node name is ':323' 
-- Equation name is '_LC3_C8', type is buried 
_LC3_C8  = LCELL( _EQ020);
  _EQ020 = !I10 &  I11 &  R21
         # !I10 & !I11 &  R31
         #  I10 &  I11 &  R31;

-- Node name is ':324' 
-- Equation name is '_LC8_C8', type is buried 
_LC8_C8  = LCELL( _EQ021);
  _EQ021 =  I11 &  _LC4_C8
         #  I10 &  _LC4_C8
         # !I10 & !I11 &  R01;

-- Node name is ':333' 
-- Equation name is '_LC1_C8', type is buried 
_LC1_C8  = LCELL( _EQ022);
  _EQ022 =  _LC2_C8
         #  I10 & !I11 &  R10;

-- Node name is ':335' 
-- Equation name is '_LC2_C8', type is buried 
_LC2_C8  = LCELL( _EQ023);
  _EQ023 = !I10 &  I11 &  R20
         # !I10 & !I11 &  R30
         #  I10 &  I11 &  R30;

-- Node name is ':336' 
-- Equation name is '_LC1_B7', type is buried 
_LC1_B7  = LCELL( _EQ024);
  _EQ024 =  I11 &  _LC1_C8
         #  I10 &  _LC1_C8
         # !I10 & !I11 &  R00;



Project Information                                       d:\finall\mux4_1.rpt

** COMPILATION SETTINGS & TIMES **

Processing Menu Commands
------------------------

Design Doctor                             = off

Logic Synthesis:

   Synthesis Type Used                    = Multi-Level

   Default Synthesis Style                = NORMAL

      Logic option settings in 'NORMAL' style for 'ACEX1K' family

      CARRY_CHAIN                         = ignore
      CARRY_CHAIN_LENGTH                  = 32
      CASCADE_CHAIN                       = ignore
      CASCADE_CHAIN_LENGTH                = 2
      DECOMPOSE_GATES                     = on
      DUPLICATE_LOGIC_EXTRACTION          = on
      MINIMIZATION                        = full
      MULTI_LEVEL_FACTORING               = on
      NOT_GATE_PUSH_BACK                  = on
      REDUCE_LOGIC                        = on
      REFACTORIZATION                     = on
      REGISTER_OPTIMIZATION               = on
      RESYNTHESIZE_NETWORK                = on
      SLOW_SLEW_RATE                      = off
      SUBFACTOR_EXTRACTION                = on
      IGNORE_SOFT_BUFFERS                 = on
      USE_LPM_FOR_AHDL_OPERATORS          = off

   Other logic synthesis settings:

      Automatic Global Clock              = on
      Automatic Global Clear              = on
      Automatic Global Preset             = on
      Automatic Global Output Enable      = on
      Automatic Fast I/O                  = off
      Automatic Register Packing          = off
      Automatic Open-Drain Pins           = on
      Automatic Implement in EAB          = off
      Optimize                            = 5

Default Timing Specifications: None

Cut All Bidir Feedback Timing Paths       = on
Cut All Clear & Preset Timing Paths       = on

Ignore Timing Assignments                 = off

Functional SNF Extractor                  = off

Linked SNF Extractor                      = off
Timing SNF Extractor                      = on
Optimize Timing SNF                       = off
Generate AHDL TDO File                    = off
Fitter Settings                           = NORMAL
Use Quartus Fitter                        = on
Smart Recompile                           = off
Total Recompile                           = off

Interfaces Menu Commands
------------------------

EDIF Netlist Writer                       = off
Verilog Netlist Writer                    = off
VHDL Netlist Writer                       = off

Compilation Times
-----------------

   Compiler Netlist Extractor             00:00:00
   Database Builder                       00:00:00
   Logic Synthesizer                      00:00:00
   Partitioner                            00:00:00
   Fitter                                 00:00:01
   Timing SNF Extractor                   00:00:00
   Assembler                              00:00:00
   --------------------------             --------
   Total Time                             00:00:01


Memory Allocated
-----------------

Peak memory allocated during compilation  = 24,605K
