Project Information                                          d:\finall\rom.rpt

MAX+plus II Compiler Report File
Version 10.0 9/14/2000
Compiled: 09/07/2020 21:08:24

Copyright (C) 1988-2000 Altera Corporation
Any megafunction design, and related net list (encrypted or decrypted),
support information, device programming or simulation file, and any other
associated documentation or information provided by Altera or a partner
under Altera's Megafunction Partnership Program may be used only to
program PLD devices (but not masked PLD devices) from Altera.  Any other
use of such megafunction design, net list, support information, device
programming or simulation file, or any other related documentation or
information is prohibited for any other purpose, including, but not
limited to modification, reverse engineering, de-compiling, or use with
any other silicon devices, unless such use is explicitly licensed under
a separate agreement with Altera or a megafunction partner.  Title to
the intellectual property, including patents, copyrights, trademarks,
trade secrets, or maskworks, embodied in any such megafunction design,
net list, support information, device programming or simulation file, or
any other related documentation or information provided by Altera or a
megafunction partner, remains with Altera, the megafunction partner, or
their respective licensors.  No other licenses, including any licenses
needed under any third party's intellectual property, are provided herein.



***** Project compilation was successful


ROM


** DEVICE SUMMARY **

Chip/                     Input Output Bidir  Memory  Memory  			 LCs
POF       Device          Pins  Pins   Pins   Bits % Utilized  LCs  % Utilized

rom       EP1K10TC100-1    9      16     0    0         0  %    80       13 %

User Pins:                 9      16     0  



Project Information                                          d:\finall\rom.rpt

** PROJECT TIMING MESSAGES **

Warning: Timing characteristics of device EP1K10TC100-1 are preliminary


Device-Specific Information:                                 d:\finall\rom.rpt
rom

***** Logic for device 'rom' compiled without errors.




Device: EP1K10TC100-1

ACEX 1K Configuration Scheme: Passive Serial

Device Options:
    User-Supplied Start-Up Clock               = OFF
    Auto-Restart Configuration on Frame Error  = OFF
    Release Clears Before Tri-States           = OFF
    Enable Chip_Wide Reset                     = OFF
    Enable Chip-Wide Output Enable             = OFF
    Enable INIT_DONE Output                    = OFF
    JTAG User Code                             = 7f
    MultiVolt I/O                              = OFF
    Enable Lock Output                         = OFF

                                                                   
                                                                   
                  R     R   R             R R R R   R R R R R R    
                  E     E   E             E E E E   E E E E E E    
                  S D   S   S   V         S S S S   S S S S S S ^  
                  E O D E   E D C A   A   E E E E V E E E E E E D  
                # R U O R   R O C D C D   R R R R C R R R R R R A  
                T V T U V G V U I D S D G V V V V C V V V V V V T  
                C E 1 T E N E T N R _ R N E E E E I E E E E E E A  
                K D 0 4 D D D 1 T 3 I 0 D D D D D O D D D D D D 0  
              ----------------------------------------------------_ 
             / 100  98  96  94  92  90  88  86  84  82  80  78  76   |_ 
            /     99  97  95  93  91  89  87  85  83  81  79  77    | 
^CONF_DONE |  1                                                    75 | ^DCLK 
     ^nCEO |  2                                                    74 | ^nCE 
      #TDO |  3                                                    73 | #TDI 
     VCCIO |  4                                                    72 | VCCINT 
  RESERVED |  5                                                    71 | RESERVED 
  RESERVED |  6                                                    70 | RESERVED 
  RESERVED |  7                                                    69 | RESERVED 
  RESERVED |  8                                                    68 | DOUT6 
  RESERVED |  9                                                    67 | VCCIO 
  RESERVED | 10                                                    66 | GND 
       GND | 11                                                    65 | RESERVED 
    VCCINT | 12                                                    64 | RESERVED 
  RESERVED | 13                   EP1K10TC100-1                    63 | RESERVED 
     DOUT5 | 14                                                    62 | RESERVED 
  RESERVED | 15                                                    61 | RESERVED 
  RESERVED | 16                                                    60 | VCCINT 
     VCCIO | 17                                                    59 | GND 
       GND | 18                                                    58 | ADDR6 
     DOUT7 | 19                                                    57 | ADDR7 
     DOUT3 | 20                                                    56 | ADDR5 
    DOUT14 | 21                                                    55 | DOUT2 
     DOUT9 | 22                                                    54 | ^MSEL0 
    DOUT13 | 23                                                    53 | ^MSEL1 
      #TMS | 24                                                    52 | VCCINT 
  ^nSTATUS | 25                                                    51 | ^nCONFIG 
           |      27  29  31  33  35  37  39  41  43  45  47  49  _| 
            \   26  28  30  32  34  36  38  40  42  44  46  48  50   | 
             \----------------------------------------------------- 
                R D R R R D D D D V G V A A A G G R V R R R R R R  
                E O E E E O O O O C N C D D D N N E C E E E E E E  
                S U S S S U U U U C D C D D D D D S C S S S S S S  
                E T E E E T T T T I   _ R R R _   E I E E E E E E  
                R 1 R R R 1 8 0 1 N   C 1 4 2 C   R O R R R R R R  
                V 1 V V V 2     5 T   K       K   V   V V V V V V  
                E   E E E             L       L   E   E E E E E E  
                D   D D D             K       K   D   D D D D D D  
                                                                   
                                                                   


N.C. = No Connect. This pin has no internal connection to the device.
VCCINT = Dedicated power pin, which MUST be connected to VCC (2.5 volts).
VCCIO = Dedicated power pin, which MUST be connected to VCC (2.5 volts).
GND = Dedicated ground pin or unused dedicated input, which MUST be connected to GND.
RESERVED = Unused I/O pin, which MUST be left unconnected.

^ = Dedicated configuration pin.
+ = Reserved configuration pin, which is tri-stated during user mode.
* = Reserved configuration pin, which drives out in user mode.
PDn = Power Down pin. 
@ = Special-purpose pin. 
# = JTAG Boundary-Scan Testing/In-System Programming or Configuration Pin. The JTAG inputs TMS and TDI should be tied to VCC and TCK should be tied to GND when not in use.
& = JTAG pin used for I/O. When used as user I/O, JTAG pins must be kept stable before and during configuration.  JTAG pin stability prevents accidental loading of JTAG instructions.
$ = Pin has PCI I/O option enabled. Pin is neither '5.0 V'- nor '3.3 V'-tolerant. 


Device-Specific Information:                                 d:\finall\rom.rpt
rom

** RESOURCE USAGE **

Logic                Column       Row                                   
Array                Interconnect Interconnect         Clears/     External  
Block   Logic Cells  Driven       Driven       Clocks  Presets   Interconnect
C13      8/ 8(100%)   2/ 8( 25%)   2/ 8( 25%)    0/2    0/2      14/22( 63%)   
C14      8/ 8(100%)   0/ 8(  0%)   8/ 8(100%)    0/2    0/2       6/22( 27%)   
C15      8/ 8(100%)   2/ 8( 25%)   1/ 8( 12%)    0/2    0/2      13/22( 59%)   
C16      7/ 8( 87%)   0/ 8(  0%)   6/ 8( 75%)    0/2    0/2       8/22( 36%)   
C17      8/ 8(100%)   1/ 8( 12%)   2/ 8( 25%)    0/2    0/2      17/22( 77%)   
C18      8/ 8(100%)   0/ 8(  0%)   4/ 8( 50%)    0/2    0/2      17/22( 77%)   
C20      7/ 8( 87%)   0/ 8(  0%)   7/ 8( 87%)    0/2    0/2       4/22( 18%)   
C21      3/ 8( 37%)   0/ 8(  0%)   3/ 8( 37%)    0/2    0/2       3/22( 13%)   
C22      8/ 8(100%)   1/ 8( 12%)   5/ 8( 62%)    0/2    0/2      10/22( 45%)   
C23      8/ 8(100%)   2/ 8( 25%)   2/ 8( 25%)    0/2    0/2      15/22( 68%)   
C24      7/ 8( 87%)   0/ 8(  0%)   7/ 8( 87%)    0/2    0/2       7/22( 31%)   


Embedded             Column       Row                                   
Array     Embedded   Interconnect Interconnect         Read/      External  
Block     Cells      Driven       Driven       Clocks  Write    Interconnect


Total dedicated input pins used:                 6/6      (100%)
Total I/O pins used:                            19/60     ( 31%)
Total logic cells used:                         80/576    ( 13%)
Total embedded cells used:                       0/48     (  0%)
Total EABs used:                                 0/3      (  0%)
Average fan-in:                                 3.41/4    ( 85%)
Total fan-in:                                 273/2304    ( 11%)

Total input pins required:                       9
Total input I/O cell registers required:         0
Total output pins required:                     16
Total output I/O cell registers required:        0
Total buried I/O cell registers required:        0
Total bidirectional pins required:               0
Total reserved pins required                     0
Total logic cells required:                     80
Total flipflops required:                        0
Total packed registers required:                 0
Total logic cells in carry chains:               0
Total number of carry chains:                    0
Total logic cells in cascade chains:             0
Total number of cascade chains:                  0
Total single-pin Clock Enables required:         0
Total single-pin Output Enables required:        0

Synthesized logic cells:                        25/ 576   (  4%)

Logic Cell and Embedded Cell Counts

Column:  01  02  03  04  05  06  07  08  09  10  11  12  EA  13  14  15  16  17  18  19  20  21  22  23  24  Total(LC/EC)
 A:      0   0   0   0   0   0   0   0   0   0   0   0   0   0   0   0   0   0   0   0   0   0   0   0   0      0/0  
 B:      0   0   0   0   0   0   0   0   0   0   0   0   0   0   0   0   0   0   0   0   0   0   0   0   0      0/0  
 C:      0   0   0   0   0   0   0   0   0   0   0   0   0   8   8   8   7   8   8   0   7   3   8   8   7     80/0  

Total:   0   0   0   0   0   0   0   0   0   0   0   0   0   8   8   8   7   8   8   0   7   3   8   8   7     80/0  



Device-Specific Information:                                 d:\finall\rom.rpt
rom

** INPUTS **

                                                    Fan-In    Fan-Out
 Pin     LC     EC   Row  Col  Primitive    Code      INP  FBK  OUT  FBK  Name
  89      -     -    -    --      INPUT             ^    0    0    0   13  ADDR0
  38      -     -    -    --      INPUT             ^    0    0    0   24  ADDR1
  40      -     -    -    --      INPUT             ^    0    0    0   24  ADDR2
  91      -     -    -    --      INPUT             ^    0    0    0    5  ADDR3
  39      -     -    -    --      INPUT             ^    0    0    0    5  ADDR4
  56      -     -    C    --      INPUT             ^    0    0    0    1  ADDR5
  58      -     -    C    --      INPUT             ^    0    0    0    1  ADDR6
  57      -     -    C    --      INPUT             ^    0    0    0    1  ADDR7
  90      -     -    -    --      INPUT             ^    0    0    0    1  CS_I


Code:

s = Synthesized pin or logic cell
+ = Synchronous flipflop
/ = Slow slew-rate output
! = NOT gate push-back
r = Fitter-inserted logic cell
^ = Increased input delay
* = PCI I/O is enabled
@ = Uses single-pin Clock Enable
& = Uses single-pin Output Enable


Device-Specific Information:                                 d:\finall\rom.rpt
rom

** OUTPUTS **

       Fed By Fed By                                Fan-In    Fan-Out
 Pin     LC     EC   Row  Col  Primitive    Code      INP  FBK  OUT  FBK  Name
  33      -     -    -    15     OUTPUT                 0    1    0    0  DOUT0
  93      -     -    -    13     OUTPUT                 0    1    0    0  DOUT1
  55      -     -    C    --     OUTPUT                 0    1    0    0  DOUT2
  20      -     -    C    --     OUTPUT                 0    1    0    0  DOUT3
  97      -     -    -    23     OUTPUT                 0    1    0    0  DOUT4
  14      -     -    B    --     OUTPUT                 0    0    0    0  DOUT5
  68      -     -    A    --     OUTPUT                 0    0    0    0  DOUT6
  19      -     -    C    --     OUTPUT                 0    1    0    0  DOUT7
  32      -     -    -    16     OUTPUT                 0    1    0    0  DOUT8
  22      -     -    C    --     OUTPUT                 0    1    0    0  DOUT9
  98      -     -    -    24     OUTPUT                 0    1    0    0  DOUT10
  27      -     -    -    21     OUTPUT                 0    1    0    0  DOUT11
  31      -     -    -    17     OUTPUT                 0    1    0    0  DOUT12
  23      -     -    C    --     OUTPUT                 0    1    0    0  DOUT13
  21      -     -    C    --     OUTPUT                 0    1    0    0  DOUT14
  34      -     -    -    14     OUTPUT                 0    1    0    0  DOUT15


Code:

s = Synthesized pin or logic cell
+ = Synchronous flipflop
/ = Slow slew-rate output
! = NOT gate push-back
r = Fitter-inserted logic cell
^ = Increased input delay
* = PCI I/O is enabled
@ = Uses single-pin Clock Enable
& = Uses single-pin Output Enable


Device-Specific Information:                                 d:\finall\rom.rpt
rom

** BURIED LOGIC **

                                                    Fan-In    Fan-Out
 IOC     LC     EC   Row  Col  Primitive    Code      INP  FBK  OUT  FBK  Name
   -      4     -    C    14        OR2    s           2    0    0    5  ~105~1
   -      2     -    C    16        OR2        !       0    2    0    5  :105
   -      2     -    C    14       AND2                0    2    0    5  :116
   -      1     -    C    24        OR2        !       2    1    0    4  :127
   -      2     -    C    22        OR2        !       2    1    0    4  :138
   -      1     -    C    16        OR2    s           3    1    0    4  ~149~1
   -      8     -    C    24        OR2        !       2    1    0    4  :149
   -      4     -    C    24        OR2        !       2    1    0    4  :171
   -      3     -    C    16        OR2    s   !       3    1    0    6  ~182~1
   -      4     -    C    13        OR2        !       2    1    0    6  :182
   -      5     -    C    14       AND2                0    2    0    6  :204
   -      1     -    C    14        OR2        !       2    1    1    3  :215
   -      5     -    C    24        OR2        !       2    1    0    7  :226
   -      5     -    C    16        OR2    s           3    1    0    5  ~237~1
   -      7     -    C    14        OR2        !       2    1    0    7  :237
   -      2     -    C    24       AND2                2    1    0    9  :248
   -      6     -    C    14        OR2        !       2    1    0    8  :259
   -      7     -    C    16       AND2    s           4    0    0    5  ~270~1
   -      4     -    C    16       AND2    s           3    1    0    4  ~270~2
   -      3     -    C    24       AND2                2    1    0    8  :270
   -      3     -    C    20       AND2                3    1    0    4  :281
   -      6     -    C    16       AND2    s           2    1    0    9  ~325~1
   -      2     -    C    20       AND2                3    1    1    2  :325
   -      6     -    C    20       AND2                3    1    0    1  :336
   -      3     -    C    23       AND2                3    1    0    3  :347
   -      5     -    C    20        OR2    s   !       3    1    0    1  ~395~1
   -      5     -    C    13        OR2                3    1    0    1  :395
   -      7     -    C    13        OR2                0    4    0    1  :413
   -      8     -    C    13        OR2                0    4    0    1  :423
   -      1     -    C    17       AND2    s           0    2    0    3  ~491~1
   -      1     -    C    15       AND2    s           0    3    0    2  ~491~2
   -      6     -    C    13        OR2                0    4    1    0  :491
   -      8     -    C    23        OR2                0    4    0    1  :521
   -      5     -    C    23        OR2                0    4    0    1  :525
   -      3     -    C    14        OR2    s           0    4    0    4  ~545~1
   -      8     -    C    17       AND2                0    4    0    1  :545
   -      3     -    C    22       AND2    s   !       0    2    0    2  ~549~1
   -      4     -    C    17        OR2                0    4    1    0  :563
   -      4     -    C    20        OR2                3    1    0    1  :590
   -      7     -    C    18        OR2                0    3    0    1  :597
   -      2     -    C    18        OR2                0    3    0    1  :609
   -      7     -    C    22        OR2                0    4    0    1  :626
   -      6     -    C    22        OR2                0    4    1    0  :633
   -      1     -    C    20        OR2                3    1    0    1  :657
   -      2     -    C    17        OR2                0    3    0    1  :663
   -      3     -    C    17        OR2                0    4    0    1  :672
   -      7     -    C    17        OR2                2    2    0    1  :690
   -      5     -    C    17       AND2                0    4    0    1  :692
   -      6     -    C    17        OR2                0    4    1    0  :707
   -      7     -    C    23        OR2                0    4    0    1  :735
   -      1     -    C    22        OR2    s           2    2    0    4  ~770~1
   -      3     -    C    18       AND2    s           0    4    0    2  ~770~2
   -      2     -    C    23       AND2                0    4    0    1  :770
   -      4     -    C    21       AND2    s           0    2    0    6  ~779~1
   -      8     -    C    22        OR2                0    4    1    0  :779
   -      1     -    C    23       AND2    s           0    4    0    2  ~851~1
   -      6     -    C    23        OR2                0    4    1    0  :851
   -      6     -    C    24        OR2                0    4    0    1  :879
   -      4     -    C    18       AND2    s   !       0    3    0    2  ~891~1
   -      8     -    C    14        OR2    s           0    3    0    4  ~917~1
   -      5     -    C    22        OR2    s           2    2    0    2  ~917~2
   -      5     -    C    18       AND2    s           0    3    0    1  ~917~3
   -      6     -    C    18        OR2    s           0    4    0    1  ~917~4
   -      8     -    C    18        OR2                0    4    1    0  :923
   -      7     -    C    20        OR2                3    1    0    1  :945
   -      1     -    C    18       AND2    s           0    3    0    2  ~965~1
   -      6     -    C    15       AND2                0    4    0    1  :965
   -      8     -    C    15        OR2                0    4    0    1  :978
   -      7     -    C    15        OR2                0    4    1    0  :995
   -      4     -    C    23        OR2                0    3    1    0  :1283
   -      1     -    C    21       AND2        !       0    2    0    1  :1422
   -      7     -    C    21        OR2                0    3    1    0  :1427
   -      2     -    C    13        OR2                0    3    1    0  :1499
   -      3     -    C    13        OR2                0    3    0    1  :1532
   -      1     -    C    13        OR2                0    4    0    1  :1541
   -      4     -    C    15        OR2    s           0    2    0    2  ~1542~1
   -      4     -    C    22       AND2    s           0    2    0    4  ~1568~1
   -      2     -    C    15       AND2    s           0    2    0    1  ~1568~2
   -      5     -    C    15        OR2                0    4    0    1  :1568
   -      3     -    C    15        OR2                0    3    1    0  :1571


Code:

s = Synthesized pin or logic cell
+ = Synchronous flipflop
/ = Slow slew-rate output
! = NOT gate push-back
r = Fitter-inserted logic cell
^ = Increased input delay
* = PCI I/O is enabled
p = Packed register


Device-Specific Information:                                 d:\finall\rom.rpt
rom

** FASTTRACK INTERCONNECT UTILIZATION **

Row FastTrack Interconnect:

          Global         Left Half-      Right Half-
         FastTrack       FastTrack       FastTrack 
Row     Interconnect    Interconnect    Interconnect    Input Pins     Output Pins     Bidir Pins
A:       0/ 96(  0%)     0/ 48(  0%)     0/ 48(  0%)    0/16(  0%)      1/16(  6%)     0/16(  0%)
B:       0/ 96(  0%)     0/ 48(  0%)     0/ 48(  0%)    0/16(  0%)      1/16(  6%)     0/16(  0%)
C:      21/ 96( 21%)     0/ 48(  0%)    30/ 48( 62%)    3/16( 18%)      6/16( 37%)     0/16(  0%)


Column FastTrack Interconnect:

         FastTrack                                 
Column  Interconnect    Input Pins     Output Pins     Bidir Pins
01:      0/24(  0%)     0/4(  0%)      0/4(  0%)       0/4(  0%)
02:      0/24(  0%)     0/4(  0%)      0/4(  0%)       0/4(  0%)
03:      0/24(  0%)     0/4(  0%)      0/4(  0%)       0/4(  0%)
04:      0/24(  0%)     0/4(  0%)      0/4(  0%)       0/4(  0%)
05:      0/24(  0%)     0/4(  0%)      0/4(  0%)       0/4(  0%)
06:      0/24(  0%)     0/4(  0%)      0/4(  0%)       0/4(  0%)
07:      0/24(  0%)     0/4(  0%)      0/4(  0%)       0/4(  0%)
08:      0/24(  0%)     0/4(  0%)      0/4(  0%)       0/4(  0%)
09:      0/24(  0%)     0/4(  0%)      0/4(  0%)       0/4(  0%)
10:      0/24(  0%)     0/4(  0%)      0/4(  0%)       0/4(  0%)
11:      0/24(  0%)     0/4(  0%)      0/4(  0%)       0/4(  0%)
12:      0/24(  0%)     0/4(  0%)      0/4(  0%)       0/4(  0%)
13:      1/24(  4%)     0/4(  0%)      1/4( 25%)       0/4(  0%)
14:      1/24(  4%)     0/4(  0%)      1/4( 25%)       0/4(  0%)
15:      1/24(  4%)     0/4(  0%)      1/4( 25%)       0/4(  0%)
16:      1/24(  4%)     0/4(  0%)      1/4( 25%)       0/4(  0%)
17:      1/24(  4%)     0/4(  0%)      1/4( 25%)       0/4(  0%)
18:      0/24(  0%)     0/4(  0%)      0/4(  0%)       0/4(  0%)
19:      0/24(  0%)     0/4(  0%)      0/4(  0%)       0/4(  0%)
20:      0/24(  0%)     0/4(  0%)      0/4(  0%)       0/4(  0%)
21:      1/24(  4%)     0/4(  0%)      1/4( 25%)       0/4(  0%)
22:      0/24(  0%)     0/4(  0%)      0/4(  0%)       0/4(  0%)
23:      1/24(  4%)     0/4(  0%)      1/4( 25%)       0/4(  0%)
24:      1/24(  4%)     0/4(  0%)      1/4( 25%)       0/4(  0%)
EA:      0/24(  0%)     0/4(  0%)      0/4(  0%)       0/4(  0%)


Device-Specific Information:                                 d:\finall\rom.rpt
rom

** EQUATIONS **

ADDR0    : INPUT;
ADDR1    : INPUT;
ADDR2    : INPUT;
ADDR3    : INPUT;
ADDR4    : INPUT;
ADDR5    : INPUT;
ADDR6    : INPUT;
ADDR7    : INPUT;
CS_I     : INPUT;

-- Node name is 'DOUT0' 
-- Equation name is 'DOUT0', type is output 
DOUT0    =  _LC3_C15;

-- Node name is 'DOUT1' 
-- Equation name is 'DOUT1', type is output 
DOUT1    =  _LC2_C13;

-- Node name is 'DOUT2' 
-- Equation name is 'DOUT2', type is output 
DOUT2    =  _LC7_C21;

-- Node name is 'DOUT3' 
-- Equation name is 'DOUT3', type is output 
DOUT3    =  _LC2_C20;

-- Node name is 'DOUT4' 
-- Equation name is 'DOUT4', type is output 
DOUT4    =  _LC4_C23;

-- Node name is 'DOUT5' 
-- Equation name is 'DOUT5', type is output 
DOUT5    =  GND;

-- Node name is 'DOUT6' 
-- Equation name is 'DOUT6', type is output 
DOUT6    =  GND;

-- Node name is 'DOUT7' 
-- Equation name is 'DOUT7', type is output 
DOUT7    =  _LC1_C14;

-- Node name is 'DOUT8' 
-- Equation name is 'DOUT8', type is output 
DOUT8    =  _LC7_C15;

-- Node name is 'DOUT9' 
-- Equation name is 'DOUT9', type is output 
DOUT9    =  _LC8_C18;

-- Node name is 'DOUT10' 
-- Equation name is 'DOUT10', type is output 
DOUT10   =  _LC6_C23;

-- Node name is 'DOUT11' 
-- Equation name is 'DOUT11', type is output 
DOUT11   =  _LC8_C22;

-- Node name is 'DOUT12' 
-- Equation name is 'DOUT12', type is output 
DOUT12   =  _LC6_C17;

-- Node name is 'DOUT13' 
-- Equation name is 'DOUT13', type is output 
DOUT13   =  _LC6_C22;

-- Node name is 'DOUT14' 
-- Equation name is 'DOUT14', type is output 
DOUT14   =  _LC4_C17;

-- Node name is 'DOUT15' 
-- Equation name is 'DOUT15', type is output 
DOUT15   =  _LC6_C13;

-- Node name is '~105~1' 
-- Equation name is '~105~1', location is LC4_C14, type is buried.
-- synthesized logic cell 
_LC4_C14 = LCELL( _EQ001);
  _EQ001 =  ADDR1
         #  ADDR2;

-- Node name is ':105' 
-- Equation name is '_LC2_C16', type is buried 
!_LC2_C16 = _LC2_C16~NOT;
_LC2_C16~NOT = LCELL( _EQ002);
  _EQ002 =  _LC4_C14
         #  _LC1_C16;

-- Node name is ':116' 
-- Equation name is '_LC2_C14', type is buried 
_LC2_C14 = LCELL( _EQ003);
  _EQ003 =  _LC3_C16 & !_LC4_C14;

-- Node name is ':127' 
-- Equation name is '_LC1_C24', type is buried 
!_LC1_C24 = _LC1_C24~NOT;
_LC1_C24~NOT = LCELL( _EQ004);
  _EQ004 = !ADDR1
         #  ADDR2
         #  _LC1_C16;

-- Node name is ':138' 
-- Equation name is '_LC2_C22', type is buried 
!_LC2_C22 = _LC2_C22~NOT;
_LC2_C22~NOT = LCELL( _EQ005);
  _EQ005 = !ADDR1
         #  ADDR2
         # !_LC3_C16;

-- Node name is '~149~1' 
-- Equation name is '~149~1', location is LC1_C16, type is buried.
-- synthesized logic cell 
_LC1_C16 = LCELL( _EQ006);
  _EQ006 =  ADDR4
         # !_LC7_C16
         #  ADDR0
         #  ADDR3;

-- Node name is ':149' 
-- Equation name is '_LC8_C24', type is buried 
!_LC8_C24 = _LC8_C24~NOT;
_LC8_C24~NOT = LCELL( _EQ007);
  _EQ007 =  ADDR1
         # !ADDR2
         #  _LC1_C16;

-- Node name is ':171' 
-- Equation name is '_LC4_C24', type is buried 
!_LC4_C24 = _LC4_C24~NOT;
_LC4_C24~NOT = LCELL( _EQ008);
  _EQ008 =  _LC1_C16
         # !ADDR1
         # !ADDR2;

-- Node name is '~182~1' 
-- Equation name is '~182~1', location is LC3_C16, type is buried.
-- synthesized logic cell 
!_LC3_C16 = _LC3_C16~NOT;
_LC3_C16~NOT = LCELL( _EQ009);
  _EQ009 =  ADDR3
         # !ADDR0
         #  ADDR4
         # !_LC7_C16;

-- Node name is ':182' 
-- Equation name is '_LC4_C13', type is buried 
!_LC4_C13 = _LC4_C13~NOT;
_LC4_C13~NOT = LCELL( _EQ010);
  _EQ010 = !ADDR1
         # !ADDR2
         # !_LC3_C16;

-- Node name is ':204' 
-- Equation name is '_LC5_C14', type is buried 
_LC5_C14 = LCELL( _EQ011);
  _EQ011 = !_LC4_C14 &  _LC4_C16;

-- Node name is ':215' 
-- Equation name is '_LC1_C14', type is buried 
!_LC1_C14 = _LC1_C14~NOT;
_LC1_C14~NOT = LCELL( _EQ012);
  _EQ012 = !ADDR1
         #  ADDR2
         #  _LC5_C16;

-- Node name is ':226' 
-- Equation name is '_LC5_C24', type is buried 
!_LC5_C24 = _LC5_C24~NOT;
_LC5_C24~NOT = LCELL( _EQ013);
  _EQ013 = !ADDR1
         #  ADDR2
         # !_LC4_C16;

-- Node name is '~237~1' 
-- Equation name is '~237~1', location is LC5_C16, type is buried.
-- synthesized logic cell 
_LC5_C16 = LCELL( _EQ014);
  _EQ014 =  ADDR4
         # !_LC7_C16
         #  ADDR0
         # !ADDR3;

-- Node name is ':237' 
-- Equation name is '_LC7_C14', type is buried 
!_LC7_C14 = _LC7_C14~NOT;
_LC7_C14~NOT = LCELL( _EQ015);
  _EQ015 =  ADDR1
         # !ADDR2
         #  _LC5_C16;

-- Node name is ':248' 
-- Equation name is '_LC2_C24', type is buried 
_LC2_C24 = LCELL( _EQ016);
  _EQ016 = !ADDR1 &  ADDR2 &  _LC4_C16;

-- Node name is ':259' 
-- Equation name is '_LC6_C14', type is buried 
!_LC6_C14 = _LC6_C14~NOT;
_LC6_C14~NOT = LCELL( _EQ017);
  _EQ017 = !ADDR1
         # !ADDR2
         #  _LC5_C16;

-- Node name is '~270~1' 
-- Equation name is '~270~1', location is LC7_C16, type is buried.
-- synthesized logic cell 
_LC7_C16 = LCELL( _EQ018);
  _EQ018 = !ADDR5 & !ADDR6 & !ADDR7 & !CS_I;

-- Node name is '~270~2' 
-- Equation name is '~270~2', location is LC4_C16, type is buried.
-- synthesized logic cell 
_LC4_C16 = LCELL( _EQ019);
  _EQ019 =  ADDR0 &  ADDR3 & !ADDR4 &  _LC7_C16;

-- Node name is ':270' 
-- Equation name is '_LC3_C24', type is buried 
_LC3_C24 = LCELL( _EQ020);
  _EQ020 =  ADDR1 &  ADDR2 &  _LC4_C16;

-- Node name is ':281' 
-- Equation name is '_LC3_C20', type is buried 
_LC3_C20 = LCELL( _EQ021);
  _EQ021 = !ADDR0 & !ADDR1 & !ADDR2 &  _LC6_C16;

-- Node name is '~325~1' 
-- Equation name is '~325~1', location is LC6_C16, type is buried.
-- synthesized logic cell 
_LC6_C16 = LCELL( _EQ022);
  _EQ022 = !ADDR3 &  ADDR4 &  _LC7_C16;

-- Node name is ':325' 
-- Equation name is '_LC2_C20', type is buried 
_LC2_C20 = LCELL( _EQ023);
  _EQ023 = !ADDR0 & !ADDR1 &  ADDR2 &  _LC6_C16;

-- Node name is ':336' 
-- Equation name is '_LC6_C20', type is buried 
_LC6_C20 = LCELL( _EQ024);
  _EQ024 =  ADDR0 & !ADDR1 &  ADDR2 &  _LC6_C16;

-- Node name is ':347' 
-- Equation name is '_LC3_C23', type is buried 
_LC3_C23 = LCELL( _EQ025);
  _EQ025 = !ADDR0 &  ADDR1 &  ADDR2 &  _LC6_C16;

-- Node name is '~395~1' 
-- Equation name is '~395~1', location is LC5_C20, type is buried.
-- synthesized logic cell 
!_LC5_C20 = _LC5_C20~NOT;
_LC5_C20~NOT = LCELL( _EQ026);
  _EQ026 =  ADDR1 & !ADDR2 &  _LC6_C16
         #  ADDR0 & !ADDR2 &  _LC6_C16;

-- Node name is ':395' 
-- Equation name is '_LC5_C13', type is buried 
_LC5_C13 = LCELL( _EQ027);
  _EQ027 = !ADDR0 &  ADDR2 &  _LC6_C16
         # !ADDR1 &  ADDR2 &  _LC6_C16;

-- Node name is ':413' 
-- Equation name is '_LC7_C13', type is buried 
_LC7_C13 = LCELL( _EQ028);
  _EQ028 =  _LC5_C13 & !_LC6_C14
         #  _LC3_C20 & !_LC6_C14
         #  _LC3_C24 & !_LC6_C14;

-- Node name is ':423' 
-- Equation name is '_LC8_C13', type is buried 
_LC8_C13 = LCELL( _EQ029);
  _EQ029 =  _LC7_C13 & !_LC7_C14
         #  _LC2_C24 & !_LC7_C14
         #  _LC5_C24;

-- Node name is '~491~1' 
-- Equation name is '~491~1', location is LC1_C17, type is buried.
-- synthesized logic cell 
_LC1_C17 = LCELL( _EQ030);
  _EQ030 =  _LC4_C22 & !_LC8_C24;

-- Node name is '~491~2' 
-- Equation name is '~491~2', location is LC1_C15, type is buried.
-- synthesized logic cell 
_LC1_C15 = LCELL( _EQ031);
  _EQ031 =  _LC1_C17 &  _LC1_C22 &  _LC4_C21;

-- Node name is ':491' 
-- Equation name is '_LC6_C13', type is buried 
_LC6_C13 = LCELL( _EQ032);
  _EQ032 =  _LC1_C15 &  _LC3_C14 &  _LC8_C13
         #  _LC1_C15 &  _LC4_C13;

-- Node name is ':521' 
-- Equation name is '_LC8_C23', type is buried 
_LC8_C23 = LCELL( _EQ033);
  _EQ033 = !_LC3_C24 & !_LC5_C20
         #  _LC3_C23 & !_LC3_C24
         #  _LC3_C20 & !_LC3_C24;

-- Node name is ':525' 
-- Equation name is '_LC5_C23', type is buried 
_LC5_C23 = LCELL( _EQ034);
  _EQ034 = !_LC2_C24 &  _LC8_C23
         # !_LC2_C24 &  _LC6_C14
         #  _LC7_C14;

-- Node name is '~545~1' 
-- Equation name is '~545~1', location is LC3_C14, type is buried.
-- synthesized logic cell 
_LC3_C14 = LCELL( _EQ035);
  _EQ035 = !_LC1_C14 & !_LC5_C14 &  _LC5_C16
         # !_LC1_C14 &  _LC4_C14 & !_LC5_C14;

-- Node name is ':545' 
-- Equation name is '_LC8_C17', type is buried 
_LC8_C17 = LCELL( _EQ036);
  _EQ036 =  _LC3_C14 & !_LC4_C13 &  _LC5_C23 & !_LC5_C24;

-- Node name is '~549~1' 
-- Equation name is '~549~1', location is LC3_C22, type is buried.
-- synthesized logic cell 
!_LC3_C22 = _LC3_C22~NOT;
_LC3_C22~NOT = LCELL( _EQ037);
  _EQ037 = !_LC4_C24 &  _LC5_C22;

-- Node name is ':563' 
-- Equation name is '_LC4_C17', type is buried 
_LC4_C17 = LCELL( _EQ038);
  _EQ038 =  _LC4_C21 &  _LC4_C22 &  _LC8_C17
         #  _LC3_C22 &  _LC4_C21 &  _LC4_C22;

-- Node name is ':590' 
-- Equation name is '_LC4_C20', type is buried 
_LC4_C20 = LCELL( _EQ039);
  _EQ039 =  ADDR0 & !ADDR1 &  ADDR2 &  _LC6_C16
         #  ADDR0 &  ADDR1 & !ADDR2 &  _LC6_C16;

-- Node name is ':597' 
-- Equation name is '_LC7_C18', type is buried 
_LC7_C18 = LCELL( _EQ040);
  _EQ040 = !_LC1_C18
         #  _LC7_C14
         #  _LC4_C20;

-- Node name is ':609' 
-- Equation name is '_LC2_C18', type is buried 
_LC2_C18 = LCELL( _EQ041);
  _EQ041 = !_LC5_C24 &  _LC7_C18
         # !_LC3_C14;

-- Node name is ':626' 
-- Equation name is '_LC7_C22', type is buried 
_LC7_C22 = LCELL( _EQ042);
  _EQ042 =  _LC2_C18 & !_LC4_C13 &  _LC5_C22
         #  _LC4_C24 &  _LC5_C22;

-- Node name is ':633' 
-- Equation name is '_LC6_C22', type is buried 
_LC6_C22 = LCELL( _EQ043);
  _EQ043 = !_LC1_C24 &  _LC7_C22
         # !_LC1_C24 &  _LC2_C22
         # !_LC4_C21;

-- Node name is ':657' 
-- Equation name is '_LC1_C20', type is buried 
_LC1_C20 = LCELL( _EQ044);
  _EQ044 =  ADDR0 & !ADDR1 &  ADDR2 &  _LC6_C16
         # !ADDR0 & !ADDR2 &  _LC6_C16;

-- Node name is ':663' 
-- Equation name is '_LC2_C17', type is buried 
_LC2_C17 = LCELL( _EQ045);
  _EQ045 =  _LC1_C20 & !_LC3_C24
         #  _LC6_C14;

-- Node name is ':672' 
-- Equation name is '_LC3_C17', type is buried 
_LC3_C17 = LCELL( _EQ046);
  _EQ046 =  _LC2_C17 & !_LC2_C24 & !_LC7_C14
         #  _LC5_C24;

-- Node name is ':690' 
-- Equation name is '_LC7_C17', type is buried 
_LC7_C17 = LCELL( _EQ047);
  _EQ047 = !ADDR1 &  ADDR2 &  _LC3_C16
         #  _LC5_C17;

-- Node name is ':692' 
-- Equation name is '_LC5_C17', type is buried 
_LC5_C17 = LCELL( _EQ048);
  _EQ048 =  _LC3_C14 &  _LC3_C17 & !_LC4_C13 & !_LC4_C24;

-- Node name is ':707' 
-- Equation name is '_LC6_C17', type is buried 
_LC6_C17 = LCELL( _EQ049);
  _EQ049 =  _LC4_C21 &  _LC7_C17 & !_LC8_C24
         #  _LC4_C21 & !_LC4_C22;

-- Node name is ':735' 
-- Equation name is '_LC7_C23', type is buried 
_LC7_C23 = LCELL( _EQ050);
  _EQ050 =  _LC3_C23 & !_LC3_C24
         #  _LC3_C20 & !_LC3_C24
         #  _LC6_C14;

-- Node name is '~770~1' 
-- Equation name is '~770~1', location is LC1_C22, type is buried.
-- synthesized logic cell 
_LC1_C22 = LCELL( _EQ051);
  _EQ051 = !_LC3_C16 & !_LC4_C24
         #  ADDR1 & !_LC4_C24
         # !ADDR2 & !_LC4_C24;

-- Node name is '~770~2' 
-- Equation name is '~770~2', location is LC3_C18, type is buried.
-- synthesized logic cell 
_LC3_C18 = LCELL( _EQ052);
  _EQ052 =  _LC1_C22 & !_LC4_C18 &  _LC8_C14 & !_LC8_C24;

-- Node name is ':770' 
-- Equation name is '_LC2_C23', type is buried 
_LC2_C23 = LCELL( _EQ053);
  _EQ053 = !_LC2_C24 &  _LC3_C18 & !_LC5_C14 &  _LC7_C23;

-- Node name is '~779~1' 
-- Equation name is '~779~1', location is LC4_C21, type is buried.
-- synthesized logic cell 
_LC4_C21 = LCELL( _EQ054);
  _EQ054 = !_LC2_C14 & !_LC2_C16;

-- Node name is ':779' 
-- Equation name is '_LC8_C22', type is buried 
_LC8_C22 = LCELL( _EQ055);
  _EQ055 = !_LC1_C24 &  _LC2_C23 &  _LC4_C21
         # !_LC1_C24 &  _LC2_C22 &  _LC4_C21;

-- Node name is '~851~1' 
-- Equation name is '~851~1', location is LC1_C23, type is buried.
-- synthesized logic cell 
_LC1_C23 = LCELL( _EQ056);
  _EQ056 = !_LC1_C21 & !_LC2_C16 &  _LC3_C18 &  _LC4_C22;

-- Node name is ':851' 
-- Equation name is '_LC6_C23', type is buried 
_LC6_C23 = LCELL( _EQ057);
  _EQ057 =  _LC1_C23 & !_LC2_C24 &  _LC3_C23
         #  _LC1_C23 & !_LC2_C24 &  _LC6_C14;

-- Node name is ':879' 
-- Equation name is '_LC6_C24', type is buried 
_LC6_C24 = LCELL( _EQ058);
  _EQ058 =  _LC3_C20 & !_LC3_C24
         # !_LC3_C24 &  _LC6_C20
         #  _LC6_C14;

-- Node name is '~891~1' 
-- Equation name is '~891~1', location is LC4_C18, type is buried.
-- synthesized logic cell 
!_LC4_C18 = _LC4_C18~NOT;
_LC4_C18~NOT = LCELL( _EQ059);
  _EQ059 = !_LC1_C14 & !_LC5_C24 & !_LC7_C14;

-- Node name is '~917~1' 
-- Equation name is '~917~1', location is LC8_C14, type is buried.
-- synthesized logic cell 
_LC8_C14 = LCELL( _EQ060);
  _EQ060 = !_LC4_C13 &  _LC5_C16
         # !_LC4_C13 &  _LC4_C14;

-- Node name is '~917~2' 
-- Equation name is '~917~2', location is LC5_C22, type is buried.
-- synthesized logic cell 
_LC5_C22 = LCELL( _EQ061);
  _EQ061 =  ADDR1 & !_LC8_C24
         # !ADDR2 & !_LC8_C24
         # !_LC3_C16 & !_LC8_C24;

-- Node name is '~917~3' 
-- Equation name is '~917~3', location is LC5_C18, type is buried.
-- synthesized logic cell 
_LC5_C18 = LCELL( _EQ062);
  _EQ062 = !_LC2_C22 & !_LC3_C22 & !_LC5_C14;

-- Node name is '~917~4' 
-- Equation name is '~917~4', location is LC6_C18, type is buried.
-- synthesized logic cell 
_LC6_C18 = LCELL( _EQ063);
  _EQ063 = !_LC2_C24 &  _LC5_C18 &  _LC6_C24
         #  _LC4_C18 &  _LC5_C18;

-- Node name is ':923' 
-- Equation name is '_LC8_C18', type is buried 
_LC8_C18 = LCELL( _EQ064);
  _EQ064 =  _LC4_C21 &  _LC6_C18 &  _LC8_C14
         #  _LC1_C24 &  _LC4_C21;

-- Node name is ':945' 
-- Equation name is '_LC7_C20', type is buried 
_LC7_C20 = LCELL( _EQ065);
  _EQ065 =  ADDR1 & !ADDR2 &  _LC6_C16
         #  ADDR0 & !ADDR1 &  ADDR2 &  _LC6_C16
         # !ADDR0 & !ADDR2 &  _LC6_C16;

-- Node name is '~965~1' 
-- Equation name is '~965~1', location is LC1_C18, type is buried.
-- synthesized logic cell 
_LC1_C18 = LCELL( _EQ066);
  _EQ066 = !_LC2_C24 & !_LC3_C24 & !_LC6_C14;

-- Node name is ':965' 
-- Equation name is '_LC6_C15', type is buried 
_LC6_C15 = LCELL( _EQ067);
  _EQ067 =  _LC1_C18 & !_LC5_C24 & !_LC7_C14 &  _LC7_C20;

-- Node name is ':978' 
-- Equation name is '_LC8_C15', type is buried 
_LC8_C15 = LCELL( _EQ068);
  _EQ068 =  _LC6_C15 &  _LC8_C14
         #  _LC4_C15 &  _LC8_C14
         # !_LC1_C22;

-- Node name is ':995' 
-- Equation name is '_LC7_C15', type is buried 
_LC7_C15 = LCELL( _EQ069);
  _EQ069 =  _LC1_C17 & !_LC2_C16 &  _LC8_C15
         #  _LC2_C14 & !_LC2_C16;

-- Node name is ':1283' 
-- Equation name is '_LC4_C23', type is buried 
_LC4_C23 = LCELL( _EQ070);
  _EQ070 =  _LC1_C23 &  _LC2_C24
         #  _LC1_C23 &  _LC3_C24;

-- Node name is ':1422' 
-- Equation name is '_LC1_C21', type is buried 
!_LC1_C21 = _LC1_C21~NOT;
_LC1_C21~NOT = LCELL( _EQ071);
  _EQ071 = !_LC2_C14 & !_LC5_C14;

-- Node name is ':1427' 
-- Equation name is '_LC7_C21', type is buried 
_LC7_C21 = LCELL( _EQ072);
  _EQ072 =  _LC2_C14 & !_LC2_C16
         # !_LC2_C16 &  _LC5_C14;

-- Node name is ':1499' 
-- Equation name is '_LC2_C13', type is buried 
_LC2_C13 = LCELL( _EQ073);
  _EQ073 =  _LC1_C15 &  _LC2_C20
         #  _LC1_C15 &  _LC4_C13;

-- Node name is ':1532' 
-- Equation name is '_LC3_C13', type is buried 
_LC3_C13 = LCELL( _EQ074);
  _EQ074 =  _LC3_C24 & !_LC6_C14
         #  _LC2_C20 & !_LC6_C14;

-- Node name is ':1541' 
-- Equation name is '_LC1_C13', type is buried 
_LC1_C13 = LCELL( _EQ075);
  _EQ075 =  _LC2_C24 & !_LC5_C24 & !_LC7_C14
         #  _LC3_C13 & !_LC5_C24 & !_LC7_C14;

-- Node name is '~1542~1' 
-- Equation name is '~1542~1', location is LC4_C15, type is buried.
-- synthesized logic cell 
_LC4_C15 = LCELL( _EQ076);
  _EQ076 =  _LC5_C14
         #  _LC1_C14;

-- Node name is '~1568~1' 
-- Equation name is '~1568~1', location is LC4_C22, type is buried.
-- synthesized logic cell 
_LC4_C22 = LCELL( _EQ077);
  _EQ077 = !_LC1_C24 & !_LC2_C22;

-- Node name is '~1568~2' 
-- Equation name is '~1568~2', location is LC2_C15, type is buried.
-- synthesized logic cell 
_LC2_C15 = LCELL( _EQ078);
  _EQ078 =  _LC1_C17 &  _LC1_C22;

-- Node name is ':1568' 
-- Equation name is '_LC5_C15', type is buried 
_LC5_C15 = LCELL( _EQ079);
  _EQ079 =  _LC2_C15 &  _LC4_C15 &  _LC8_C14
         #  _LC1_C13 &  _LC2_C15 &  _LC8_C14;

-- Node name is ':1571' 
-- Equation name is '_LC3_C15', type is buried 
_LC3_C15 = LCELL( _EQ080);
  _EQ080 =  _LC2_C14 & !_LC2_C16
         # !_LC2_C16 &  _LC5_C15;



Project Information                                          d:\finall\rom.rpt

** COMPILATION SETTINGS & TIMES **

Processing Menu Commands
------------------------

Design Doctor                             = off

Logic Synthesis:

   Synthesis Type Used                    = Multi-Level

   Default Synthesis Style                = NORMAL

      Logic option settings in 'NORMAL' style for 'ACEX1K' family

      CARRY_CHAIN                         = ignore
      CARRY_CHAIN_LENGTH                  = 32
      CASCADE_CHAIN                       = ignore
      CASCADE_CHAIN_LENGTH                = 2
      DECOMPOSE_GATES                     = on
      DUPLICATE_LOGIC_EXTRACTION          = on
      MINIMIZATION                        = full
      MULTI_LEVEL_FACTORING               = on
      NOT_GATE_PUSH_BACK                  = on
      REDUCE_LOGIC                        = on
      REFACTORIZATION                     = on
      REGISTER_OPTIMIZATION               = on
      RESYNTHESIZE_NETWORK                = on
      SLOW_SLEW_RATE                      = off
      SUBFACTOR_EXTRACTION                = on
      IGNORE_SOFT_BUFFERS                 = on
      USE_LPM_FOR_AHDL_OPERATORS          = off

   Other logic synthesis settings:

      Automatic Global Clock              = on
      Automatic Global Clear              = on
      Automatic Global Preset             = on
      Automatic Global Output Enable      = on
      Automatic Fast I/O                  = off
      Automatic Register Packing          = off
      Automatic Open-Drain Pins           = on
      Automatic Implement in EAB          = off
      Optimize                            = 5

Default Timing Specifications: None

Cut All Bidir Feedback Timing Paths       = on
Cut All Clear & Preset Timing Paths       = on

Ignore Timing Assignments                 = off

Functional SNF Extractor                  = off

Linked SNF Extractor                      = off
Timing SNF Extractor                      = on
Optimize Timing SNF                       = off
Generate AHDL TDO File                    = off
Fitter Settings                           = NORMAL
Use Quartus Fitter                        = on
Smart Recompile                           = off
Total Recompile                           = off

Interfaces Menu Commands
------------------------

EDIF Netlist Writer                       = off
Verilog Netlist Writer                    = off
VHDL Netlist Writer                       = off

Compilation Times
-----------------

   Compiler Netlist Extractor             00:00:00
   Database Builder                       00:00:00
   Logic Synthesizer                      00:00:00
   Partitioner                            00:00:00
   Fitter                                 00:00:01
   Timing SNF Extractor                   00:00:00
   Assembler                              00:00:00
   --------------------------             --------
   Total Time                             00:00:01


Memory Allocated
-----------------

Peak memory allocated during compilation  = 27,917K
